C:\lscc\diamond\3.10_x64\synpbase\bin64\c_vhdl.exe  -osyn  "F:\Practicas de Entrenamiento\lcdram00\lcdram00\synwork\lcdram00_lcdram00_hdl_.srs"  -top  topram00  -prodtype  synplify_pro  -dspmac -fixsmult -infer_seqShift -nram -sdff_counter -divnmod -nostructver  -encrypt  -pro  -dmgen  "F:\Practicas de Entrenamiento\lcdram00\lcdram00\dm"  -lite -ui -fid2 -ram -sharing on -ll 2000 -autosm  -ignore_undefined_lib  -lib work C:\lscc\diamond\3.10_x64\cae_library\synthesis\vhdl\machxo2.vhd -lib work "F:\Practicas de Entrenamiento\lcdram00vhdl\coder00.vhdl" -lib work "F:\Practicas de Entrenamiento\lcdram00vhdl\contReadRa00.vhdl" -lib work "F:\Practicas de Entrenamiento\lcdram00vhdl\contring00.vhdl" -lib work "F:\Practicas de Entrenamiento\lcdram00vhdl\div00.vhdl" -lib work "F:\Practicas de Entrenamiento\lcdram00vhdl\lcdconfig00.vhdl" -lib work "F:\Practicas de Entrenamiento\lcdram00vhdl\lcdcontconfig00.vhdl" -lib work "F:\Practicas de Entrenamiento\lcdram00vhdl\muxra00.vhdl" -lib work "F:\Practicas de Entrenamiento\lcdram00vhdl\osc00.vhdl" -lib work "F:\Practicas de Entrenamiento\lcdram00vhdl\packageosc00.vhdl" -lib work "F:\Practicas de Entrenamiento\lcdram00vhdl\packageram00.vhdl" -lib work "F:\Practicas de Entrenamiento\lcdram00vhdl\ram00.vhdl" -lib work "F:\Practicas de Entrenamiento\lcdram00vhdl\toposc00.vhdl" -lib work "F:\Practicas de Entrenamiento\lcdram00vhdl\topram00.vhdl"  -log  "F:\Practicas de Entrenamiento\lcdram00\lcdram00\syntax.log"  -fileorder  "F:\Practicas de Entrenamiento\lcdram00\lcdram00\syntmp\hdlorder.tcl"  -jobname  "hdl_info_gen" 
relcom:C:\lscc\diamond\3.10_x64\synpbase\bin64\c_vhdl.exe -osyn "F:\Practicas de Entrenamiento\lcdram00\lcdram00\synwork\lcdram00_lcdram00_hdl_.srs" -top topram00 -prodtype synplify_pro -dspmac -fixsmult -infer_seqShift -nram -sdff_counter -divnmod -nostructver -encrypt -pro -dmgen "F:\Practicas de Entrenamiento\lcdram00\lcdram00\dm" -lite -ui -fid2 -ram -sharing on -ll 2000 -autosm -ignore_undefined_lib -lib work C:\lscc\diamond\3.10_x64\cae_library\synthesis\vhdl\machxo2.vhd -lib work "F:\Practicas de Entrenamiento\lcdram00vhdl\coder00.vhdl" -lib work "F:\Practicas de Entrenamiento\lcdram00vhdl\contReadRa00.vhdl" -lib work "F:\Practicas de Entrenamiento\lcdram00vhdl\contring00.vhdl" -lib work "F:\Practicas de Entrenamiento\lcdram00vhdl\div00.vhdl" -lib work "F:\Practicas de Entrenamiento\lcdram00vhdl\lcdconfig00.vhdl" -lib work "F:\Practicas de Entrenamiento\lcdram00vhdl\lcdcontconfig00.vhdl" -lib work "F:\Practicas de Entrenamiento\lcdram00vhdl\muxra00.vhdl" -lib work "F:\Practicas de Entrenamiento\lcdram00vhdl\osc00.vhdl" -lib work "F:\Practicas de Entrenamiento\lcdram00vhdl\packageosc00.vhdl" -lib work "F:\Practicas de Entrenamiento\lcdram00vhdl\packageram00.vhdl" -lib work "F:\Practicas de Entrenamiento\lcdram00vhdl\ram00.vhdl" -lib work "F:\Practicas de Entrenamiento\lcdram00vhdl\toposc00.vhdl" -lib work "F:\Practicas de Entrenamiento\lcdram00vhdl\topram00.vhdl" -log "F:\Practicas de Entrenamiento\lcdram00\lcdram00\syntax.log" -fileorder "F:\Practicas de Entrenamiento\lcdram00\lcdram00\syntmp\hdlorder.tcl" -jobname "hdl_info_gen"
rc:0 success:1 runtime:3
file:..\synwork\lcdram00_lcdram00_hdl_.srs|io:o|time:0|size:0|exec:0|csum:
file:C:\lscc\diamond\3.10_x64\cae_library\synthesis\vhdl\machxo2.vhd|io:i|time:1493331104|size:73964|exec:0|csum:CFF92E93E4FE354031DBB4E0E47DD4A6
file:..\..\..\lcdram00vhdl\coder00.vhdl|io:i|time:1512671848|size:4642|exec:0|csum:1C61D8FCADBD8F3AF9E79389569DFBBC
file:..\..\..\lcdram00vhdl\contReadRa00.vhdl|io:i|time:1512671898|size:1354|exec:0|csum:78A627F23B02DFCB7A78F37B65F3D7E9
file:..\..\..\lcdram00vhdl\contring00.vhdl|io:i|time:1512671906|size:797|exec:0|csum:E1B513872306083A6DA7AB8EA1096B39
file:..\..\..\lcdram00vhdl\div00.vhdl|io:i|time:1512671916|size:1829|exec:0|csum:5DA25B55AB82BCA2FD6F1FAF0A213321
file:..\..\..\lcdram00vhdl\lcdconfig00.vhdl|io:i|time:1512671922|size:3254|exec:0|csum:ABB1422FDE9152020590182FBA6C0D13
file:..\..\..\lcdram00vhdl\lcdcontconfig00.vhdl|io:i|time:1512671984|size:940|exec:0|csum:9EBF3DE4FAF2F5265BC0159801D4BDD4
file:..\..\..\lcdram00vhdl\muxra00.vhdl|io:i|time:1512671992|size:1296|exec:0|csum:A7C2EB5817F63FB1A993DED772983389
file:..\..\..\lcdram00vhdl\osc00.vhdl|io:i|time:1512672004|size:521|exec:0|csum:4107C9ACDE305EA1ECFF299ED0C7B1A8
file:..\..\..\lcdram00vhdl\packageosc00.vhdl|io:i|time:1512672018|size:407|exec:0|csum:84966BF2FC69079321781A87585EA04E
file:..\..\..\lcdram00vhdl\packageram00.vhdl|io:i|time:1512672038|size:2704|exec:0|csum:F9FD7C68747FADF4FFA94C271784035D
file:..\..\..\lcdram00vhdl\ram00.vhdl|io:i|time:1512672046|size:1195|exec:0|csum:1EDD6873AEBCA5F0A1E0810417F59BD8
file:..\..\..\lcdram00vhdl\toposc00.vhdl|io:i|time:1512672054|size:530|exec:0|csum:63DDE4866C7DBBF5BA3ABD2D732DD47A
file:..\..\..\lcdram00vhdl\topram00.vhdl|io:i|time:1528990532|size:3441|exec:0|csum:6164866F611245E307248B386FEC4A62
file:..\syntax.log|io:o|time:1528990562|size:995|exec:0|csum:
file:C:\lscc\diamond\3.10_x64\synpbase\bin64\c_vhdl.exe|io:i|time:1501913710|size:5913600|exec:1|csum:93E5DE52AE488E4DC33E43C149B8DA6C
