Running in Lattice mode


Starting:    C:\lscc\diamond\3.9_x64\synpbase\bin64\mbin\synbatch.exe
Install:     C:\lscc\diamond\3.9_x64\synpbase
Hostname:    ALEJANDROBE
Date:        Sun Aug 20 19:01:23 2017
Version:     L-2016.09L

Arguments:   -product synplify_pro -batch prueba2_prueba2_synplify.tcl
ProductType: synplify_pro





Technology initialized from device list to: LATTICE-XP

log file: "C:\Users\Alejandro\Desktop\5to semestre\Arquitectura de Computadoras\prueba\prueba2\prueba2_prueba2.srr"

Running: hdl_info_gen in foreground



Generating HDL info...


hdl_info_gen completed
# Sun Aug 20 19:01:24 2017

Return Code: 0
Run Time:00h:00m:01s

log file: "C:\Users\Alejandro\Desktop\5to semestre\Arquitectura de Computadoras\prueba\prueba2\prueba2_prueba2.srr"

Running: prueba2 in foreground



Running proj_1|prueba2


Running: compile (Compile) on proj_1|prueba2
# Sun Aug 20 19:01:24 2017


Running: compile_flow (Compile Process) on proj_1|prueba2
# Sun Aug 20 19:01:24 2017


Running: compiler (Compile Input) on proj_1|prueba2
# Sun Aug 20 19:01:24 2017

Copied C:\Users\Alejandro\Desktop\5to semestre\Arquitectura de Computadoras\prueba\prueba2\synwork\prueba2_prueba2_comp.srs to C:\Users\Alejandro\Desktop\5to semestre\Arquitectura de Computadoras\prueba\prueba2\prueba2_prueba2.srs


compiler completed
# Sun Aug 20 19:01:25 2017

Return Code: 0
Run Time:00h:00m:01s


Running: multi_srs_gen (Multi-srs Generator) on proj_1|prueba2
# Sun Aug 20 19:01:25 2017


multi_srs_gen completed
# Sun Aug 20 19:01:26 2017

Return Code: 0
Run Time:00h:00m:01s

Copied C:\Users\Alejandro\Desktop\5to semestre\Arquitectura de Computadoras\prueba\prueba2\synwork\prueba2_prueba2_mult.srs to C:\Users\Alejandro\Desktop\5to semestre\Arquitectura de Computadoras\prueba\prueba2\prueba2_prueba2.srs

Copied C:\Users\Alejandro\Desktop\5to semestre\Arquitectura de Computadoras\prueba\prueba2\prueba2_prueba2.srr to C:\Users\Alejandro\Desktop\5to semestre\Arquitectura de Computadoras\prueba\prueba2\prueba2_prueba2.srf

Complete: Compile Process on proj_1|prueba2


Running: premap (Pre-mapping) on proj_1|prueba2
# Sun Aug 20 19:01:26 2017


premap completed
# Sun Aug 20 19:01:26 2017

Return Code: 0
Run Time:00h:00m:00s

Complete: Compile on proj_1|prueba2


Running: map (Map) on proj_1|prueba2
# Sun Aug 20 19:01:26 2017

License granted for 4 parallel jobs


Running: fpga_mapper (Map & Optimize) on proj_1|prueba2
# Sun Aug 20 19:01:26 2017

Copied C:\Users\Alejandro\Desktop\5to semestre\Arquitectura de Computadoras\prueba\prueba2\synwork\prueba2_prueba2_m.srm to C:\Users\Alejandro\Desktop\5to semestre\Arquitectura de Computadoras\prueba\prueba2\prueba2_prueba2.srm


fpga_mapper completed
# Sun Aug 20 19:01:27 2017

Return Code: 0
Run Time:00h:00m:01s

Complete: Map on proj_1|prueba2

Copied C:\Users\Alejandro\Desktop\5to semestre\Arquitectura de Computadoras\prueba\prueba2\prueba2_prueba2.srr to C:\Users\Alejandro\Desktop\5to semestre\Arquitectura de Computadoras\prueba\prueba2\prueba2_prueba2.srf

Complete: Logic Synthesis on proj_1|prueba2

TCL script complete: "prueba2_prueba2_synplify.tcl"

exit status=0

exit status=0

Save changes for project:
C:\Users\Alejandro\Desktop\5to semestre\Arquitectura de Computadoras\prueba\prueba2\proj_1.prj

batch mode default:no

