
        Lattice Mapping Report File for Design Module 'topmult8bit00'


Design Information
------------------

Command line:   map -a MachXO2 -p LCMXO2-7000HE -t TQFP144 -s 5 -oc Commercial
     mult8bit00_mult8bit00.ngd -o mult8bit00_mult8bit00_map.ncd -pr
     mult8bit00_mult8bit00.prf -mp mult8bit00_mult8bit00.mrp -lpf
     C:/Users/Alejandro/Desktop/5to semestre/Arquitectura de
     Computadoras/Practicas de
     Entrenamiento/mult8bit00/mult8bit00/mult8bit00_mult8bit00_synplify.lpf -lpf
     C:/Users/Alejandro/Desktop/5to semestre/Arquitectura de
     Computadoras/Practicas de Entrenamiento/mult8bit00/mult8bit00.lpf -c 0 -gui
     -msgset C:/Users/Alejandro/Desktop/5to semestre/Arquitectura de
     Computadoras/Practicas de Entrenamiento/mult8bit00/promote.xml 
Target Vendor:  LATTICE
Target Device:  LCMXO2-7000HETQFP144
Target Performance:   5
Mapper:  xo2c00,  version:  Diamond (64-bit) 3.9.0.99.2
Mapped on:  09/29/17  11:31:28

Design Summary
--------------

   Number of registers:      0 out of  7209 (0%)
      PFU registers:            0 out of  6864 (0%)
      PIO registers:            0 out of   345 (0%)
   Number of SLICEs:        59 out of  3432 (2%)
      SLICEs as Logic/ROM:     59 out of  3432 (2%)
      SLICEs as RAM:            0 out of  2574 (0%)
      SLICEs as Carry:          0 out of  3432 (0%)
   Number of LUT4s:        118 out of  6864 (2%)
      Number used as logic LUTs:        118
      Number used as distributed RAM:     0
      Number used as ripple logic:        0
      Number used as shift registers:     0
   Number of PIO sites used: 32 + 4(JTAG) out of 115 (31%)
   Number of block RAMs:  0 out of 26 (0%)
   Number of GSRs:  0 out of 1 (0%)
   EFB used :       No
   JTAG used :      No
   Readback used :  No
   Oscillator used :  No
   Startup used :   No
   POR :            On
   Bandgap :        On
   Number of Power Controller:  0 out of 1 (0%)
   Number of Dynamic Bank Controller (BCINRD):  0 out of 6 (0%)
   Number of Dynamic Bank Controller (BCLVDSO):  0 out of 1 (0%)
   Number of DCCA:  0 out of 8 (0%)
   Number of DCMA:  0 out of 2 (0%)
   Number of PLLs:  0 out of 2 (0%)
   Number of DQSDLLs:  0 out of 2 (0%)
   Number of CLKDIVC:  0 out of 4 (0%)
   Number of ECLKSYNCA:  0 out of 4 (0%)
   Number of ECLKBRIDGECS:  0 out of 2 (0%)
   Notes:-
      1. Total number of LUT4s = (Number of logic LUT4s) + 2*(Number of
     distributed RAMs) + 2*(Number of ripple logic)
      2. Number of logic LUT4s does not include count of distributed RAM and

                                    Page 1




Design:  topmult8bit00                                 Date:  09/29/17  11:31:28

Design Summary (cont)
---------------------
     ripple logic.
   Number of clocks:  0
   Number of Clock Enables:  0
   Number of LSRs:  0
   Number of nets driven by tri-state buffers:  0
   Top 10 highest fanout non-clock nets:
     Net Am8_c[1]: 16 loads
     Net Am8_c[3]: 16 loads
     Net Am8_c[7]: 16 loads
     Net Bm8_c[2]: 16 loads
     Net Bm8_c[3]: 16 loads
     Net Bm8_c[5]: 16 loads
     Net Bm8_c[6]: 16 loads
     Net Bm8_c[7]: 16 loads
     Net Am8_c[0]: 15 loads
     Net Am8_c[4]: 15 loads




   Number of warnings:  0
   Number of errors:    0
     

Design Errors/Warnings
----------------------

   No errors or warnings present.

IO (PIO) Attributes
-------------------

+---------------------+-----------+-----------+------------+
| IO Name             | Direction | Levelmode | IO         |
|                     |           |  IO_TYPE  | Register   |
+---------------------+-----------+-----------+------------+
| Rm8[0]              | OUTPUT    | LVCMOS25  |            |
+---------------------+-----------+-----------+------------+
| Am8[0]              | INPUT     | LVCMOS25  |            |
+---------------------+-----------+-----------+------------+
| Rm8[15]             | OUTPUT    | LVCMOS25  |            |
+---------------------+-----------+-----------+------------+
| Rm8[14]             | OUTPUT    | LVCMOS25  |            |
+---------------------+-----------+-----------+------------+
| Rm8[13]             | OUTPUT    | LVCMOS25  |            |
+---------------------+-----------+-----------+------------+
| Rm8[12]             | OUTPUT    | LVCMOS25  |            |
+---------------------+-----------+-----------+------------+
| Rm8[11]             | OUTPUT    | LVCMOS25  |            |
+---------------------+-----------+-----------+------------+
| Rm8[10]             | OUTPUT    | LVCMOS25  |            |
+---------------------+-----------+-----------+------------+
| Rm8[9]              | OUTPUT    | LVCMOS25  |            |
+---------------------+-----------+-----------+------------+
| Rm8[8]              | OUTPUT    | LVCMOS25  |            |
+---------------------+-----------+-----------+------------+

                                    Page 2




Design:  topmult8bit00                                 Date:  09/29/17  11:31:28

IO (PIO) Attributes (cont)
--------------------------
| Rm8[7]              | OUTPUT    | LVCMOS25  |            |
+---------------------+-----------+-----------+------------+
| Rm8[6]              | OUTPUT    | LVCMOS25  |            |
+---------------------+-----------+-----------+------------+
| Rm8[5]              | OUTPUT    | LVCMOS25  |            |
+---------------------+-----------+-----------+------------+
| Rm8[4]              | OUTPUT    | LVCMOS25  |            |
+---------------------+-----------+-----------+------------+
| Rm8[3]              | OUTPUT    | LVCMOS25  |            |
+---------------------+-----------+-----------+------------+
| Rm8[2]              | OUTPUT    | LVCMOS25  |            |
+---------------------+-----------+-----------+------------+
| Rm8[1]              | OUTPUT    | LVCMOS25  |            |
+---------------------+-----------+-----------+------------+
| Bm8[7]              | INPUT     | LVCMOS25  |            |
+---------------------+-----------+-----------+------------+
| Bm8[6]              | INPUT     | LVCMOS25  |            |
+---------------------+-----------+-----------+------------+
| Bm8[5]              | INPUT     | LVCMOS25  |            |
+---------------------+-----------+-----------+------------+
| Bm8[4]              | INPUT     | LVCMOS25  |            |
+---------------------+-----------+-----------+------------+
| Bm8[3]              | INPUT     | LVCMOS25  |            |
+---------------------+-----------+-----------+------------+
| Bm8[2]              | INPUT     | LVCMOS25  |            |
+---------------------+-----------+-----------+------------+
| Bm8[1]              | INPUT     | LVCMOS25  |            |
+---------------------+-----------+-----------+------------+
| Bm8[0]              | INPUT     | LVCMOS25  |            |
+---------------------+-----------+-----------+------------+
| Am8[7]              | INPUT     | LVCMOS25  |            |
+---------------------+-----------+-----------+------------+
| Am8[6]              | INPUT     | LVCMOS25  |            |
+---------------------+-----------+-----------+------------+
| Am8[5]              | INPUT     | LVCMOS25  |            |
+---------------------+-----------+-----------+------------+
| Am8[4]              | INPUT     | LVCMOS25  |            |
+---------------------+-----------+-----------+------------+
| Am8[3]              | INPUT     | LVCMOS25  |            |
+---------------------+-----------+-----------+------------+
| Am8[2]              | INPUT     | LVCMOS25  |            |
+---------------------+-----------+-----------+------------+
| Am8[1]              | INPUT     | LVCMOS25  |            |
+---------------------+-----------+-----------+------------+

Removed logic
-------------

Block VCC undriven or does not drive anything - clipped.
Block GSR_INST undriven or does not drive anything - clipped.
Block GND undriven or does not drive anything - clipped.
Block M00/GND undriven or does not drive anything - clipped.
Block M02/GND undriven or does not drive anything - clipped.
Block M04/GND undriven or does not drive anything - clipped.
Block M05/GND undriven or does not drive anything - clipped.
Block M10/GND undriven or does not drive anything - clipped.

                                    Page 3




Design:  topmult8bit00                                 Date:  09/29/17  11:31:28

Removed logic (cont)
--------------------
Block M13/GND undriven or does not drive anything - clipped.
Block M14/GND undriven or does not drive anything - clipped.
Block M23/HA02/A00/GND undriven or does not drive anything - clipped.
Block M23/HA02/X00/GND undriven or does not drive anything - clipped.
Block M32/HA01/A00/GND undriven or does not drive anything - clipped.
Block M32/HA01/X00/GND undriven or does not drive anything - clipped.
Block M48/HA01/A00/GND undriven or does not drive anything - clipped.
Block M48/HA01/X00/GND undriven or does not drive anything - clipped.
Block M64/HA01/A00/GND undriven or does not drive anything - clipped.
Block M64/HA01/X00/GND undriven or does not drive anything - clipped.
Block M65/HA01/X00/GND undriven or does not drive anything - clipped.
Block M96/HA01/A00/GND undriven or does not drive anything - clipped.
Block M96/HA01/X00/GND undriven or does not drive anything - clipped.
Block M112/HA01/A00/GND undriven or does not drive anything - clipped.
Block M112/HA01/X00/GND undriven or does not drive anything - clipped.
Signal VCC undriven or does not drive anything - clipped.

Memory Usage
------------


     

Run Time and Memory Usage
-------------------------

   Total CPU Time: 0 secs  
   Total REAL Time: 0 secs  
   Peak Memory Usage: 58 MB
        



























                                    Page 4


Copyright (c) 1991-1994 by NeoCAD Inc. All rights reserved.
     Copyright (c) 1995 AT&T Corp.   All rights reserved.
     Copyright (c) 1995-2001 Lucent Technologies Inc.  All rights reserved.
     Copyright (c) 2001 Agere Systems   All rights reserved.
     Copyright (c) 2002-2017 Lattice Semiconductor Corporation,  All rights
     reserved.
