# Design Explorer: Shortcut to "C:\Users\Alejandro\Desktop\5to semestre\Arquitectura de Computadoras\compuertas00\simcpmpuertas\simcpmpuertas.aws" design added.
designverincludedir -clear
designverlibrarysim -PL -clear
designverlibrarysim -L -clear
designverlibrarysim -PL pmi_work
designverlibrarysim ovi_machxo2
designverdefinemacro -clear
addfile {C:/Users/Alejandro/Desktop/5to semestre/Arquitectura de Computadoras/compuertas00/compuertas00.vhdl}
# Adding file C:\Users\Alejandro\Desktop\5to semestre\Arquitectura de Computadoras\compuertas00\compuertas00.vhdl ... Done
vlib {C:/Users/Alejandro/Desktop/5to semestre/Arquitectura de Computadoras/compuertas00/simcpmpuertas/work}
# Adding library O.K.
adel -all
# Library contents cleared.
vcom -dbg -work work {C:/Users/Alejandro/Desktop/5to semestre/Arquitectura de Computadoras/compuertas00/compuertas00.vhdl}
# File: C:\Users\Alejandro\Desktop\5to semestre\Arquitectura de Computadoras\compuertas00\compuertas00.vhdl
# Compile Entity "compuertas00"
# Compile Architecture "compuertas0" of Entity "compuertas00"
# Compile success 0 Errors 0 Warnings  Analysis time :  0.9 [s]
entity compuertas00
# ELBREAD: Elaboration process.
# ELBREAD: Elaboration time 0.2 [s].
vsim +access +r compuertas00 -PL pmi_work -L ovi_machxo2
# ELBREAD: Elaboration process.
# ELBREAD: Elaboration time 0.0 [s].
# VSIM: Stack memory: 32MB
# VSIM: Retval memory: 32MB
# 
# KERNEL: Main thread initiated.
# KERNEL: Kernel process initialization phase.
# KERNEL: Time resolution set to 1ps.
# ELAB2: Elaboration final pass...
# ELAB2: Create instances ...
# ELAB2: Create instances complete.
# SLP: Started
# SLP: Elaboration phase ...
# SLP: Elaboration phase ... skipped, nothing to simulate in SLP mode : 0.0 [s]
# SLP: Finished : 0.0 [s]
# ELAB2: Elaboration final pass complete - time: 0.4 [s].
# KERNEL: Warning: You are using the Active-HDL Lattice Edition. The performance of simulation is running at a reduced rate.
# KERNEL: Warning: Contact Aldec for available upgrade options - sales@aldec.com.
# KERNEL: Kernel process initialization done.
# Allocation: Simulator allocated 6062 kB (elbread=1280 elab2=4632 kernel=149 sdf=0)
# KERNEL: ASDB file was created in location C:\Users\Alejandro\Desktop\5to semestre\Arquitectura de Computadoras\compuertas00\simcpmpuertas\src\wave.asdb
#  07:38 p. m., martes, 22 de agosto de 2017
#  Simulation has been initialized
add wave *
# 4 signal(s) traced.
run 1000ns
# Waveform file 'untitled.awc' connected to 'C:/Users/Alejandro/Desktop/5to semestre/Arquitectura de Computadoras/compuertas00/simcpmpuertas/src/wave.asdb'.
# KERNEL: stopped at time: 1 us
# KERNEL: Simulation has finished. There are no more test vectors to simulate.
run @1.1us
# KERNEL: stopped at time: 1100 ns
# KERNEL: Simulation has finished. There are no more test vectors to simulate.
# Breakpoint set on signal "/compuertas00/Ac(7)".
endsim
# VSIM: Simulation has finished.
# Breakpoint on signal "/compuertas00/Ac(7)" cleared.
