
synpwrap -msg -prj "lcd0200_lcd0200_synplify.tcl" -log "lcd0200_lcd0200.srf"
Copyright (C) 1992-2017 Lattice Semiconductor Corporation. All rights reserved.
Lattice Diamond Version 3.10.2.115
    <postMsg mid="2011000" type="Info"    dynamic="0" navigation="0"  />

==contents of lcd0200_lcd0200.srf
#Build: Synplify Pro (R) M-2017.03L-SP1-1, Build 086R, Aug  4 2017
#install: C:\lscc\diamond\3.10_x64\synpbase
#OS: Windows 8 6.2
#Hostname: ALLECTO

# Tue Jun 12 19:13:33 2018

#Implementation: lcd0200

Synopsys HDL Compiler, version comp2017q2p1, Build 190R, built Aug  4 2017
@N|Running in 64-bit mode
Copyright (C) 1994-2017 Synopsys, Inc. This Synopsys software and all associated documentation are proprietary to Synopsys, Inc. and may only be used pursuant to the terms and conditions of a written license agreement with Synopsys, Inc. All other use, reproduction, modification, or distribution of the Synopsys software or the associated documentation is strictly prohibited.

Synopsys VHDL Compiler, version comp2017q2p1, Build 190R, built Aug  4 2017
@N|Running in 64-bit mode
Copyright (C) 1994-2017 Synopsys, Inc. This Synopsys software and all associated documentation are proprietary to Synopsys, Inc. and may only be used pursuant to the terms and conditions of a written license agreement with Synopsys, Inc. All other use, reproduction, modification, or distribution of the Synopsys software or the associated documentation is strictly prohibited.

@N: CD720 :"C:\lscc\diamond\3.10_x64\synpbase\lib\vhd\std.vhd":123:18:123:21|Setting time resolution to ps
@N:"G:\Practicas de Entrenamiento\lcd02vhdl\topram00.vhd":9:7:9:14|Top entity is set to topram00.
Options changed - recompiling
VHDL syntax check successful!
Options changed - recompiling
@N: CD630 :"G:\Practicas de Entrenamiento\lcd02vhdl\topram00.vhd":9:7:9:14|Synthesizing work.topram00.topram0.
@W: CD638 :"G:\Practicas de Entrenamiento\lcd02vhdl\topram00.vhd":35:7:35:16|Signal soutwordra is undriven. Either assign the signal a value or remove the signal declaration.
@W: CD638 :"G:\Practicas de Entrenamiento\lcd02vhdl\topram00.vhd":37:7:37:10|Signal srwd is undriven. Either assign the signal a value or remove the signal declaration.
@W: CD638 :"G:\Practicas de Entrenamiento\lcd02vhdl\topram00.vhd":37:13:37:16|Signal srsd is undriven. Either assign the signal a value or remove the signal declaration.
@W: CD638 :"G:\Practicas de Entrenamiento\lcd02vhdl\topram00.vhd":37:19:37:22|Signal send is undriven. Either assign the signal a value or remove the signal declaration.
@N: CD630 :"G:\Practicas de Entrenamiento\lcd02vhdl\lcdmux00.vhd":8:7:8:14|Synthesizing work.lcdmux00.lcdmux0.
@W: CD434 :"G:\Practicas de Entrenamiento\lcd02vhdl\lcdmux00.vhd":29:19:29:25|Signal clklcdm in the sensitivity list is not used in the process. Make sure all variables in the sensitivity list are referenced in the process.
@W: CG296 :"G:\Practicas de Entrenamiento\lcd02vhdl\lcdmux00.vhd":29:11:29:17|Incomplete sensitivity list; assuming completeness. Make sure all referenced variables in message CG290 are included in the sensitivity list.
@W: CG290 :"G:\Practicas de Entrenamiento\lcd02vhdl\lcdmux00.vhd":50:12:50:16|Referenced variable enddm is not in sensitivity list.
@W: CG290 :"G:\Practicas de Entrenamiento\lcd02vhdl\lcdmux00.vhd":49:12:49:15|Referenced variable rsdm is not in sensitivity list.
@W: CG290 :"G:\Practicas de Entrenamiento\lcd02vhdl\lcdmux00.vhd":48:12:48:15|Referenced variable rwdm is not in sensitivity list.
@W: CG290 :"G:\Practicas de Entrenamiento\lcd02vhdl\lcdmux00.vhd":44:12:44:15|Referenced variable encm is not in sensitivity list.
@W: CG290 :"G:\Practicas de Entrenamiento\lcd02vhdl\lcdmux00.vhd":43:12:43:15|Referenced variable rscm is not in sensitivity list.
@W: CG290 :"G:\Practicas de Entrenamiento\lcd02vhdl\lcdmux00.vhd":42:12:42:15|Referenced variable rwcm is not in sensitivity list.
@W: CG290 :"G:\Practicas de Entrenamiento\lcd02vhdl\lcdmux00.vhd":39:9:39:16|Referenced variable inflagcm is not in sensitivity list.
@W: CG290 :"G:\Practicas de Entrenamiento\lcd02vhdl\lcdmux00.vhd":32:8:32:16|Referenced variable resetlcdm is not in sensitivity list.
Post processing for work.lcdmux00.lcdmux0
@N: CD630 :"G:\Practicas de Entrenamiento\lcd02vhdl\lcdcontconfig00.vhd":8:7:8:21|Synthesizing work.lcdcontconfig00.lcdcontconfig0.
@N: CD364 :"G:\Practicas de Entrenamiento\lcd02vhdl\lcdcontconfig00.vhd":32:7:32:11|Removing redundant assignment.
Post processing for work.lcdcontconfig00.lcdcontconfig0
@N: CD630 :"G:\Practicas de Entrenamiento\lcd02vhdl\lcdconfig00.vhd":8:7:8:17|Synthesizing work.lcdconfig00.lcdconfig0.
Post processing for work.lcdconfig00.lcdconfig0
@N: CD630 :"G:\Practicas de Entrenamiento\lcd02vhdl\coder00.vhd":8:7:8:13|Synthesizing work.coder00.coder0.
@N: CD364 :"G:\Practicas de Entrenamiento\lcd02vhdl\coder00.vhd":35:4:35:13|Removing redundant assignment.
@N: CD364 :"G:\Practicas de Entrenamiento\lcd02vhdl\coder00.vhd":42:4:42:13|Removing redundant assignment.
@N: CD364 :"G:\Practicas de Entrenamiento\lcd02vhdl\coder00.vhd":78:4:78:13|Removing redundant assignment.
@N: CD364 :"G:\Practicas de Entrenamiento\lcd02vhdl\coder00.vhd":114:4:114:13|Removing redundant assignment.
@N: CD364 :"G:\Practicas de Entrenamiento\lcd02vhdl\coder00.vhd":150:4:150:13|Removing redundant assignment.
Post processing for work.coder00.coder0
@N: CD630 :"G:\Practicas de Entrenamiento\lcd02vhdl\contring00.vhd":6:7:6:16|Synthesizing work.contring00.contring0.
Post processing for work.contring00.contring0
@W: CL279 :"G:\Practicas de Entrenamiento\lcd02vhdl\contring00.vhd":19:4:19:5|Pruning register bits 2 to 0 of soutr(3 downto 0). If this is not the intended behavior, drive the inputs with valid values, or inputs from the top level.
@N: CD630 :"G:\Practicas de Entrenamiento\lcd02vhdl\toposc00.vhd":9:7:9:14|Synthesizing work.toposc00.toposc0.
@N: CD630 :"G:\Practicas de Entrenamiento\lcd02vhdl\div00.vhd":8:7:8:11|Synthesizing work.div00.div0.
Post processing for work.div00.div0
@N: CD630 :"G:\Practicas de Entrenamiento\lcd02vhdl\osc00.vhd":8:7:8:11|Synthesizing work.osc00.osc0.
@W: CD276 :"C:\lscc\diamond\3.10_x64\cae_library\synthesis\vhdl\machxo2.vhd":2297:8:2297:15|Map for port sedstdby of component osch not found
@N: CD630 :"C:\lscc\diamond\3.10_x64\cae_library\synthesis\vhdl\machxo2.vhd":2291:10:2291:13|Synthesizing work.osch.syn_black_box.
Post processing for work.osch.syn_black_box
Post processing for work.osc00.osc0
Post processing for work.toposc00.toposc0
Post processing for work.topram00.topram0
@W: CL240 :"G:\Practicas de Entrenamiento\lcd02vhdl\topram00.vhd":37:19:37:22|Signal sENd is floating; a simulation mismatch is possible.
@W: CL240 :"G:\Practicas de Entrenamiento\lcd02vhdl\topram00.vhd":37:13:37:16|Signal sRSd is floating; a simulation mismatch is possible.
@W: CL240 :"G:\Practicas de Entrenamiento\lcd02vhdl\topram00.vhd":37:7:37:10|Signal sRWd is floating; a simulation mismatch is possible.
@W: CL167 :"G:\Practicas de Entrenamiento\lcd02vhdl\topram00.vhd":76:2:76:5|Input rwdm of instance RA05 is floating
@W: CL167 :"G:\Practicas de Entrenamiento\lcd02vhdl\topram00.vhd":76:2:76:5|Input rsdm of instance RA05 is floating
@W: CL167 :"G:\Practicas de Entrenamiento\lcd02vhdl\topram00.vhd":76:2:76:5|Input enddm of instance RA05 is floating
@W: CL138 :"G:\Practicas de Entrenamiento\lcd02vhdl\lcdconfig00.vhd":25:4:25:5|Removing register 'RSc' because it is only assigned 0 or its original value.
@W: CL138 :"G:\Practicas de Entrenamiento\lcd02vhdl\lcdconfig00.vhd":25:4:25:5|Removing register 'RWc' because it is only assigned 0 or its original value.
@N: CL189 :"G:\Practicas de Entrenamiento\lcd02vhdl\lcdconfig00.vhd":25:4:25:5|Register bit comandoc(6) is always 0.
@W: CL260 :"G:\Practicas de Entrenamiento\lcd02vhdl\lcdconfig00.vhd":25:4:25:5|Pruning register bit 6 of comandoc(7 downto 0). If this is not the intended behavior, drive the input with valid values, or an input from the top level.
@N: CL159 :"G:\Practicas de Entrenamiento\lcd02vhdl\lcdmux00.vhd":10:7:10:13|Input clklcdm is unused.

At c_vhdl Exit (Real Time elapsed 0h:00m:07s; CPU Time elapsed 0h:00m:00s; Memory used current: 77MB peak: 80MB)

Process took 0h:00m:07s realtime, 0h:00m:01s cputime

Process completed successfully.
# Tue Jun 12 19:13:43 2018

###########################################################]
Synopsys Netlist Linker, version comp2017q2p1, Build 190R, built Aug  4 2017
@N|Running in 64-bit mode
File C:\lscc\diamond\3.10_x64\synpbase\bin64\syn_nfilter.exe changed - recompiling
File C:\Users\mike_\Desktop\5to semestre\Arquitectura de Computadoras\Practicas de Entrenamiento\lcd02\lcd0200\synwork\layer0.srs changed - recompiling

At syn_nfilter Exit (Real Time elapsed 0h:00m:01s; CPU Time elapsed 0h:00m:00s; Memory used current: 67MB peak: 68MB)

Process took 0h:00m:01s realtime, 0h:00m:01s cputime

Process completed successfully.
# Tue Jun 12 19:13:45 2018

###########################################################]
@END

At c_hdl Exit (Real Time elapsed 0h:00m:09s; CPU Time elapsed 0h:00m:01s; Memory used current: 3MB peak: 4MB)

Process took 0h:00m:09s realtime, 0h:00m:01s cputime

Process completed successfully.
# Tue Jun 12 19:13:45 2018

###########################################################]
Synopsys Netlist Linker, version comp2017q2p1, Build 190R, built Aug  4 2017
@N|Running in 64-bit mode
File C:\lscc\diamond\3.10_x64\synpbase\bin64\syn_nfilter.exe changed - recompiling
File C:\Users\mike_\Desktop\5to semestre\Arquitectura de Computadoras\Practicas de Entrenamiento\lcd02\lcd0200\synwork\lcd0200_lcd0200_comp.srs changed - recompiling

At syn_nfilter Exit (Real Time elapsed 0h:00m:00s; CPU Time elapsed 0h:00m:00s; Memory used current: 67MB peak: 68MB)

Process took 0h:00m:01s realtime, 0h:00m:01s cputime

Process completed successfully.
# Tue Jun 12 19:13:48 2018

###########################################################]
Pre-mapping Report

# Tue Jun 12 19:13:50 2018

Synopsys Lattice Technology Pre-mapping, Version maplat, Build 1796R, Built Aug  4 2017 11:10:16
Copyright (C) 1994-2017 Synopsys, Inc. This Synopsys software and all associated documentation are proprietary to Synopsys, Inc. and may only be used pursuant to the terms and conditions of a written license agreement with Synopsys, Inc. All other use, reproduction, modification, or distribution of the Synopsys software or the associated documentation is strictly prohibited.
Product Version M-2017.03L-SP1-1

Mapper Startup Complete (Real Time elapsed 0h:00m:01s; CPU Time elapsed 0h:00m:00s; Memory used current: 99MB peak: 99MB)

@A: MF827 |No constraint file specified.
@L: G:\Practicas de Entrenamiento\lcd02\lcd0200\lcd0200_lcd0200_scck.rpt 
Printing clock  summary report in "G:\Practicas de Entrenamiento\lcd02\lcd0200\lcd0200_lcd0200_scck.rpt" file 
@N: MF248 |Running in 64-bit mode.
@N: MF666 |Clock conversion enabled. (Command "set_option -fix_gated_and_generated_clocks 1" in the project file.)

Design Input Complete (Real Time elapsed 0h:00m:02s; CPU Time elapsed 0h:00m:00s; Memory used current: 100MB peak: 102MB)


Mapper Initialization Complete (Real Time elapsed 0h:00m:02s; CPU Time elapsed 0h:00m:00s; Memory used current: 100MB peak: 102MB)


Start loading timing files (Real Time elapsed 0h:00m:03s; CPU Time elapsed 0h:00m:00s; Memory used current: 112MB peak: 112MB)


Finished loading timing files (Real Time elapsed 0h:00m:03s; CPU Time elapsed 0h:00m:00s; Memory used current: 112MB peak: 114MB)

@W: FX474 |User-specified initial value defined for some sequential elements which can prevent optimum synthesis results from being achieved. 
ICG Latch Removal Summary:
Number of ICG latches removed:	0
Number of ICG latches not removed:	0
syn_allowed_resources : blockrams=26  set on top level netlist topram00

Finished netlist restructuring (Real Time elapsed 0h:00m:05s; CPU Time elapsed 0h:00m:00s; Memory used current: 139MB peak: 141MB)



Clock Summary
******************

          Start                            Requested     Requested     Clock                                           Clock                   Clock
Level     Clock                            Frequency     Period        Type                                            Group                   Load 
----------------------------------------------------------------------------------------------------------------------------------------------------
0 -       osc00|osc_int_inferred_clock     2.1 MHz       480.769       inferred                                        Inferred_clkgroup_0     24   
1 .         div00|outdiv_derived_clock     2.1 MHz       480.769       derived (from osc00|osc_int_inferred_clock)     Inferred_clkgroup_0     38   
====================================================================================================================================================

@W: MT529 :"g:\practicas de entrenamiento\lcd02vhdl\div00.vhd":20:2:20:3|Found inferred clock osc00|osc_int_inferred_clock which controls 24 sequential elements including RA00.D01.sdiv[22:0]. This clock has no specified timing constraint which may prevent conversion of gated or generated clocks and may adversely impact design performance. 

Finished Pre Mapping Phase.

Starting constraint checker (Real Time elapsed 0h:00m:06s; CPU Time elapsed 0h:00m:00s; Memory used current: 139MB peak: 141MB)


Finished constraint checker preprocessing (Real Time elapsed 0h:00m:06s; CPU Time elapsed 0h:00m:00s; Memory used current: 139MB peak: 141MB)

None
None

Finished constraint checker (Real Time elapsed 0h:00m:07s; CPU Time elapsed 0h:00m:00s; Memory used current: 139MB peak: 141MB)

Pre-mapping successful!

At Mapper Exit (Real Time elapsed 0h:00m:07s; CPU Time elapsed 0h:00m:00s; Memory used current: 55MB peak: 141MB)

Process took 0h:00m:07s realtime, 0h:00m:01s cputime
# Tue Jun 12 19:13:58 2018

###########################################################]
Map & Optimize Report

# Tue Jun 12 19:14:00 2018

Synopsys Lattice Technology Mapper, Version maplat, Build 1796R, Built Aug  4 2017 11:10:16
Copyright (C) 1994-2017 Synopsys, Inc. This Synopsys software and all associated documentation are proprietary to Synopsys, Inc. and may only be used pursuant to the terms and conditions of a written license agreement with Synopsys, Inc. All other use, reproduction, modification, or distribution of the Synopsys software or the associated documentation is strictly prohibited.
Product Version M-2017.03L-SP1-1

Mapper Startup Complete (Real Time elapsed 0h:00m:00s; CPU Time elapsed 0h:00m:00s; Memory used current: 99MB peak: 99MB)

@N: MF248 |Running in 64-bit mode.
@N: MF666 |Clock conversion enabled. (Command "set_option -fix_gated_and_generated_clocks 1" in the project file.)

Design Input Complete (Real Time elapsed 0h:00m:00s; CPU Time elapsed 0h:00m:00s; Memory used current: 98MB peak: 100MB)


Mapper Initialization Complete (Real Time elapsed 0h:00m:00s; CPU Time elapsed 0h:00m:00s; Memory used current: 98MB peak: 100MB)


Start loading timing files (Real Time elapsed 0h:00m:00s; CPU Time elapsed 0h:00m:00s; Memory used current: 111MB peak: 112MB)


Finished loading timing files (Real Time elapsed 0h:00m:00s; CPU Time elapsed 0h:00m:00s; Memory used current: 111MB peak: 114MB)



Starting Optimization and Mapping (Real Time elapsed 0h:00m:01s; CPU Time elapsed 0h:00m:00s; Memory used current: 139MB peak: 141MB)


Available hyper_sources - for debug and ip models
	None Found


Finished RTL optimizations (Real Time elapsed 0h:00m:01s; CPU Time elapsed 0h:00m:00s; Memory used current: 139MB peak: 141MB)


Starting factoring (Real Time elapsed 0h:00m:02s; CPU Time elapsed 0h:00m:00s; Memory used current: 140MB peak: 141MB)


Finished factoring (Real Time elapsed 0h:00m:03s; CPU Time elapsed 0h:00m:00s; Memory used current: 141MB peak: 141MB)


Starting gated-clock and generated-clock conversion (Real Time elapsed 0h:00m:03s; CPU Time elapsed 0h:00m:00s; Memory used current: 140MB peak: 141MB)


Finished gated-clock and generated-clock conversion (Real Time elapsed 0h:00m:03s; CPU Time elapsed 0h:00m:00s; Memory used current: 140MB peak: 141MB)


Finished generic timing optimizations - Pass 1 (Real Time elapsed 0h:00m:04s; CPU Time elapsed 0h:00m:00s; Memory used current: 141MB peak: 141MB)


Starting Early Timing Optimization (Real Time elapsed 0h:00m:04s; CPU Time elapsed 0h:00m:00s; Memory used current: 141MB peak: 142MB)


Finished Early Timing Optimization (Real Time elapsed 0h:00m:04s; CPU Time elapsed 0h:00m:00s; Memory used current: 141MB peak: 142MB)


Finished generic timing optimizations - Pass 2 (Real Time elapsed 0h:00m:04s; CPU Time elapsed 0h:00m:00s; Memory used current: 141MB peak: 142MB)


Finished preparing to map (Real Time elapsed 0h:00m:04s; CPU Time elapsed 0h:00m:00s; Memory used current: 141MB peak: 142MB)


Finished technology mapping (Real Time elapsed 0h:00m:04s; CPU Time elapsed 0h:00m:01s; Memory used current: 144MB peak: 147MB)

Pass		 CPU time		Worst Slack		Luts / Registers
------------------------------------------------------------
   1		0h:00m:01s		   471.16ns		 103 /        62

Finished technology timing optimizations and critical path resynthesis (Real Time elapsed 0h:00m:05s; CPU Time elapsed 0h:00m:01s; Memory used current: 144MB peak: 147MB)

@N: FX164 |The option to pack registers in the IOB has not been specified. Please set syn_useioff attribute.  
@A: BN291 :"g:\practicas de entrenamiento\lcd02vhdl\contring00.vhd":19:4:19:5|Boundary register RA01.outcr_3_.fb (in view: work.topram00(topram0)) is packed into a complex cell. To disable register packing, set syn_keep=1 on the net between the register and the complex cell. 
@A: BN291 :"g:\practicas de entrenamiento\lcd02vhdl\contring00.vhd":19:4:19:5|Boundary register RA01.outcr_2_.fb (in view: work.topram00(topram0)) is packed into a complex cell. To disable register packing, set syn_keep=1 on the net between the register and the complex cell. 
@A: BN291 :"g:\practicas de entrenamiento\lcd02vhdl\contring00.vhd":19:4:19:5|Boundary register RA01.outcr_1_.fb (in view: work.topram00(topram0)) is packed into a complex cell. To disable register packing, set syn_keep=1 on the net between the register and the complex cell. 
@A: BN291 :"g:\practicas de entrenamiento\lcd02vhdl\contring00.vhd":19:4:19:5|Boundary register RA01.outcr_0_.fb (in view: work.topram00(topram0)) is packed into a complex cell. To disable register packing, set syn_keep=1 on the net between the register and the complex cell. 
@A: BN291 :"g:\practicas de entrenamiento\lcd02vhdl\lcdcontconfig00.vhd":21:3:21:4|Boundary register RA04.outcc_4_.fb (in view: work.topram00(topram0)) is packed into a complex cell. To disable register packing, set syn_keep=1 on the net between the register and the complex cell. 
@A: BN291 :"g:\practicas de entrenamiento\lcd02vhdl\lcdcontconfig00.vhd":21:3:21:4|Boundary register RA04.outcc_3_.fb (in view: work.topram00(topram0)) is packed into a complex cell. To disable register packing, set syn_keep=1 on the net between the register and the complex cell. 
@A: BN291 :"g:\practicas de entrenamiento\lcd02vhdl\lcdcontconfig00.vhd":21:3:21:4|Boundary register RA04.outcc_2_.fb (in view: work.topram00(topram0)) is packed into a complex cell. To disable register packing, set syn_keep=1 on the net between the register and the complex cell. 
@A: BN291 :"g:\practicas de entrenamiento\lcd02vhdl\lcdcontconfig00.vhd":21:3:21:4|Boundary register RA04.outcc_1_.fb (in view: work.topram00(topram0)) is packed into a complex cell. To disable register packing, set syn_keep=1 on the net between the register and the complex cell. 
@A: BN291 :"g:\practicas de entrenamiento\lcd02vhdl\lcdcontconfig00.vhd":21:3:21:4|Boundary register RA04.outcc_0_.fb (in view: work.topram00(topram0)) is packed into a complex cell. To disable register packing, set syn_keep=1 on the net between the register and the complex cell. 
@A: BN291 :"g:\practicas de entrenamiento\lcd02vhdl\coder00.vhd":29:2:29:3|Boundary register RA02.outcontwcd_4_.fb (in view: work.topram00(topram0)) is packed into a complex cell. To disable register packing, set syn_keep=1 on the net between the register and the complex cell. 
@A: BN291 :"g:\practicas de entrenamiento\lcd02vhdl\coder00.vhd":29:2:29:3|Boundary register RA02.outcontwcd_3_.fb (in view: work.topram00(topram0)) is packed into a complex cell. To disable register packing, set syn_keep=1 on the net between the register and the complex cell. 
@A: BN291 :"g:\practicas de entrenamiento\lcd02vhdl\coder00.vhd":29:2:29:3|Boundary register RA02.outcontwcd_2_.fb (in view: work.topram00(topram0)) is packed into a complex cell. To disable register packing, set syn_keep=1 on the net between the register and the complex cell. 
@A: BN291 :"g:\practicas de entrenamiento\lcd02vhdl\coder00.vhd":29:2:29:3|Boundary register RA02.outcontwcd_1_.fb (in view: work.topram00(topram0)) is packed into a complex cell. To disable register packing, set syn_keep=1 on the net between the register and the complex cell. 
@A: BN291 :"g:\practicas de entrenamiento\lcd02vhdl\coder00.vhd":29:2:29:3|Boundary register RA02.outcontwcd_0_.fb (in view: work.topram00(topram0)) is packed into a complex cell. To disable register packing, set syn_keep=1 on the net between the register and the complex cell. 
@A: BN291 :"g:\practicas de entrenamiento\lcd02vhdl\coder00.vhd":29:2:29:3|Boundary register RA02.outcodercd_4_.fb (in view: work.topram00(topram0)) is packed into a complex cell. To disable register packing, set syn_keep=1 on the net between the register and the complex cell. 
@A: BN291 :"g:\practicas de entrenamiento\lcd02vhdl\coder00.vhd":29:2:29:3|Boundary register RA02.outcodercd_3_.fb (in view: work.topram00(topram0)) is packed into a complex cell. To disable register packing, set syn_keep=1 on the net between the register and the complex cell. 
@A: BN291 :"g:\practicas de entrenamiento\lcd02vhdl\coder00.vhd":29:2:29:3|Boundary register RA02.outcodercd_2_.fb (in view: work.topram00(topram0)) is packed into a complex cell. To disable register packing, set syn_keep=1 on the net between the register and the complex cell. 
@A: BN291 :"g:\practicas de entrenamiento\lcd02vhdl\coder00.vhd":29:2:29:3|Boundary register RA02.outcodercd_1_.fb (in view: work.topram00(topram0)) is packed into a complex cell. To disable register packing, set syn_keep=1 on the net between the register and the complex cell. 
@A: BN291 :"g:\practicas de entrenamiento\lcd02vhdl\coder00.vhd":29:2:29:3|Boundary register RA02.outcodercd_0_.fb (in view: work.topram00(topram0)) is packed into a complex cell. To disable register packing, set syn_keep=1 on the net between the register and the complex cell. 
@A: BN291 :"g:\practicas de entrenamiento\lcd02vhdl\lcdconfig00.vhd":25:4:25:5|Boundary register RA03.outFlagc.fb (in view: work.topram00(topram0)) is packed into a complex cell. To disable register packing, set syn_keep=1 on the net between the register and the complex cell. 
@A: BN291 :"g:\practicas de entrenamiento\lcd02vhdl\coder00.vhd":29:2:29:3|Boundary register RA02.outFlagcd.fb (in view: work.topram00(topram0)) is packed into a complex cell. To disable register packing, set syn_keep=1 on the net between the register and the complex cell. 

Finished restoring hierarchy (Real Time elapsed 0h:00m:05s; CPU Time elapsed 0h:00m:01s; Memory used current: 144MB peak: 147MB)

@N: MT611 :|Automatically generated clock div00|outdiv_derived_clock is not used and is being removed


@S |Clock Optimization Summary


#### START OF CLOCK OPTIMIZATION REPORT #####[

0 non-gated/non-generated clock tree(s) driving 0 clock pin(s) of sequential element(s)
1 gated/generated clock tree(s) driving 62 clock pin(s) of sequential element(s)
0 instances converted, 62 sequential instances remain driven by gated/generated clocks

================================================================================================== Gated/Generated Clocks ===================================================================================================
Clock Tree ID     Driving Element       Drive Element Type     Fanout     Sample Instance      Explanation                                                                                                                   
-----------------------------------------------------------------------------------------------------------------------------------------------------------------------------------------------------------------------------
@K:CKID0001       RA00.D00.OSCInst0     OSCH                   62         RA02_outFlagcdio     Gating structure creates improper gating logic. See the Gated Clocks description in the user guide for conversion requirements
=============================================================================================================================================================================================================================


##### END OF CLOCK OPTIMIZATION REPORT ######]


Start Writing Netlists (Real Time elapsed 0h:00m:06s; CPU Time elapsed 0h:00m:01s; Memory used current: 111MB peak: 147MB)

Writing Analyst data base G:\Practicas de Entrenamiento\lcd02\lcd0200\synwork\lcd0200_lcd0200_m.srm

Finished Writing Netlist Databases (Real Time elapsed 0h:00m:08s; CPU Time elapsed 0h:00m:01s; Memory used current: 143MB peak: 147MB)

Writing EDIF Netlist and constraint files
@N: FX1056 |Writing EDF file: G:\Practicas de Entrenamiento\lcd02\lcd0200\lcd0200_lcd0200.edi
M-2017.03L-SP1-1
@N: BW106 |Synplicity Constraint File capacitance units using default value of 1pF 

Finished Writing EDIF Netlist and constraint files (Real Time elapsed 0h:00m:10s; CPU Time elapsed 0h:00m:02s; Memory used current: 147MB peak: 149MB)


Start final timing analysis (Real Time elapsed 0h:00m:11s; CPU Time elapsed 0h:00m:02s; Memory used current: 148MB peak: 149MB)

@W: MT420 |Found inferred clock osc00|osc_int_inferred_clock with period 480.77ns. Please declare a user-defined clock on object "n:RA00.D00.osc_int"


##### START OF TIMING REPORT #####[
# Timing Report written on Tue Jun 12 19:14:12 2018
#


Top view:               topram00
Requested Frequency:    2.1 MHz
Wire load mode:         top
Paths requested:        5
Constraint File(s):    
@N: MT320 |This timing report is an estimate of place and route data. For final timing results, use the FPGA vendor place and route report.

@N: MT322 |Clock constraints include only register-to-register paths associated with each individual clock.



Performance Summary
*******************


Worst slack in design: 471.984

                                 Requested     Estimated     Requested     Estimated                 Clock        Clock              
Starting Clock                   Frequency     Frequency     Period        Period        Slack       Type         Group              
-------------------------------------------------------------------------------------------------------------------------------------
osc00|osc_int_inferred_clock     2.1 MHz       113.8 MHz     480.769       8.785         471.984     inferred     Inferred_clkgroup_0
=====================================================================================================================================





Clock Relationships
*******************

Clocks                                                      |    rise  to  rise     |    fall  to  fall   |    rise  to  fall   |    fall  to  rise 
----------------------------------------------------------------------------------------------------------------------------------------------------
Starting                      Ending                        |  constraint  slack    |  constraint  slack  |  constraint  slack  |  constraint  slack
----------------------------------------------------------------------------------------------------------------------------------------------------
osc00|osc_int_inferred_clock  osc00|osc_int_inferred_clock  |  480.769     471.984  |  No paths    -      |  No paths    -      |  No paths    -    
====================================================================================================================================================
 Note: 'No paths' indicates there are no paths in the design for that pair of clock edges.
       'Diff grp' indicates that paths exist but the starting clock and ending clock are in different clock groups.



Interface Information 
*********************

No IO constraint found



====================================
Detailed Report for Clock: osc00|osc_int_inferred_clock
====================================



Starting Points with Worst Slack
********************************

                      Starting                                                              Arrival            
Instance              Reference                        Type        Pin     Net              Time        Slack  
                      Clock                                                                                    
---------------------------------------------------------------------------------------------------------------
RA00.D01.sdiv[18]     osc00|osc_int_inferred_clock     FD1S3IX     Q       sdiv[18]         1.108       471.984
RA00.D01.sdiv[19]     osc00|osc_int_inferred_clock     FD1S3IX     Q       sdiv[19]         1.108       471.984
RA00.D01.sdiv[21]     osc00|osc_int_inferred_clock     FD1S3IX     Q       sdiv[21]         1.188       472.921
RA00.D01.sdiv[22]     osc00|osc_int_inferred_clock     FD1S3IX     Q       sdiv[22]         1.180       472.929
RA00.D01.sdiv[20]     osc00|osc_int_inferred_clock     FD1S3IX     Q       sdiv[20]         1.148       472.961
RA00.D01.sdiv[15]     osc00|osc_int_inferred_clock     FD1S3IX     Q       sdiv[15]         1.108       473.001
RA00.D01.sdiv[16]     osc00|osc_int_inferred_clock     FD1S3IX     Q       sdiv[16]         1.108       473.001
RA00.D01.sdiv[17]     osc00|osc_int_inferred_clock     FD1S3IX     Q       sdiv[17]         1.108       473.001
RA01.outcr[1]         osc00|osc_int_inferred_clock     FD1P3IX     Q       outcrK0_c[1]     1.252       473.370
RA01.outcr[0]         osc00|osc_int_inferred_clock     FD1P3IX     Q       outcrK0_c[0]     1.244       473.378
===============================================================================================================


Ending Points with Worst Slack
******************************

                      Starting                                                              Required            
Instance              Reference                        Type        Pin     Net              Time         Slack  
                      Clock                                                                                     
----------------------------------------------------------------------------------------------------------------
RA00.D01.sdiv[21]     osc00|osc_int_inferred_clock     FD1S3IX     D       un2_sdiv[21]     480.664      471.984
RA00.D01.sdiv[22]     osc00|osc_int_inferred_clock     FD1S3IX     D       un2_sdiv[22]     480.664      471.984
RA00.D01.sdiv[19]     osc00|osc_int_inferred_clock     FD1S3IX     D       un2_sdiv[19]     480.664      472.127
RA00.D01.sdiv[20]     osc00|osc_int_inferred_clock     FD1S3IX     D       un2_sdiv[20]     480.664      472.127
RA00.D01.sdiv[17]     osc00|osc_int_inferred_clock     FD1S3IX     D       un2_sdiv[17]     480.664      472.269
RA00.D01.sdiv[18]     osc00|osc_int_inferred_clock     FD1S3IX     D       un2_sdiv[18]     480.664      472.269
RA00.D01.sdiv[15]     osc00|osc_int_inferred_clock     FD1S3IX     D       un2_sdiv[15]     480.664      472.412
RA00.D01.sdiv[16]     osc00|osc_int_inferred_clock     FD1S3IX     D       un2_sdiv[16]     480.664      472.412
RA00.D01.sdiv[13]     osc00|osc_int_inferred_clock     FD1S3IX     D       un2_sdiv[13]     480.664      472.555
RA00.D01.sdiv[14]     osc00|osc_int_inferred_clock     FD1S3IX     D       un2_sdiv[14]     480.664      472.555
================================================================================================================



Worst Path Information
***********************


Path information for path number 1: 
      Requested Period:                      480.769
    - Setup time:                            0.106
    + Clock delay at ending point:           0.000 (ideal)
    = Required time:                         480.664

    - Propagation time:                      8.680
    - Clock delay at starting point:         0.000 (ideal)
    = Slack (critical) :                     471.984

    Number of logic level(s):                15
    Starting point:                          RA00.D01.sdiv[18] / Q
    Ending point:                            RA00.D01.sdiv[22] / D
    The start point is clocked by            osc00|osc_int_inferred_clock [rising] on pin CK
    The end   point is clocked by            osc00|osc_int_inferred_clock [rising] on pin CK

Instance / Net                                         Pin      Pin               Arrival     No. of    
Name                                      Type         Name     Dir     Delay     Time        Fan Out(s)
--------------------------------------------------------------------------------------------------------
RA00.D01.sdiv[18]                         FD1S3IX      Q        Out     1.108     1.108       -         
sdiv[18]                                  Net          -        -       -         -           3         
RA00.D01.un1_outdiv_0_sqmuxa_1_i_1[0]     ORCALUT4     A        In      0.000     1.108       -         
RA00.D01.un1_outdiv_0_sqmuxa_1_i_1[0]     ORCALUT4     Z        Out     1.017     2.125       -         
un1_outdiv_0_sqmuxa_1_i_1[0]              Net          -        -       -         -           1         
RA00.D01.un1_outdiv_0_sqmuxa_1_i_3[0]     ORCALUT4     C        In      0.000     2.125       -         
RA00.D01.un1_outdiv_0_sqmuxa_1_i_3[0]     ORCALUT4     Z        Out     1.017     3.141       -         
un1_outdiv_0_sqmuxa_1_i_3[0]              Net          -        -       -         -           1         
RA00.D01.un2_sdiv_cry_0_0_RNO             ORCALUT4     C        In      0.000     3.141       -         
RA00.D01.un2_sdiv_cry_0_0_RNO             ORCALUT4     Z        Out     1.017     4.158       -         
N_31_i                                    Net          -        -       -         -           1         
RA00.D01.un2_sdiv_cry_0_0                 CCU2D        B0       In      0.000     4.158       -         
RA00.D01.un2_sdiv_cry_0_0                 CCU2D        COUT     Out     1.544     5.703       -         
un2_sdiv_cry_0                            Net          -        -       -         -           1         
RA00.D01.un2_sdiv_cry_1_0                 CCU2D        CIN      In      0.000     5.703       -         
RA00.D01.un2_sdiv_cry_1_0                 CCU2D        COUT     Out     0.143     5.846       -         
un2_sdiv_cry_2                            Net          -        -       -         -           1         
RA00.D01.un2_sdiv_cry_3_0                 CCU2D        CIN      In      0.000     5.846       -         
RA00.D01.un2_sdiv_cry_3_0                 CCU2D        COUT     Out     0.143     5.988       -         
un2_sdiv_cry_4                            Net          -        -       -         -           1         
RA00.D01.un2_sdiv_cry_5_0                 CCU2D        CIN      In      0.000     5.988       -         
RA00.D01.un2_sdiv_cry_5_0                 CCU2D        COUT     Out     0.143     6.131       -         
un2_sdiv_cry_6                            Net          -        -       -         -           1         
RA00.D01.un2_sdiv_cry_7_0                 CCU2D        CIN      In      0.000     6.131       -         
RA00.D01.un2_sdiv_cry_7_0                 CCU2D        COUT     Out     0.143     6.274       -         
un2_sdiv_cry_8                            Net          -        -       -         -           1         
RA00.D01.un2_sdiv_cry_9_0                 CCU2D        CIN      In      0.000     6.274       -         
RA00.D01.un2_sdiv_cry_9_0                 CCU2D        COUT     Out     0.143     6.417       -         
un2_sdiv_cry_10                           Net          -        -       -         -           1         
RA00.D01.un2_sdiv_cry_11_0                CCU2D        CIN      In      0.000     6.417       -         
RA00.D01.un2_sdiv_cry_11_0                CCU2D        COUT     Out     0.143     6.559       -         
un2_sdiv_cry_12                           Net          -        -       -         -           1         
RA00.D01.un2_sdiv_cry_13_0                CCU2D        CIN      In      0.000     6.559       -         
RA00.D01.un2_sdiv_cry_13_0                CCU2D        COUT     Out     0.143     6.702       -         
un2_sdiv_cry_14                           Net          -        -       -         -           1         
RA00.D01.un2_sdiv_cry_15_0                CCU2D        CIN      In      0.000     6.702       -         
RA00.D01.un2_sdiv_cry_15_0                CCU2D        COUT     Out     0.143     6.845       -         
un2_sdiv_cry_16                           Net          -        -       -         -           1         
RA00.D01.un2_sdiv_cry_17_0                CCU2D        CIN      In      0.000     6.845       -         
RA00.D01.un2_sdiv_cry_17_0                CCU2D        COUT     Out     0.143     6.988       -         
un2_sdiv_cry_18                           Net          -        -       -         -           1         
RA00.D01.un2_sdiv_cry_19_0                CCU2D        CIN      In      0.000     6.988       -         
RA00.D01.un2_sdiv_cry_19_0                CCU2D        COUT     Out     0.143     7.131       -         
un2_sdiv_cry_20                           Net          -        -       -         -           1         
RA00.D01.un2_sdiv_cry_21_0                CCU2D        CIN      In      0.000     7.131       -         
RA00.D01.un2_sdiv_cry_21_0                CCU2D        S1       Out     1.549     8.680       -         
un2_sdiv[22]                              Net          -        -       -         -           1         
RA00.D01.sdiv[22]                         FD1S3IX      D        In      0.000     8.680       -         
========================================================================================================



##### END OF TIMING REPORT #####]

Timing exceptions that could not be applied
None

Finished final timing analysis (Real Time elapsed 0h:00m:12s; CPU Time elapsed 0h:00m:02s; Memory used current: 149MB peak: 149MB)


Finished timing report (Real Time elapsed 0h:00m:12s; CPU Time elapsed 0h:00m:02s; Memory used current: 149MB peak: 149MB)

---------------------------------------
Resource Usage Report
Part: lcmxo2_7000he-5

Register bits: 62 of 6864 (1%)
PIC Latch:       0
I/O cells:       45


Details:
CCU2D:          12
FD1P3AX:        14
FD1P3IX:        11
FD1P3JX:        10
FD1S3AX:        1
FD1S3IX:        23
FD1S3JX:        1
GSR:            1
IB:             12
IFS1P3DX:       1
OB:             33
OFS1P3IX:       1
ORCALUT4:       103
OSCH:           1
PFUMX:          3
PUR:            1
VHI:            9
VLO:            9
Mapper successful!

At Mapper Exit (Real Time elapsed 0h:00m:12s; CPU Time elapsed 0h:00m:03s; Memory used current: 31MB peak: 149MB)

Process took 0h:00m:12s realtime, 0h:00m:03s cputime
# Tue Jun 12 19:14:12 2018

###########################################################]


Synthesis exit by 0.

edif2ngd  -l "MachXO2" -d LCMXO2-7000HE -path "G:/Practicas de Entrenamiento/lcd02/lcd0200" -path "G:/Practicas de Entrenamiento/lcd02"   "G:/Practicas de Entrenamiento/lcd02/lcd0200/lcd0200_lcd0200.edi" "lcd0200_lcd0200.ngo"   
edif2ngd:  version Diamond (64-bit) 3.10.2.115

Copyright (c) 1991-1994 by NeoCAD Inc. All rights reserved.
Copyright (c) 1995 AT&T Corp.   All rights reserved.
Copyright (c) 1995-2001 Lucent Technologies Inc.  All rights reserved.
Copyright (c) 2001 Agere Systems   All rights reserved.
Copyright (c) 2002-2017 Lattice Semiconductor Corporation,  All rights reserved.
Writing the design to lcd0200_lcd0200.ngo...

Total CPU Time: 0 secs  

Total REAL Time: 0 secs  


ngdbuild  -a "MachXO2" -d LCMXO2-7000HE  -p "C:/lscc/diamond/3.10_x64/ispfpga/xo2c00/data"  -p "G:/Practicas de Entrenamiento/lcd02/lcd0200" -p "G:/Practicas de Entrenamiento/lcd02"  "lcd0200_lcd0200.ngo" "lcd0200_lcd0200.ngd"  	
ngdbuild:  version Diamond (64-bit) 3.10.2.115

Copyright (c) 1991-1994 by NeoCAD Inc. All rights reserved.
Copyright (c) 1995 AT&T Corp.   All rights reserved.
Copyright (c) 1995-2001 Lucent Technologies Inc.  All rights reserved.
Copyright (c) 2001 Agere Systems   All rights reserved.
Copyright (c) 2002-2017 Lattice Semiconductor Corporation,  All rights reserved.
Reading 'lcd0200_lcd0200.ngo' ...
Loading NGL library 'C:/lscc/diamond/3.10_x64/ispfpga/xo2c00a/data/xo2alib.ngl'...
Loading NGL library 'C:/lscc/diamond/3.10_x64/ispfpga/xo2c00/data/xo2clib.ngl'...
Loading NGL library 'C:/lscc/diamond/3.10_x64/ispfpga/mg5g00/data/mg5glib.ngl'...
Loading NGL library 'C:/lscc/diamond/3.10_x64/ispfpga/or5g00/data/orc5glib.ngl'...


Running DRC...

    <postMsg mid="1166052" type="Warning" dynamic="2" navigation="1" arg0="logical" arg1="RA00/D00/OSCInst0_SEDSTDBY" arg2="RA00/D00/OSCInst0_SEDSTDBY"  />
    <postMsg mid="1163101" type="Warning" dynamic="1" navigation="0" arg0="1"  />

Design Results:
    245 blocks expanded
Complete the first expansion.
Writing 'lcd0200_lcd0200.ngd' ...
Total CPU Time: 0 secs  

Total REAL Time: 2 secs  


map -a "MachXO2" -p LCMXO2-7000HE -t TQFP144 -s 5 -oc Commercial   "lcd0200_lcd0200.ngd" -o "lcd0200_lcd0200_map.ncd" -pr "lcd0200_lcd0200.prf" -mp "lcd0200_lcd0200.mrp" -lpf "G:/Practicas de Entrenamiento/lcd02/lcd0200/lcd0200_lcd0200_synplify.lpf" -lpf "G:/Practicas de Entrenamiento/lcd02/lcd0200.lpf" -c 0            
map:  version Diamond (64-bit) 3.10.2.115

Copyright (c) 1991-1994 by NeoCAD Inc. All rights reserved.
Copyright (c) 1995 AT&T Corp.   All rights reserved.
Copyright (c) 1995-2001 Lucent Technologies Inc.  All rights reserved.
Copyright (c) 2001 Agere Systems   All rights reserved.
Copyright (c) 2002-2017 Lattice Semiconductor Corporation,  All rights reserved.
   Process the file: lcd0200_lcd0200.ngd
   Picdevice="LCMXO2-7000HE"

   Pictype="TQFP144"

   Picspeed=5

   Remove unused logic

   Do not produce over sized NCDs.

Part used: LCMXO2-7000HETQFP144, Performance used: 5.

Loading device for application map from file 'xo2c7000.nph' in environment: C:/lscc/diamond/3.10_x64/ispfpga.
Package Status:                     Final          Version 1.39.

Running general design DRC...

Removing unused logic...

Optimizing...




Design Summary:
   Number of registers:     62 out of  7209 (1%)
      PFU registers:           60 out of  6864 (1%)
      PIO registers:            2 out of   345 (1%)
   Number of SLICEs:        64 out of  3432 (2%)
      SLICEs as Logic/ROM:     64 out of  3432 (2%)
      SLICEs as RAM:            0 out of  2574 (0%)
      SLICEs as Carry:         12 out of  3432 (0%)
   Number of LUT4s:        128 out of  6864 (2%)
      Number used as logic LUTs:        104
      Number used as distributed RAM:     0
      Number used as ripple logic:       24
      Number used as shift registers:     0
   Number of PIO sites used: 45 + 4(JTAG) out of 115 (43%)
   Number of block RAMs:  0 out of 26 (0%)
   Number of GSRs:  0 out of 1 (0%)
   EFB used :       No
   JTAG used :      No
   Readback used :  No
   Oscillator used :  Yes
   Startup used :   No
   POR :            On
   Bandgap :        On
   Number of Power Controller:  0 out of 1 (0%)
   Number of Dynamic Bank Controller (BCINRD):  0 out of 6 (0%)
   Number of Dynamic Bank Controller (BCLVDSO):  0 out of 1 (0%)
   Number of DCCA:  0 out of 8 (0%)
   Number of DCMA:  0 out of 2 (0%)
   Number of PLLs:  0 out of 2 (0%)
   Number of DQSDLLs:  0 out of 2 (0%)
   Number of CLKDIVC:  0 out of 4 (0%)
   Number of ECLKSYNCA:  0 out of 4 (0%)
   Number of ECLKBRIDGECS:  0 out of 2 (0%)
   Notes:-
      1. Total number of LUT4s = (Number of logic LUT4s) + 2*(Number of distributed RAMs) + 2*(Number of ripple logic)
      2. Number of logic LUT4s does not include count of distributed RAM and ripple logic.
   Number of clocks:  1
     Net RA00.sclk_0: 40 loads, 40 rising, 0 falling (Driver: RA00/D00/OSCInst0 )
   Number of Clock Enables:  11
     Net un1_enablecd_10_0_o3_0_RNI2RG33: 1 loads, 0 LSLICEs
     Net un1_enablecd_8_0_a5_RNIT8721: 5 loads, 4 LSLICEs
     Net G_16: 9 loads, 9 LSLICEs
     Net RA03/outFlagc_RNO: 1 loads, 1 LSLICEs
     Net RA03/ENc_17_sqmuxa_RNITH9B1: 4 loads, 4 LSLICEs
     Net RA03/comandoc_1_RNO[7]: 1 loads, 1 LSLICEs
     Net RA03/ENc_RNO: 1 loads, 1 LSLICEs
     Net RA02/aux0_RNO: 1 loads, 1 LSLICEs
     Net RA02/aux3_RNO: 1 loads, 1 LSLICEs
     Net RA02/aux2_RNO: 1 loads, 1 LSLICEs
     Net RA02/aux1_RNO: 1 loads, 1 LSLICEs
   Number of LSRs:  6
     Net G_18: 6 loads, 5 LSLICEs
     Net G_23: 4 loads, 4 LSLICEs
     Net RA03/G_29: 1 loads, 1 LSLICEs
     Net RA02/outcodercd_44: 3 loads, 3 LSLICEs
     Net RA01/fb: 1 loads, 1 LSLICEs
     Net RA00/D01/N_6_i: 12 loads, 12 LSLICEs
   Number of nets driven by tri-state buffers:  0
   Top 10 highest fanout non-clock nets:
     Net G_16: 25 loads
     Net reset0_c: 19 loads
     Net outcontW0_c[1]: 15 loads
     Net outFlagc0_c: 15 loads
     Net outcrK0_c[1]: 14 loads
     Net outcontW0_c[3]: 12 loads
     Net outcrK0_c[0]: 12 loads
     Net RA00/D01/N_6_i: 12 loads
     Net outcontW0_c[2]: 11 loads
     Net outcontW0_c[4]: 11 loads
 

   Number of warnings:  0
   Number of errors:    0



Total CPU Time: 1 secs  
Total REAL Time: 4 secs  
Peak Memory Usage: 59 MB

Dumping design to file lcd0200_lcd0200_map.ncd.

mpartrce -p "lcd0200_lcd0200.p2t" -f "lcd0200_lcd0200.p3t" -tf "lcd0200_lcd0200.pt" "lcd0200_lcd0200_map.ncd" "lcd0200_lcd0200.ncd"

---- MParTrce Tool ----
Removing old design directory at request of -rem command line option to this program.
Running par. Please wait . . .

Lattice Place and Route Report for Design "lcd0200_lcd0200_map.ncd"
Tue Jun 12 19:14:33 2018

PAR: Place And Route Diamond (64-bit) 3.10.2.115.
Command Line: par -w -l 5 -i 6 -t 1 -c 0 -e 0 -gui -msgset "G:/Practicas de Entrenamiento/lcd02/promote.xml" -exp parUseNBR=1:parCDP=0:parCDR=0:parPathBased=OFF lcd0200_lcd0200_map.ncd lcd0200_lcd0200.dir/5_1.ncd lcd0200_lcd0200.prf
Preference file: lcd0200_lcd0200.prf.
Placement level-cost: 5-1.
Routing Iterations: 6

Loading design for application par from file lcd0200_lcd0200_map.ncd.
Design name: topram00
NCD version: 3.3
Vendor:      LATTICE
Device:      LCMXO2-7000HE
Package:     TQFP144
Performance: 5
Loading device for application par from file 'xo2c7000.nph' in environment: C:/lscc/diamond/3.10_x64/ispfpga.
Package Status:                     Final          Version 1.39.
Performance Hardware Data Status:   Final          Version 34.4.
License checked out.


Ignore Preference Error(s):  True
Device utilization summary:

   PIO (prelim)   45+4(JTAG)/336     15% used
                  45+4(JTAG)/115     43% bonded
   IOLOGIC            2/336          <1% used

   SLICE             64/3432          1% used

   OSC                1/1           100% used


Number of Signals: 210
Number of Connections: 570

Pin Constraint Summary:
   45 out of 45 pins locked (100% locked).

The following 1 signal is selected to use the primary clock routing resources:
    RA00.sclk_0 (driver: RA00/D00/OSCInst0, clk load #: 40)


The following 1 signal is selected to use the secondary clock routing resources:
    RA00/D01/N_6_i (driver: RA00/D01/SLICE_51, clk load #: 0, sr load #: 12, ce load #: 0)

No signal is selected as Global Set/Reset.
Starting Placer Phase 0.
.........
Finished Placer Phase 0.  REAL time: 5 secs 

Starting Placer Phase 1.
....................
Placer score = 69161.
Finished Placer Phase 1.  REAL time: 14 secs 

Starting Placer Phase 2.
.
Placer score =  68787
Finished Placer Phase 2.  REAL time: 15 secs 


------------------ Clock Report ------------------

Global Clock Resources:
  CLK_PIN    : 0 out of 8 (0%)
  PLL        : 0 out of 2 (0%)
  DCM        : 0 out of 2 (0%)
  DCC        : 0 out of 8 (0%)

Quadrants All (TL, TR, BL, BR) - Global Clocks:
  PRIMARY "RA00.sclk_0" from OSC on comp "RA00/D00/OSCInst0" on site "OSC", clk load = 40
  SECONDARY "RA00/D01/N_6_i" from F0 on comp "RA00/D01/SLICE_51" on site "R14C18B", clk load = 0, ce load = 0, sr load = 12

  PRIMARY  : 1 out of 8 (12%)
  SECONDARY: 1 out of 8 (12%)

Edge Clocks:
  No edge clock selected.

--------------- End of Clock Report ---------------


I/O Usage Summary (final):
   45 + 4(JTAG) out of 336 (14.6%) PIO sites used.
   45 + 4(JTAG) out of 115 (42.6%) bonded PIO sites used.
   Number of PIO comps: 45; differential: 0.
   Number of Vref pins used: 0.

I/O Bank Usage Summary:
+----------+----------------+------------+-----------+
| I/O Bank | Usage          | Bank Vccio | Bank Vref |
+----------+----------------+------------+-----------+
| 0        | 11 / 28 ( 39%) | 2.5V       | -         |
| 1        | 15 / 29 ( 51%) | 2.5V       | -         |
| 2        | 8 / 29 ( 27%)  | 2.5V       | -         |
| 3        | 0 / 9 (  0%)   | -          | -         |
| 4        | 2 / 10 ( 20%)  | 2.5V       | -         |
| 5        | 9 / 10 ( 90%)  | 2.5V       | -         |
+----------+----------------+------------+-----------+

Total placer CPU time: 10 secs 

Dumping design to file lcd0200_lcd0200.dir/5_1.ncd.

0 connections routed; 570 unrouted.
Starting router resource preassignment

Completed router resource preassignment. Real time: 21 secs 

Start NBR router at 19:14:54 06/12/18

*****************************************************************
Info: NBR allows conflicts(one node used by more than one signal)
      in the earlier iterations. In each iteration, it tries to  
      solve the conflicts while keeping the critical connections 
      routed as short as possible. The routing process is said to
      be completed when no conflicts exist and all connections   
      are routed.                                                
Note: NBR uses a different method to calculate timing slacks. The
      worst slack and total negative slack may not be the same as
      that in TRCE report. You should always run TRCE to verify  
      your design.                                               
*****************************************************************

Start NBR special constraint process at 19:14:54 06/12/18

Start NBR section for initial routing at 19:14:54 06/12/18
Level 4, iteration 1
12(0.00%) conflicts; 0(0.00%) untouched conn; 0 (nbr) score; 
Estimated worst slack/total negative slack<setup>: 468.793ns/0.000ns; real time: 21 secs 

Info: Initial congestion level at 75% usage is 0
Info: Initial congestion area  at 75% usage is 0 (0.00%)

Start NBR section for normal routing at 19:14:55 06/12/18
Level 4, iteration 1
7(0.00%) conflicts; 0(0.00%) untouched conn; 0 (nbr) score; 
Estimated worst slack/total negative slack<setup>: 468.793ns/0.000ns; real time: 22 secs 
Level 4, iteration 2
2(0.00%) conflicts; 0(0.00%) untouched conn; 0 (nbr) score; 
Estimated worst slack/total negative slack<setup>: 468.793ns/0.000ns; real time: 22 secs 
Level 4, iteration 3
1(0.00%) conflict; 0(0.00%) untouched conn; 0 (nbr) score; 
Estimated worst slack/total negative slack<setup>: 468.793ns/0.000ns; real time: 22 secs 
Level 4, iteration 4
0(0.00%) conflict; 0(0.00%) untouched conn; 0 (nbr) score; 
Estimated worst slack/total negative slack<setup>: 468.793ns/0.000ns; real time: 22 secs 

Start NBR section for setup/hold timing optimization with effort level 3 at 19:14:55 06/12/18

Start NBR section for re-routing at 19:14:56 06/12/18
Level 4, iteration 1
0(0.00%) conflict; 0(0.00%) untouched conn; 0 (nbr) score; 
Estimated worst slack/total negative slack<setup>: 468.793ns/0.000ns; real time: 23 secs 

Start NBR section for post-routing at 19:14:56 06/12/18

End NBR router with 0 unrouted connection

NBR Summary
-----------
  Number of unrouted connections : 0 (0.00%)
  Number of connections with timing violations : 0 (0.00%)
  Estimated worst slack<setup> : 468.793ns
  Timing score<setup> : 0
-----------
Notes: The timing info is calculated for SETUP only and all PAR_ADJs are ignored.



Total CPU time 16 secs 
Total REAL time: 23 secs 
Completely routed.
End of route.  570 routed (100.00%); 0 unrouted.

Hold time timing score: 0, hold timing errors: 0

Timing score: 0 

Dumping design to file lcd0200_lcd0200.dir/5_1.ncd.


PAR_SUMMARY::Run status = Success
PAR_SUMMARY::Number of unrouted conns = 0
PAR_SUMMARY::Worst  slack<setup/<ns>> = 468.793
PAR_SUMMARY::Timing score<setup/<ns>> = 0.000
PAR_SUMMARY::Worst  slack<hold /<ns>> = 0.377
PAR_SUMMARY::Timing score<hold /<ns>> = 0.000
PAR_SUMMARY::Number of errors = 0

Total CPU  time to completion: 16 secs 
Total REAL time to completion: 24 secs 

par done!

Copyright (c) 1991-1994 by NeoCAD Inc. All rights reserved.
Copyright (c) 1995 AT&T Corp.   All rights reserved.
Copyright (c) 1995-2001 Lucent Technologies Inc.  All rights reserved.
Copyright (c) 2001 Agere Systems   All rights reserved.
Copyright (c) 2002-2017 Lattice Semiconductor Corporation,  All rights reserved.
Exiting par with exit code 0
Exiting mpartrce with exit code 0

bitgen -f "lcd0200_lcd0200.t2b" -w "lcd0200_lcd0200.ncd" -jedec "lcd0200_lcd0200.prf"


BITGEN: Bitstream Generator Diamond (64-bit) 3.10.2.115
Copyright (c) 1991-1994 by NeoCAD Inc. All rights reserved.
Copyright (c) 1995 AT&T Corp.   All rights reserved.
Copyright (c) 1995-2001 Lucent Technologies Inc.  All rights reserved.
Copyright (c) 2001 Agere Systems   All rights reserved.
Copyright (c) 2002-2017 Lattice Semiconductor Corporation,  All rights reserved.


Loading design for application Bitgen from file lcd0200_lcd0200.ncd.
Design name: topram00
NCD version: 3.3
Vendor:      LATTICE
Device:      LCMXO2-7000HE
Package:     TQFP144
Performance: 5
Loading device for application Bitgen from file 'xo2c7000.nph' in environment: C:/lscc/diamond/3.10_x64/ispfpga.
Package Status:                     Final          Version 1.39.
Performance Hardware Data Status:   Final          Version 34.4.

Running DRC.
DRC detected 0 errors and 0 warnings.
Reading Preference File from lcd0200_lcd0200.prf.

Preference Summary:
+---------------------------------+---------------------------------+
|  Preference                     |  Current Setting                |
+---------------------------------+---------------------------------+
|                         RamCfg  |                        Reset**  |
+---------------------------------+---------------------------------+
|                     MCCLK_FREQ  |                         2.08**  |
+---------------------------------+---------------------------------+
|                  CONFIG_SECURE  |                          OFF**  |
+---------------------------------+---------------------------------+
|                          INBUF  |                           ON**  |
+---------------------------------+---------------------------------+
|                      JTAG_PORT  |                       ENABLE**  |
+---------------------------------+---------------------------------+
|                       SDM_PORT  |                      DISABLE**  |
+---------------------------------+---------------------------------+
|                 SLAVE_SPI_PORT  |                      DISABLE**  |
+---------------------------------+---------------------------------+
|                MASTER_SPI_PORT  |                      DISABLE**  |
+---------------------------------+---------------------------------+
|                       I2C_PORT  |                      DISABLE**  |
+---------------------------------+---------------------------------+
|        MUX_CONFIGURATION_PORTS  |                      DISABLE**  |
+---------------------------------+---------------------------------+
|                  CONFIGURATION  |                          CFG**  |
+---------------------------------+---------------------------------+
|                COMPRESS_CONFIG  |                           ON**  |
+---------------------------------+---------------------------------+
|                        MY_ASSP  |                          OFF**  |
+---------------------------------+---------------------------------+
|               ONE_TIME_PROGRAM  |                          OFF**  |
+---------------------------------+---------------------------------+
|                 ENABLE_TRANSFR  |                      DISABLE**  |
+---------------------------------+---------------------------------+
|                  SHAREDEBRINIT  |                      DISABLE**  |
+---------------------------------+---------------------------------+
|            BACKGROUND_RECONFIG  |                          OFF**  |
+---------------------------------+---------------------------------+
 *  Default setting.
 ** The specified setting matches the default setting.


Creating bit map...
 
Bitstream Status: Final           Version 1.94.
 
Saving bit stream in "lcd0200_lcd0200.jed".
 
===========
UFM Summary.
===========
UFM Size:        2046 Pages (128*2046 Bits).
UFM Utilization: General Purpose Flash Memory.
 
Available General Purpose Flash Memory: 2046 Pages (Page 0 to Page 2045).
Initialized UFM Pages:                     0 Page.
 
