
           Lattice Mapping Report File for Design Module 'topram00'


Design Information
------------------

Command line:   map -a MachXO2 -p LCMXO2-7000HE -t TQFP144 -s 5 -oc Commercial
     lcd0200_lcd0200.ngd -o lcd0200_lcd0200_map.ncd -pr lcd0200_lcd0200.prf -mp
     lcd0200_lcd0200.mrp -lpf G:/Practicas de
     Entrenamiento/lcd02/lcd0200/lcd0200_lcd0200_synplify.lpf -lpf G:/Practicas
     de Entrenamiento/lcd02/lcd0200.lpf -c 0 -gui -msgset G:/Practicas de
     Entrenamiento/lcd02/promote.xml 
Target Vendor:  LATTICE
Target Device:  LCMXO2-7000HETQFP144
Target Performance:   5
Mapper:  xo2c00,  version:  Diamond (64-bit) 3.10.2.115
Mapped on:  06/12/18  19:14:26

Design Summary
--------------

   Number of registers:     62 out of  7209 (1%)
      PFU registers:           60 out of  6864 (1%)
      PIO registers:            2 out of   345 (1%)
   Number of SLICEs:        64 out of  3432 (2%)
      SLICEs as Logic/ROM:     64 out of  3432 (2%)
      SLICEs as RAM:            0 out of  2574 (0%)
      SLICEs as Carry:         12 out of  3432 (0%)
   Number of LUT4s:        128 out of  6864 (2%)
      Number used as logic LUTs:        104
      Number used as distributed RAM:     0
      Number used as ripple logic:       24
      Number used as shift registers:     0
   Number of PIO sites used: 45 + 4(JTAG) out of 115 (43%)
   Number of block RAMs:  0 out of 26 (0%)
   Number of GSRs:  0 out of 1 (0%)
   EFB used :       No
   JTAG used :      No
   Readback used :  No
   Oscillator used :  Yes
   Startup used :   No
   POR :            On
   Bandgap :        On
   Number of Power Controller:  0 out of 1 (0%)
   Number of Dynamic Bank Controller (BCINRD):  0 out of 6 (0%)
   Number of Dynamic Bank Controller (BCLVDSO):  0 out of 1 (0%)
   Number of DCCA:  0 out of 8 (0%)
   Number of DCMA:  0 out of 2 (0%)
   Number of PLLs:  0 out of 2 (0%)
   Number of DQSDLLs:  0 out of 2 (0%)
   Number of CLKDIVC:  0 out of 4 (0%)
   Number of ECLKSYNCA:  0 out of 4 (0%)
   Number of ECLKBRIDGECS:  0 out of 2 (0%)
   Notes:-
      1. Total number of LUT4s = (Number of logic LUT4s) + 2*(Number of
     distributed RAMs) + 2*(Number of ripple logic)
      2. Number of logic LUT4s does not include count of distributed RAM and
     ripple logic.
   Number of clocks:  1
     Net RA00.sclk_0: 40 loads, 40 rising, 0 falling (Driver: RA00/D00/OSCInst0
     )

                                    Page 1




Design:  topram00                                      Date:  06/12/18  19:14:26

Design Summary (cont)
---------------------
   Number of Clock Enables:  11
     Net un1_enablecd_10_0_o3_0_RNI2RG33: 1 loads, 0 LSLICEs
     Net un1_enablecd_8_0_a5_RNIT8721: 5 loads, 4 LSLICEs
     Net G_16: 9 loads, 9 LSLICEs
     Net RA03/outFlagc_RNO: 1 loads, 1 LSLICEs
     Net RA03/ENc_17_sqmuxa_RNITH9B1: 4 loads, 4 LSLICEs
     Net RA03/comandoc_1_RNO[7]: 1 loads, 1 LSLICEs
     Net RA03/ENc_RNO: 1 loads, 1 LSLICEs
     Net RA02/aux0_RNO: 1 loads, 1 LSLICEs
     Net RA02/aux3_RNO: 1 loads, 1 LSLICEs
     Net RA02/aux2_RNO: 1 loads, 1 LSLICEs
     Net RA02/aux1_RNO: 1 loads, 1 LSLICEs
   Number of LSRs:  6
     Net G_18: 6 loads, 5 LSLICEs
     Net G_23: 4 loads, 4 LSLICEs
     Net RA03/G_29: 1 loads, 1 LSLICEs
     Net RA02/outcodercd_44: 3 loads, 3 LSLICEs
     Net RA01/fb: 1 loads, 1 LSLICEs
     Net RA00/D01/N_6_i: 12 loads, 12 LSLICEs
   Number of nets driven by tri-state buffers:  0
   Top 10 highest fanout non-clock nets:
     Net G_16: 25 loads
     Net reset0_c: 19 loads
     Net outcontW0_c[1]: 15 loads
     Net outFlagc0_c: 15 loads
     Net outcrK0_c[1]: 14 loads
     Net outcontW0_c[3]: 12 loads
     Net outcrK0_c[0]: 12 loads
     Net RA00/D01/N_6_i: 12 loads
     Net outcontW0_c[2]: 11 loads
     Net outcontW0_c[4]: 11 loads




   Number of warnings:  0
   Number of errors:    0
     

Design Errors/Warnings
----------------------

   No errors or warnings present.

IO (PIO) Attributes
-------------------

+---------------------+-----------+-----------+------------+
| IO Name             | Direction | Levelmode | IO         |
|                     |           |  IO_TYPE  | Register   |
+---------------------+-----------+-----------+------------+
| clk0                | OUTPUT    | LVCMOS25  |            |
+---------------------+-----------+-----------+------------+
| cdiv0[0]            | INPUT     | LVCMOS25  |            |
+---------------------+-----------+-----------+------------+
| outFlag0            | OUTPUT    | LVCMOS25  | OUT        |

                                    Page 2




Design:  topram00                                      Date:  06/12/18  19:14:26

IO (PIO) Attributes (cont)
--------------------------
+---------------------+-----------+-----------+------------+
| outFlagc0           | OUTPUT    | LVCMOS25  |            |
+---------------------+-----------+-----------+------------+
| outFlagcc0          | OUTPUT    | LVCMOS25  |            |
+---------------------+-----------+-----------+------------+
| outWord0[7]         | OUTPUT    | LVCMOS25  |            |
+---------------------+-----------+-----------+------------+
| outWord0[6]         | OUTPUT    | LVCMOS25  |            |
+---------------------+-----------+-----------+------------+
| outWord0[5]         | OUTPUT    | LVCMOS25  |            |
+---------------------+-----------+-----------+------------+
| outWord0[4]         | OUTPUT    | LVCMOS25  |            |
+---------------------+-----------+-----------+------------+
| outWord0[3]         | OUTPUT    | LVCMOS25  |            |
+---------------------+-----------+-----------+------------+
| outWord0[2]         | OUTPUT    | LVCMOS25  |            |
+---------------------+-----------+-----------+------------+
| outWord0[1]         | OUTPUT    | LVCMOS25  |            |
+---------------------+-----------+-----------+------------+
| outWord0[0]         | OUTPUT    | LVCMOS25  |            |
+---------------------+-----------+-----------+------------+
| outcontR0[4]        | OUTPUT    | LVCMOS25  |            |
+---------------------+-----------+-----------+------------+
| outcontR0[3]        | OUTPUT    | LVCMOS25  |            |
+---------------------+-----------+-----------+------------+
| outcontR0[2]        | OUTPUT    | LVCMOS25  |            |
+---------------------+-----------+-----------+------------+
| outcontR0[1]        | OUTPUT    | LVCMOS25  |            |
+---------------------+-----------+-----------+------------+
| outcontR0[0]        | OUTPUT    | LVCMOS25  |            |
+---------------------+-----------+-----------+------------+
| outcontW0[4]        | OUTPUT    | LVCMOS25  |            |
+---------------------+-----------+-----------+------------+
| outcontW0[3]        | OUTPUT    | LVCMOS25  |            |
+---------------------+-----------+-----------+------------+
| outcontW0[2]        | OUTPUT    | LVCMOS25  |            |
+---------------------+-----------+-----------+------------+
| outcontW0[1]        | OUTPUT    | LVCMOS25  |            |
+---------------------+-----------+-----------+------------+
| outcontW0[0]        | OUTPUT    | LVCMOS25  |            |
+---------------------+-----------+-----------+------------+
| outcrK0[3]          | OUTPUT    | LVCMOS25  |            |
+---------------------+-----------+-----------+------------+
| outcrK0[2]          | OUTPUT    | LVCMOS25  |            |
+---------------------+-----------+-----------+------------+
| outcrK0[1]          | OUTPUT    | LVCMOS25  |            |
+---------------------+-----------+-----------+------------+
| outcrK0[0]          | OUTPUT    | LVCMOS25  |            |
+---------------------+-----------+-----------+------------+
| outcrLed0[3]        | OUTPUT    | LVCMOS25  |            |
+---------------------+-----------+-----------+------------+
| outcrLed0[2]        | OUTPUT    | LVCMOS25  |            |
+---------------------+-----------+-----------+------------+
| outcrLed0[1]        | OUTPUT    | LVCMOS25  |            |
+---------------------+-----------+-----------+------------+
| outcrLed0[0]        | OUTPUT    | LVCMOS25  |            |

                                    Page 3




Design:  topram00                                      Date:  06/12/18  19:14:26

IO (PIO) Attributes (cont)
--------------------------
+---------------------+-----------+-----------+------------+
| inkey0[3]           | INPUT     | LVCMOS25  |            |
+---------------------+-----------+-----------+------------+
| inkey0[2]           | INPUT     | LVCMOS25  |            |
+---------------------+-----------+-----------+------------+
| inkey0[1]           | INPUT     | LVCMOS25  |            |
+---------------------+-----------+-----------+------------+
| inkey0[0]           | INPUT     | LVCMOS25  |            |
+---------------------+-----------+-----------+------------+
| EN0                 | OUTPUT    | LVCMOS25  |            |
+---------------------+-----------+-----------+------------+
| RS0                 | OUTPUT    | LVCMOS25  |            |
+---------------------+-----------+-----------+------------+
| RW0                 | OUTPUT    | LVCMOS25  |            |
+---------------------+-----------+-----------+------------+
| r0                  | INPUT     | LVCMOS25  |            |
+---------------------+-----------+-----------+------------+
| reset0              | INPUT     | LVCMOS25  | IN         |
+---------------------+-----------+-----------+------------+
| enable0             | INPUT     | LVCMOS25  |            |
+---------------------+-----------+-----------+------------+
| cdiv0[4]            | INPUT     | LVCMOS25  |            |
+---------------------+-----------+-----------+------------+
| cdiv0[3]            | INPUT     | LVCMOS25  |            |
+---------------------+-----------+-----------+------------+
| cdiv0[2]            | INPUT     | LVCMOS25  |            |
+---------------------+-----------+-----------+------------+
| cdiv0[1]            | INPUT     | LVCMOS25  |            |
+---------------------+-----------+-----------+------------+

Removed logic
-------------

Block VCC undriven or does not drive anything - clipped.
Block GSR_INST undriven or does not drive anything - clipped.
Block RA00/GND undriven or does not drive anything - clipped.
Block RA00/VCC undriven or does not drive anything - clipped.
Block RA00/D00/VCC undriven or does not drive anything - clipped.
Block RA00/D01/VCC undriven or does not drive anything - clipped.
Block RA01/VCC undriven or does not drive anything - clipped.
Block RA01/GND undriven or does not drive anything - clipped.
Block RA02/VCC undriven or does not drive anything - clipped.
Block RA02/GND undriven or does not drive anything - clipped.
Block RA03/VCC undriven or does not drive anything - clipped.
Block RA03/GND undriven or does not drive anything - clipped.
Block RA04/GND undriven or does not drive anything - clipped.
Block RA04/VCC undriven or does not drive anything - clipped.
Block RA05/VCC undriven or does not drive anything - clipped.
Block RA05/GND undriven or does not drive anything - clipped.
Signal RA00/D00/GND undriven or does not drive anything - clipped.
Signal RA00/D01/GND undriven or does not drive anything - clipped.
Signal VCC undriven or does not drive anything - clipped.
Signal RA00/D00/OSCInst0_SEDSTDBY undriven or does not drive anything - clipped.
     
Signal RA00/D01/un2_sdiv_cry_21_0_COUT undriven or does not drive anything -
     clipped.

                                    Page 4




Design:  topram00                                      Date:  06/12/18  19:14:26

Removed logic (cont)
--------------------
Signal RA00/D01/un2_sdiv_cry_0_0_S0 undriven or does not drive anything -
     clipped.
Signal RA00/D01/N_1 undriven or does not drive anything - clipped.
Block RA00/D00/GND was optimized away.
Block RA00/D01/GND was optimized away.

Memory Usage
------------


     

OSC Summary
-----------

OSC 1:                                     Pin/Node Value
  OSC Instance Name:                                RA00/D00/OSCInst0
  OSC Type:                                         OSCH
  STDBY Input:                                      NONE
  OSC Output:                              NODE     RA00.sclk_0
  OSC Nominal Frequency (MHz):                      2.08

ASIC Components
---------------

Instance Name: RA00/D00/OSCInst0
         Type: OSCH

Run Time and Memory Usage
-------------------------

   Total CPU Time: 1 secs  
   Total REAL Time: 4 secs  
   Peak Memory Usage: 59 MB
        






















                                    Page 5


Copyright (c) 1991-1994 by NeoCAD Inc. All rights reserved.
     Copyright (c) 1995 AT&T Corp.   All rights reserved.
     Copyright (c) 1995-2001 Lucent Technologies Inc.  All rights reserved.
     Copyright (c) 2001 Agere Systems   All rights reserved.
     Copyright (c) 2002-2017 Lattice Semiconductor Corporation,  All rights
     reserved.
