
           Lattice Mapping Report File for Design Module 'sumador'


Design Information
------------------

Command line:   map -a MachXO2 -p LCMXO2-7000HE -t TQFP144 -s 5 -oc Commercial
     sumadorlib00_sumadorlib00.ngd -o sumadorlib00_sumadorlib00_map.ncd -pr
     sumadorlib00_sumadorlib00.prf -mp sumadorlib00_sumadorlib00.mrp -lpf
     C:/Users/Alejandro/Desktop/5to semestre/Arquitectura de
     Computadoras/Practicas de Entrenamiento/sumadorlib00/sumadorlib00/sumadorli
     b00_sumadorlib00_synplify.lpf -lpf C:/Users/Alejandro/Desktop/5to
     semestre/Arquitectura de Computadoras/Practicas de
     Entrenamiento/sumadorlib00/sumadorlib00.lpf -c 0 -gui -msgset
     C:/Users/Alejandro/Desktop/5to semestre/Arquitectura de
     Computadoras/Practicas de Entrenamiento/sumadorlib00/promote.xml 
Target Vendor:  LATTICE
Target Device:  LCMXO2-7000HETQFP144
Target Performance:   5
Mapper:  xo2c00,  version:  Diamond (64-bit) 3.9.0.99.2
Mapped on:  09/29/17  10:40:00

Design Summary
--------------

   Number of registers:      0 out of  7209 (0%)
      PFU registers:            0 out of  6864 (0%)
      PIO registers:            0 out of   345 (0%)
   Number of SLICEs:         3 out of  3432 (0%)
      SLICEs as Logic/ROM:      3 out of  3432 (0%)
      SLICEs as RAM:            0 out of  2574 (0%)
      SLICEs as Carry:          3 out of  3432 (0%)
   Number of LUT4s:          6 out of  6864 (0%)
      Number used as logic LUTs:          0
      Number used as distributed RAM:     0
      Number used as ripple logic:        6
      Number used as shift registers:     0
   Number of PIO sites used: 13 + 4(JTAG) out of 115 (15%)
   Number of block RAMs:  0 out of 26 (0%)
   Number of GSRs:  0 out of 1 (0%)
   EFB used :       No
   JTAG used :      No
   Readback used :  No
   Oscillator used :  No
   Startup used :   No
   POR :            On
   Bandgap :        On
   Number of Power Controller:  0 out of 1 (0%)
   Number of Dynamic Bank Controller (BCINRD):  0 out of 6 (0%)
   Number of Dynamic Bank Controller (BCLVDSO):  0 out of 1 (0%)
   Number of DCCA:  0 out of 8 (0%)
   Number of DCMA:  0 out of 2 (0%)
   Number of PLLs:  0 out of 2 (0%)
   Number of DQSDLLs:  0 out of 2 (0%)
   Number of CLKDIVC:  0 out of 4 (0%)
   Number of ECLKSYNCA:  0 out of 4 (0%)
   Number of ECLKBRIDGECS:  0 out of 2 (0%)
   Notes:-
      1. Total number of LUT4s = (Number of logic LUT4s) + 2*(Number of
     distributed RAMs) + 2*(Number of ripple logic)
      2. Number of logic LUT4s does not include count of distributed RAM and

                                    Page 1




Design:  sumador                                       Date:  09/29/17  10:40:00

Design Summary (cont)
---------------------
     ripple logic.
   Number of clocks:  0
   Number of Clock Enables:  0
   Number of LSRs:  0
   Number of nets driven by tri-state buffers:  0
   Top 10 highest fanout non-clock nets:
     Net Sel_c: 5 loads
     Net Bb_c[0]: 1 loads
     Net Bb_c[2]: 1 loads
     Net Bb_c[3]: 1 loads
     Net sal: 1 loads
     Net sal_cry_0: 1 loads
     Net sal_c[0]: 1 loads
     Net sal_c[1]: 1 loads
     Net sal_c[2]: 1 loads
     Net sal_c[3]: 1 loads




   Number of warnings:  0
   Number of errors:    0
     

Design Errors/Warnings
----------------------

   No errors or warnings present.

IO (PIO) Attributes
-------------------

+---------------------+-----------+-----------+------------+
| IO Name             | Direction | Levelmode | IO         |
|                     |           |  IO_TYPE  | Register   |
+---------------------+-----------+-----------+------------+
| sal[0]              | OUTPUT    | LVCMOS25  |            |
+---------------------+-----------+-----------+------------+
| Aa[0]               | INPUT     | LVCMOS25  |            |
+---------------------+-----------+-----------+------------+
| sal[3]              | OUTPUT    | LVCMOS25  |            |
+---------------------+-----------+-----------+------------+
| sal[2]              | OUTPUT    | LVCMOS25  |            |
+---------------------+-----------+-----------+------------+
| sal[1]              | OUTPUT    | LVCMOS25  |            |
+---------------------+-----------+-----------+------------+
| Sel                 | INPUT     | LVCMOS25  |            |
+---------------------+-----------+-----------+------------+
| Bb[3]               | INPUT     | LVCMOS25  |            |
+---------------------+-----------+-----------+------------+
| Bb[2]               | INPUT     | LVCMOS25  |            |
+---------------------+-----------+-----------+------------+
| Bb[1]               | INPUT     | LVCMOS25  |            |
+---------------------+-----------+-----------+------------+
| Bb[0]               | INPUT     | LVCMOS25  |            |
+---------------------+-----------+-----------+------------+

                                    Page 2




Design:  sumador                                       Date:  09/29/17  10:40:00

IO (PIO) Attributes (cont)
--------------------------
| Aa[3]               | INPUT     | LVCMOS25  |            |
+---------------------+-----------+-----------+------------+
| Aa[2]               | INPUT     | LVCMOS25  |            |
+---------------------+-----------+-----------+------------+
| Aa[1]               | INPUT     | LVCMOS25  |            |
+---------------------+-----------+-----------+------------+

Removed logic
-------------

Block VCC undriven or does not drive anything - clipped.
Block GSR_INST undriven or does not drive anything - clipped.
Signal GND undriven or does not drive anything - clipped.
Signal VCC undriven or does not drive anything - clipped.
Signal sal_s_3_0_S1 undriven or does not drive anything - clipped.
Signal sal_s_3_0_COUT undriven or does not drive anything - clipped.
Signal sal_cry_0_0_S0 undriven or does not drive anything - clipped.
Signal N_1 undriven or does not drive anything - clipped.
Block GND was optimized away.

Memory Usage
------------


     

Run Time and Memory Usage
-------------------------

   Total CPU Time: 0 secs  
   Total REAL Time: 0 secs  
   Peak Memory Usage: 56 MB
        
























                                    Page 3


Copyright (c) 1991-1994 by NeoCAD Inc. All rights reserved.
     Copyright (c) 1995 AT&T Corp.   All rights reserved.
     Copyright (c) 1995-2001 Lucent Technologies Inc.  All rights reserved.
     Copyright (c) 2001 Agere Systems   All rights reserved.
     Copyright (c) 2002-2017 Lattice Semiconductor Corporation,  All rights
     reserved.
