Running in Lattice mode

Starting:    C:\lscc\diamond\3.10_x64\synpbase\bin64\mbin\synbatch.exe
Install:     C:\lscc\diamond\3.10_x64\synpbase
Hostname:    ALLECTO
Date:        Wed Jun 13 22:28:58 2018
Version:     M-2017.03L-SP1-1

Arguments:   -product synplify_pro -batch lcd01_lcd01_synplify.tcl
ProductType: synplify_pro




log file: "G:\Practicas de Entrenamiento\lcd01\lcd01\lcd01_lcd01.srr"
Running: hdl_info_gen in foreground

Generating HDL info...

hdl_info_gen completed
# Wed Jun 13 22:29:00 2018

Return Code: 0
Run Time:00h:00m:01s
Copied G:\Practicas de Entrenamiento\lcd01\lcd01\lcd01_lcd01.srr to G:\Practicas de Entrenamiento\lcd01\lcd01\lcd01_lcd01.srf
log file: "G:\Practicas de Entrenamiento\lcd01\lcd01\lcd01_lcd01.srr"
Running: lcd01 in foreground

Running proj_1|lcd01

Running: compile (Compile) on proj_1|lcd01
# Wed Jun 13 22:29:00 2018

Running: compile_flow (Compile Process) on proj_1|lcd01
# Wed Jun 13 22:29:00 2018

Running: compiler (Compile Input) on proj_1|lcd01
# Wed Jun 13 22:29:00 2018
Copied G:\Practicas de Entrenamiento\lcd01\lcd01\synwork\lcd01_lcd01_comp.srs to G:\Practicas de Entrenamiento\lcd01\lcd01\lcd01_lcd01.srs

compiler completed
# Wed Jun 13 22:29:09 2018

Return Code: 0
Run Time:00h:00m:09s

Running: multi_srs_gen (Multi-srs Generator) on proj_1|lcd01
# Wed Jun 13 22:29:09 2018

multi_srs_gen completed
# Wed Jun 13 22:29:10 2018

Return Code: 0
Run Time:00h:00m:01s
Copied G:\Practicas de Entrenamiento\lcd01\lcd01\synwork\lcd01_lcd01_mult.srs to G:\Practicas de Entrenamiento\lcd01\lcd01\lcd01_lcd01.srs
Copied G:\Practicas de Entrenamiento\lcd01\lcd01\lcd01_lcd01.srr to G:\Practicas de Entrenamiento\lcd01\lcd01\lcd01_lcd01.srf
Complete: Compile Process on proj_1|lcd01

Running: premap (Pre-mapping) on proj_1|lcd01
# Wed Jun 13 22:29:10 2018

premap completed with warnings
# Wed Jun 13 22:29:14 2018

Return Code: 1
Run Time:00h:00m:04s
Complete: Compile on proj_1|lcd01

Running: map (Map) on proj_1|lcd01
# Wed Jun 13 22:29:14 2018
License granted for 4 parallel jobs

Running: fpga_mapper (Map & Optimize) on proj_1|lcd01
# Wed Jun 13 22:29:14 2018
Copied G:\Practicas de Entrenamiento\lcd01\lcd01\synwork\lcd01_lcd01_m.srm to G:\Practicas de Entrenamiento\lcd01\lcd01\lcd01_lcd01.srm

fpga_mapper completed with warnings
# Wed Jun 13 22:29:23 2018

Return Code: 1
Run Time:00h:00m:09s
Complete: Map on proj_1|lcd01
Copied G:\Practicas de Entrenamiento\lcd01\lcd01\lcd01_lcd01.srr to G:\Practicas de Entrenamiento\lcd01\lcd01\lcd01_lcd01.srf
Complete: Logic Synthesis on proj_1|lcd01
TCL script complete: "lcd01_lcd01_synplify.tcl"
exit status=0
exit status=0
Save changes for project:
G:\Practicas de Entrenamiento\lcd01\lcd01\proj_1.prj
batch mode default:no
