Running in Lattice mode

Starting:    C:\lscc\diamond\3.10_x64\synpbase\bin64\mbin\synbatch.exe
Install:     C:\lscc\diamond\3.10_x64\synpbase
Hostname:    DESKTOP-A2P6QV0
Date:        Fri Dec  1 10:50:55 2017
Version:     M-2017.03L-SP1-1

Arguments:   -product synplify_pro -batch generic00_generic00_synplify.tcl
ProductType: synplify_pro




log file: "C:\Users\mike_\Desktop\5to semestre\Arquitectura de Computadoras\Practicas de Entrenamiento\generic00\generic00\generic00_generic00.srr"
Running: hdl_info_gen in foreground

Generating HDL info...

hdl_info_gen completed
# Fri Dec  1 10:50:57 2017

Return Code: 0
Run Time:00h:00m:01s
Copied C:\Users\mike_\Desktop\5to semestre\Arquitectura de Computadoras\Practicas de Entrenamiento\generic00\generic00\generic00_generic00.srr to C:\Users\mike_\Desktop\5to semestre\Arquitectura de Computadoras\Practicas de Entrenamiento\generic00\generic00\generic00_generic00.srf
log file: "C:\Users\mike_\Desktop\5to semestre\Arquitectura de Computadoras\Practicas de Entrenamiento\generic00\generic00\generic00_generic00.srr"
Running: generic00 in foreground

Running proj_1|generic00

Running: compile (Compile) on proj_1|generic00
# Fri Dec  1 10:50:57 2017

Running: compile_flow (Compile Process) on proj_1|generic00
# Fri Dec  1 10:50:57 2017

Running: compiler (Compile Input) on proj_1|generic00
# Fri Dec  1 10:50:57 2017

compiler completed
# Fri Dec  1 10:50:59 2017

Return Code: 0
Run Time:00h:00m:02s

Running: multi_srs_gen (Multi-srs Generator) on proj_1|generic00
# Fri Dec  1 10:50:59 2017

multi_srs_gen completed
# Fri Dec  1 10:51:00 2017

Return Code: 0
Run Time:00h:00m:01s
Copied C:\Users\mike_\Desktop\5to semestre\Arquitectura de Computadoras\Practicas de Entrenamiento\generic00\generic00\generic00_generic00.srr to C:\Users\mike_\Desktop\5to semestre\Arquitectura de Computadoras\Practicas de Entrenamiento\generic00\generic00\generic00_generic00.srf
Complete: Compile Process on proj_1|generic00

Running: premap (Pre-mapping) on proj_1|generic00
# Fri Dec  1 10:51:00 2017

premap completed with warnings
# Fri Dec  1 10:51:03 2017

Return Code: 1
Run Time:00h:00m:03s
Complete: Compile on proj_1|generic00

Running: map (Map) on proj_1|generic00
# Fri Dec  1 10:51:03 2017
License granted for 4 parallel jobs

Running: fpga_mapper (Map & Optimize) on proj_1|generic00
# Fri Dec  1 10:51:03 2017
Copied C:\Users\mike_\Desktop\5to semestre\Arquitectura de Computadoras\Practicas de Entrenamiento\generic00\generic00\synwork\generic00_generic00_m.srm to C:\Users\mike_\Desktop\5to semestre\Arquitectura de Computadoras\Practicas de Entrenamiento\generic00\generic00\generic00_generic00.srm

fpga_mapper completed with warnings
# Fri Dec  1 10:51:06 2017

Return Code: 1
Run Time:00h:00m:03s
Complete: Map on proj_1|generic00
Copied C:\Users\mike_\Desktop\5to semestre\Arquitectura de Computadoras\Practicas de Entrenamiento\generic00\generic00\generic00_generic00.srr to C:\Users\mike_\Desktop\5to semestre\Arquitectura de Computadoras\Practicas de Entrenamiento\generic00\generic00\generic00_generic00.srf
Complete: Logic Synthesis on proj_1|generic00
TCL script complete: "generic00_generic00_synplify.tcl"
exit status=0
exit status=0
Save changes for project:
C:\Users\mike_\Desktop\5to semestre\Arquitectura de Computadoras\Practicas de Entrenamiento\generic00\generic00\proj_1.prj
batch mode default:no
