
synpwrap -msg -prj "divosc00_divosc00_synplify.tcl" -log "divosc00_divosc00.srf"
Copyright (C) 1992-2017 Lattice Semiconductor Corporation. All rights reserved.
Lattice Diamond Version 3.9.0.99.2
    <postMsg mid="2011000" type="Info"    dynamic="0" navigation="0"  />

==contents of divosc00_divosc00.srf
#Build: Synplify Pro L-2016.09L, Build 077R, Dec  2 2016
#install: C:\lscc\diamond\3.9_x64\synpbase
#OS: Windows 8 6.2
#Hostname: ALEJANDROBE

# Tue Sep 05 11:14:03 2017

#Implementation: divosc00

Synopsys HDL Compiler, version comp2016q3p1, Build 141R, built Dec  5 2016
@N|Running in 64-bit mode
Copyright (C) 1994-2016 Synopsys, Inc. All rights reserved. This Synopsys software and all associated documentation are proprietary to Synopsys, Inc. and may only be used pursuant to the terms and conditions of a written license agreement with Synopsys, Inc. All other use, reproduction, modification, or distribution of the Synopsys software or the associated documentation is strictly prohibited.

Synopsys VHDL Compiler, version comp2016q3p1, Build 141R, built Dec  5 2016
@N|Running in 64-bit mode
Copyright (C) 1994-2016 Synopsys, Inc. All rights reserved. This Synopsys software and all associated documentation are proprietary to Synopsys, Inc. and may only be used pursuant to the terms and conditions of a written license agreement with Synopsys, Inc. All other use, reproduction, modification, or distribution of the Synopsys software or the associated documentation is strictly prohibited.

@N: CD720 :"C:\lscc\diamond\3.9_x64\synpbase\lib\vhd\std.vhd":123:18:123:21|Setting time resolution to ps
@N:"C:\Users\Alejandro\Desktop\5to semestre\Arquitectura de Computadoras\Practicas de Entrenamiento\divosc00\toposcdiv00.vhdl":9:7:9:17|Top entity is set to toposcdiv00.
File C:\lscc\diamond\3.9_x64\synpbase\lib\cpld\lattice.vhd changed - recompiling
File C:\lscc\diamond\3.9_x64\synpbase\lib\lucent\machxo2.vhd changed - recompiling
File C:\Users\Alejandro\Desktop\5to semestre\Arquitectura de Computadoras\Practicas de Entrenamiento\divosc00\div00.vhdl changed - recompiling
File C:\Users\Alejandro\Desktop\5to semestre\Arquitectura de Computadoras\Practicas de Entrenamiento\divosc00\packagediv00.vhdl changed - recompiling
File C:\Users\Alejandro\Desktop\5to semestre\Arquitectura de Computadoras\Practicas de Entrenamiento\divosc00\toposcdiv00.vhdl changed - recompiling
VHDL syntax check successful!
File C:\Users\Alejandro\Desktop\5to semestre\Arquitectura de Computadoras\Practicas de Entrenamiento\divosc00\div00.vhdl changed - recompiling
@N: CD630 :"C:\Users\Alejandro\Desktop\5to semestre\Arquitectura de Computadoras\Practicas de Entrenamiento\divosc00\toposcdiv00.vhdl":9:7:9:17|Synthesizing work.toposcdiv00.toposcdiv0.
@N: CD630 :"C:\Users\Alejandro\Desktop\5to semestre\Arquitectura de Computadoras\Practicas de Entrenamiento\divosc00\div00.vhdl":9:7:9:11|Synthesizing work.div00.div0.
Post processing for work.div00.div0
@N: CD630 :"C:\Users\Alejandro\Desktop\5to semestre\Arquitectura de Computadoras\Practicas de Entrenamiento\osc00vhdl\osc00.vhdl":8:7:8:11|Synthesizing work.osc00.osc0.
@W: CD276 :"C:\lscc\diamond\3.9_x64\cae_library\synthesis\vhdl\machxo2.vhd":2297:8:2297:15|Map for port sedstdby of component osch not found
@N: CD630 :"C:\lscc\diamond\3.9_x64\cae_library\synthesis\vhdl\machxo2.vhd":2291:10:2291:13|Synthesizing work.osch.syn_black_box.
Post processing for work.osch.syn_black_box
Post processing for work.osc00.osc0
Post processing for work.toposcdiv00.toposcdiv0

At c_vhdl Exit (Real Time elapsed 0h:00m:00s; CPU Time elapsed 0h:00m:00s; Memory used current: 76MB peak: 79MB)

Process took 0h:00m:01s realtime, 0h:00m:01s cputime

Process completed successfully.
# Tue Sep 05 11:14:03 2017

###########################################################]
Synopsys Netlist Linker, version comp2016q3p1, Build 141R, built Dec  5 2016
@N|Running in 64-bit mode
File C:\Users\Alejandro\Desktop\5to semestre\Arquitectura de Computadoras\Practicas de Entrenamiento\divosc00\divosc00\synwork\layer0.srs changed - recompiling

At syn_nfilter Exit (Real Time elapsed 0h:00m:00s; CPU Time elapsed 0h:00m:00s; Memory used current: 67MB peak: 68MB)

Process took 0h:00m:01s realtime, 0h:00m:01s cputime

Process completed successfully.
# Tue Sep 05 11:14:04 2017

###########################################################]
@END

At c_hdl Exit (Real Time elapsed 0h:00m:00s; CPU Time elapsed 0h:00m:00s; Memory used current: 3MB peak: 4MB)

Process took 0h:00m:01s realtime, 0h:00m:01s cputime

Process completed successfully.
# Tue Sep 05 11:14:04 2017

###########################################################]
Synopsys Netlist Linker, version comp2016q3p1, Build 141R, built Dec  5 2016
@N|Running in 64-bit mode
File C:\Users\Alejandro\Desktop\5to semestre\Arquitectura de Computadoras\Practicas de Entrenamiento\divosc00\divosc00\synwork\divosc00_divosc00_comp.srs changed - recompiling

At syn_nfilter Exit (Real Time elapsed 0h:00m:00s; CPU Time elapsed 0h:00m:00s; Memory used current: 67MB peak: 68MB)

Process took 0h:00m:01s realtime, 0h:00m:01s cputime

Process completed successfully.
# Tue Sep 05 11:14:05 2017

###########################################################]
Pre-mapping Report

# Tue Sep 05 11:14:05 2017

Synopsys Lattice Technology Pre-mapping, Version maplat, Build 1612R, Built Dec  5 2016 10:33:02
Copyright (C) 1994-2016 Synopsys, Inc. All rights reserved. This Synopsys software and all associated documentation are proprietary to Synopsys, Inc. and may only be used pursuant to the terms and conditions of a written license agreement with Synopsys, Inc. All other use, reproduction, modification, or distribution of the Synopsys software or the associated documentation is strictly prohibited.
Product Version L-2016.09L

Mapper Startup Complete (Real Time elapsed 0h:00m:00s; CPU Time elapsed 0h:00m:00s; Memory used current: 99MB peak: 100MB)

@A: MF827 |No constraint file specified.
@L: C:\Users\Alejandro\Desktop\5to semestre\Arquitectura de Computadoras\Practicas de Entrenamiento\divosc00\divosc00\divosc00_divosc00_scck.rpt 
Printing clock  summary report in "C:\Users\Alejandro\Desktop\5to semestre\Arquitectura de Computadoras\Practicas de Entrenamiento\divosc00\divosc00\divosc00_divosc00_scck.rpt" file 
@N: MF248 |Running in 64-bit mode.
@N: MF666 |Clock conversion enabled. (Command "set_option -fix_gated_and_generated_clocks 1" in the project file.)

Design Input Complete (Real Time elapsed 0h:00m:00s; CPU Time elapsed 0h:00m:00s; Memory used current: 100MB peak: 102MB)


Mapper Initialization Complete (Real Time elapsed 0h:00m:00s; CPU Time elapsed 0h:00m:00s; Memory used current: 100MB peak: 102MB)


Start loading timing files (Real Time elapsed 0h:00m:00s; CPU Time elapsed 0h:00m:00s; Memory used current: 112MB peak: 113MB)


Finished loading timing files (Real Time elapsed 0h:00m:00s; CPU Time elapsed 0h:00m:00s; Memory used current: 112MB peak: 115MB)

ICG Latch Removal Summary:
Number of ICG latches removed:	0
Number of ICG latches not removed:	0
syn_allowed_resources : blockrams=26  set on top level netlist toposcdiv00

Finished netlist restructuring (Real Time elapsed 0h:00m:00s; CPU Time elapsed 0h:00m:00s; Memory used current: 140MB peak: 142MB)



Clock Summary
*****************

Start                            Requested     Requested     Clock        Clock                   Clock
Clock                            Frequency     Period        Type         Group                   Load 
-------------------------------------------------------------------------------------------------------
osc00|osc_int_inferred_clock     2.1 MHz       480.769       inferred     Inferred_clkgroup_0     23   
=======================================================================================================

@W: MT529 :"c:\users\alejandro\desktop\5to semestre\arquitectura de computadoras\practicas de entrenamiento\divosc00\div00.vhdl":22:1:22:2|Found inferred clock osc00|osc_int_inferred_clock which controls 23 sequential elements including D01.sdiv[21:0]. This clock has no specified timing constraint which may prevent conversion of gated or generated clocks and may adversely impact design performance. 

Finished Pre Mapping Phase.

Starting constraint checker (Real Time elapsed 0h:00m:00s; CPU Time elapsed 0h:00m:00s; Memory used current: 140MB peak: 142MB)

None
None

Finished constraint checker (Real Time elapsed 0h:00m:00s; CPU Time elapsed 0h:00m:00s; Memory used current: 140MB peak: 142MB)

Pre-mapping successful!

At Mapper Exit (Real Time elapsed 0h:00m:00s; CPU Time elapsed 0h:00m:00s; Memory used current: 56MB peak: 142MB)

Process took 0h:00m:01s realtime, 0h:00m:01s cputime
# Tue Sep 05 11:14:05 2017

###########################################################]
Map & Optimize Report

# Tue Sep 05 11:14:06 2017

Synopsys Lattice Technology Mapper, Version maplat, Build 1612R, Built Dec  5 2016 10:33:02
Copyright (C) 1994-2016 Synopsys, Inc. All rights reserved. This Synopsys software and all associated documentation are proprietary to Synopsys, Inc. and may only be used pursuant to the terms and conditions of a written license agreement with Synopsys, Inc. All other use, reproduction, modification, or distribution of the Synopsys software or the associated documentation is strictly prohibited.
Product Version L-2016.09L

Mapper Startup Complete (Real Time elapsed 0h:00m:00s; CPU Time elapsed 0h:00m:00s; Memory used current: 99MB peak: 100MB)

@N: MF248 |Running in 64-bit mode.
@N: MF666 |Clock conversion enabled. (Command "set_option -fix_gated_and_generated_clocks 1" in the project file.)

Design Input Complete (Real Time elapsed 0h:00m:00s; CPU Time elapsed 0h:00m:00s; Memory used current: 99MB peak: 101MB)


Mapper Initialization Complete (Real Time elapsed 0h:00m:00s; CPU Time elapsed 0h:00m:00s; Memory used current: 99MB peak: 101MB)


Start loading timing files (Real Time elapsed 0h:00m:00s; CPU Time elapsed 0h:00m:00s; Memory used current: 112MB peak: 112MB)


Finished loading timing files (Real Time elapsed 0h:00m:00s; CPU Time elapsed 0h:00m:00s; Memory used current: 112MB peak: 115MB)



Starting Optimization and Mapping (Real Time elapsed 0h:00m:00s; CPU Time elapsed 0h:00m:00s; Memory used current: 140MB peak: 142MB)


Available hyper_sources - for debug and ip models
	None Found


Finished RTL optimizations (Real Time elapsed 0h:00m:00s; CPU Time elapsed 0h:00m:00s; Memory used current: 140MB peak: 142MB)


Starting factoring (Real Time elapsed 0h:00m:00s; CPU Time elapsed 0h:00m:00s; Memory used current: 140MB peak: 142MB)


Finished factoring (Real Time elapsed 0h:00m:00s; CPU Time elapsed 0h:00m:00s; Memory used current: 140MB peak: 142MB)


Finished gated-clock and generated-clock conversion (Real Time elapsed 0h:00m:00s; CPU Time elapsed 0h:00m:00s; Memory used current: 140MB peak: 142MB)


Finished generic timing optimizations - Pass 1 (Real Time elapsed 0h:00m:00s; CPU Time elapsed 0h:00m:00s; Memory used current: 140MB peak: 142MB)


Starting Early Timing Optimization (Real Time elapsed 0h:00m:00s; CPU Time elapsed 0h:00m:00s; Memory used current: 141MB peak: 142MB)


Finished Early Timing Optimization (Real Time elapsed 0h:00m:00s; CPU Time elapsed 0h:00m:00s; Memory used current: 141MB peak: 142MB)


Finished generic timing optimizations - Pass 2 (Real Time elapsed 0h:00m:00s; CPU Time elapsed 0h:00m:00s; Memory used current: 140MB peak: 142MB)


Finished preparing to map (Real Time elapsed 0h:00m:00s; CPU Time elapsed 0h:00m:00s; Memory used current: 141MB peak: 142MB)


Finished technology mapping (Real Time elapsed 0h:00m:00s; CPU Time elapsed 0h:00m:00s; Memory used current: 140MB peak: 142MB)

Pass		 CPU time		Worst Slack		Luts / Registers
------------------------------------------------------------
   1		0h:00m:00s		   473.35ns		  14 /        23

Finished technology timing optimizations and critical path resynthesis (Real Time elapsed 0h:00m:00s; CPU Time elapsed 0h:00m:00s; Memory used current: 140MB peak: 142MB)

@N: FX164 |The option to pack registers in the IOB has not been specified. Please set syn_useioff attribute.  

Finished restoring hierarchy (Real Time elapsed 0h:00m:00s; CPU Time elapsed 0h:00m:00s; Memory used current: 140MB peak: 142MB)



@S |Clock Optimization Summary


#### START OF CLOCK OPTIMIZATION REPORT #####[

0 non-gated/non-generated clock tree(s) driving 0 clock pin(s) of sequential element(s)
1 gated/generated clock tree(s) driving 23 clock pin(s) of sequential element(s)
0 instances converted, 23 sequential instances remain driven by gated/generated clocks

================================================================================================= Gated/Generated Clocks =================================================================================================
Clock Tree ID     Driving Element     Drive Element Type     Fanout     Sample Instance     Explanation                                                                                                                   
--------------------------------------------------------------------------------------------------------------------------------------------------------------------------------------------------------------------------
@K:CKID0001       D00.OSCInst0        OSCH                   23         D01.outdiv          Gating structure creates improper gating logic. See the Gated Clocks description in the user guide for conversion requirements
==========================================================================================================================================================================================================================


##### END OF CLOCK OPTIMIZATION REPORT ######]


Start Writing Netlists (Real Time elapsed 0h:00m:00s; CPU Time elapsed 0h:00m:00s; Memory used current: 107MB peak: 142MB)

Writing Analyst data base C:\Users\Alejandro\Desktop\5to semestre\Arquitectura de Computadoras\Practicas de Entrenamiento\divosc00\divosc00\synwork\divosc00_divosc00_m.srm

Finished Writing Netlist Databases (Real Time elapsed 0h:00m:00s; CPU Time elapsed 0h:00m:00s; Memory used current: 139MB peak: 142MB)

Writing EDIF Netlist and constraint files
@N: FX1056 |Writing EDF file: C:\Users\Alejandro\Desktop\5to semestre\Arquitectura de Computadoras\Practicas de Entrenamiento\divosc00\divosc00\divosc00_divosc00.edi
L-2016.09L
@N: BW106 |Synplicity Constraint File capacitance units using default value of 1pF 

Finished Writing EDIF Netlist and constraint files (Real Time elapsed 0h:00m:01s; CPU Time elapsed 0h:00m:01s; Memory used current: 143MB peak: 145MB)


Start final timing analysis (Real Time elapsed 0h:00m:01s; CPU Time elapsed 0h:00m:01s; Memory used current: 144MB peak: 145MB)

@W: MT420 |Found inferred clock osc00|osc_int_inferred_clock with period 480.77ns. Please declare a user-defined clock on object "n:D00.osc_int"


##### START OF TIMING REPORT #####[
# Timing Report written on Tue Sep 05 11:14:07 2017
#


Top view:               toposcdiv00
Requested Frequency:    2.1 MHz
Wire load mode:         top
Paths requested:        5
Constraint File(s):    
@N: MT320 |This timing report is an estimate of place and route data. For final timing results, use the FPGA vendor place and route report.

@N: MT322 |Clock constraints include only register-to-register paths associated with each individual clock.



Performance Summary
*******************


Worst slack in design: 471.984

                                 Requested     Estimated     Requested     Estimated                 Clock        Clock              
Starting Clock                   Frequency     Frequency     Period        Period        Slack       Type         Group              
-------------------------------------------------------------------------------------------------------------------------------------
osc00|osc_int_inferred_clock     2.1 MHz       113.8 MHz     480.769       8.785         471.984     inferred     Inferred_clkgroup_0
=====================================================================================================================================





Clock Relationships
*******************

Clocks                                                      |    rise  to  rise     |    fall  to  fall   |    rise  to  fall   |    fall  to  rise 
----------------------------------------------------------------------------------------------------------------------------------------------------
Starting                      Ending                        |  constraint  slack    |  constraint  slack  |  constraint  slack  |  constraint  slack
----------------------------------------------------------------------------------------------------------------------------------------------------
osc00|osc_int_inferred_clock  osc00|osc_int_inferred_clock  |  480.769     471.984  |  No paths    -      |  No paths    -      |  No paths    -    
====================================================================================================================================================
 Note: 'No paths' indicates there are no paths in the design for that pair of clock edges.
       'Diff grp' indicates that paths exist but the starting clock and ending clock are in different clock groups.



Interface Information 
*********************

No IO constraint found



====================================
Detailed Report for Clock: osc00|osc_int_inferred_clock
====================================



Starting Points with Worst Slack
********************************

                 Starting                                                          Arrival            
Instance         Reference                        Type        Pin     Net          Time        Slack  
                 Clock                                                                                
------------------------------------------------------------------------------------------------------
D01.sdiv[17]     osc00|osc_int_inferred_clock     FD1S3IX     Q       sdiv[17]     1.108       471.984
D01.sdiv[18]     osc00|osc_int_inferred_clock     FD1S3IX     Q       sdiv[18]     1.108       471.984
D01.sdiv[20]     osc00|osc_int_inferred_clock     FD1S3IX     Q       sdiv[20]     1.188       472.921
D01.sdiv[21]     osc00|osc_int_inferred_clock     FD1S3IX     Q       sdiv[21]     1.180       472.929
D01.sdiv[19]     osc00|osc_int_inferred_clock     FD1S3IX     Q       sdiv[19]     1.148       472.961
D01.sdiv[15]     osc00|osc_int_inferred_clock     FD1S3IX     Q       sdiv[15]     1.108       473.001
D01.sdiv[16]     osc00|osc_int_inferred_clock     FD1S3IX     Q       sdiv[16]     1.108       473.001
D01.sdiv[0]      osc00|osc_int_inferred_clock     FD1S3IX     Q       sdiv[0]      0.972       475.170
D01.sdiv[1]      osc00|osc_int_inferred_clock     FD1S3IX     Q       sdiv[1]      0.972       475.313
D01.sdiv[2]      osc00|osc_int_inferred_clock     FD1S3IX     Q       sdiv[2]      0.972       475.313
======================================================================================================


Ending Points with Worst Slack
******************************

                 Starting                                                              Required            
Instance         Reference                        Type        Pin     Net              Time         Slack  
                 Clock                                                                                     
-----------------------------------------------------------------------------------------------------------
D01.sdiv[21]     osc00|osc_int_inferred_clock     FD1S3IX     D       un2_sdiv[21]     480.664      471.984
D01.sdiv[19]     osc00|osc_int_inferred_clock     FD1S3IX     D       un2_sdiv[19]     480.664      472.127
D01.sdiv[20]     osc00|osc_int_inferred_clock     FD1S3IX     D       un2_sdiv[20]     480.664      472.127
D01.sdiv[17]     osc00|osc_int_inferred_clock     FD1S3IX     D       un2_sdiv[17]     480.664      472.269
D01.sdiv[18]     osc00|osc_int_inferred_clock     FD1S3IX     D       un2_sdiv[18]     480.664      472.269
D01.sdiv[15]     osc00|osc_int_inferred_clock     FD1S3IX     D       un2_sdiv[15]     480.664      472.412
D01.sdiv[16]     osc00|osc_int_inferred_clock     FD1S3IX     D       un2_sdiv[16]     480.664      472.412
D01.sdiv[13]     osc00|osc_int_inferred_clock     FD1S3IX     D       un2_sdiv[13]     480.664      472.555
D01.sdiv[14]     osc00|osc_int_inferred_clock     FD1S3IX     D       un2_sdiv[14]     480.664      472.555
D01.sdiv[11]     osc00|osc_int_inferred_clock     FD1S3IX     D       un2_sdiv[11]     480.664      472.698
===========================================================================================================



Worst Path Information
***********************


Path information for path number 1: 
      Requested Period:                      480.769
    - Setup time:                            0.106
    + Clock delay at ending point:           0.000 (ideal)
    = Required time:                         480.664

    - Propagation time:                      8.680
    - Clock delay at starting point:         0.000 (ideal)
    = Slack (critical) :                     471.984

    Number of logic level(s):                15
    Starting point:                          D01.sdiv[17] / Q
    Ending point:                            D01.sdiv[21] / D
    The start point is clocked by            osc00|osc_int_inferred_clock [rising] on pin CK
    The end   point is clocked by            osc00|osc_int_inferred_clock [rising] on pin CK

Instance / Net                                    Pin      Pin               Arrival     No. of    
Name                                 Type         Name     Dir     Delay     Time        Fan Out(s)
---------------------------------------------------------------------------------------------------
D01.sdiv[17]                         FD1S3IX      Q        Out     1.108     1.108       -         
sdiv[17]                             Net          -        -       -         -           3         
D01.un1_outdiv_0_sqmuxa_1_i_1[0]     ORCALUT4     A        In      0.000     1.108       -         
D01.un1_outdiv_0_sqmuxa_1_i_1[0]     ORCALUT4     Z        Out     1.017     2.125       -         
un1_outdiv_0_sqmuxa_1_i_1[0]         Net          -        -       -         -           1         
D01.un1_outdiv_0_sqmuxa_1_i_3[0]     ORCALUT4     B        In      0.000     2.125       -         
D01.un1_outdiv_0_sqmuxa_1_i_3[0]     ORCALUT4     Z        Out     1.017     3.141       -         
un1_outdiv_0_sqmuxa_1_i_3[0]         Net          -        -       -         -           1         
D01.un2_sdiv_cry_0_0_RNO             ORCALUT4     B        In      0.000     3.141       -         
D01.un2_sdiv_cry_0_0_RNO             ORCALUT4     Z        Out     1.017     4.158       -         
N_4_i                                Net          -        -       -         -           1         
D01.un2_sdiv_cry_0_0                 CCU2D        B0       In      0.000     4.158       -         
D01.un2_sdiv_cry_0_0                 CCU2D        COUT     Out     1.545     5.703       -         
un2_sdiv_cry_0                       Net          -        -       -         -           1         
D01.un2_sdiv_cry_1_0                 CCU2D        CIN      In      0.000     5.703       -         
D01.un2_sdiv_cry_1_0                 CCU2D        COUT     Out     0.143     5.846       -         
un2_sdiv_cry_2                       Net          -        -       -         -           1         
D01.un2_sdiv_cry_3_0                 CCU2D        CIN      In      0.000     5.846       -         
D01.un2_sdiv_cry_3_0                 CCU2D        COUT     Out     0.143     5.988       -         
un2_sdiv_cry_4                       Net          -        -       -         -           1         
D01.un2_sdiv_cry_5_0                 CCU2D        CIN      In      0.000     5.988       -         
D01.un2_sdiv_cry_5_0                 CCU2D        COUT     Out     0.143     6.131       -         
un2_sdiv_cry_6                       Net          -        -       -         -           1         
D01.un2_sdiv_cry_7_0                 CCU2D        CIN      In      0.000     6.131       -         
D01.un2_sdiv_cry_7_0                 CCU2D        COUT     Out     0.143     6.274       -         
un2_sdiv_cry_8                       Net          -        -       -         -           1         
D01.un2_sdiv_cry_9_0                 CCU2D        CIN      In      0.000     6.274       -         
D01.un2_sdiv_cry_9_0                 CCU2D        COUT     Out     0.143     6.417       -         
un2_sdiv_cry_10                      Net          -        -       -         -           1         
D01.un2_sdiv_cry_11_0                CCU2D        CIN      In      0.000     6.417       -         
D01.un2_sdiv_cry_11_0                CCU2D        COUT     Out     0.143     6.559       -         
un2_sdiv_cry_12                      Net          -        -       -         -           1         
D01.un2_sdiv_cry_13_0                CCU2D        CIN      In      0.000     6.559       -         
D01.un2_sdiv_cry_13_0                CCU2D        COUT     Out     0.143     6.702       -         
un2_sdiv_cry_14                      Net          -        -       -         -           1         
D01.un2_sdiv_cry_15_0                CCU2D        CIN      In      0.000     6.702       -         
D01.un2_sdiv_cry_15_0                CCU2D        COUT     Out     0.143     6.845       -         
un2_sdiv_cry_16                      Net          -        -       -         -           1         
D01.un2_sdiv_cry_17_0                CCU2D        CIN      In      0.000     6.845       -         
D01.un2_sdiv_cry_17_0                CCU2D        COUT     Out     0.143     6.988       -         
un2_sdiv_cry_18                      Net          -        -       -         -           1         
D01.un2_sdiv_cry_19_0                CCU2D        CIN      In      0.000     6.988       -         
D01.un2_sdiv_cry_19_0                CCU2D        COUT     Out     0.143     7.131       -         
un2_sdiv_cry_20                      Net          -        -       -         -           1         
D01.un2_sdiv_s_21_0                  CCU2D        CIN      In      0.000     7.131       -         
D01.un2_sdiv_s_21_0                  CCU2D        S0       Out     1.549     8.680       -         
un2_sdiv[21]                         Net          -        -       -         -           1         
D01.sdiv[21]                         FD1S3IX      D        In      0.000     8.680       -         
===================================================================================================



##### END OF TIMING REPORT #####]

Timing exceptions that could not be applied
None

Finished final timing analysis (Real Time elapsed 0h:00m:01s; CPU Time elapsed 0h:00m:01s; Memory used current: 144MB peak: 145MB)


Finished timing report (Real Time elapsed 0h:00m:01s; CPU Time elapsed 0h:00m:01s; Memory used current: 144MB peak: 145MB)

---------------------------------------
Resource Usage Report
Part: lcmxo2_7000he-5

Register bits: 23 of 6864 (0%)
PIC Latch:       0
I/O cells:       6


Details:
CCU2D:          12
FD1S3AX:        1
FD1S3IX:        22
GSR:            1
IB:             5
OB:             1
ORCALUT4:       14
OSCH:           1
PUR:            1
VHI:            2
VLO:            3
true:           1
Mapper successful!

At Mapper Exit (Real Time elapsed 0h:00m:01s; CPU Time elapsed 0h:00m:01s; Memory used current: 32MB peak: 145MB)

Process took 0h:00m:01s realtime, 0h:00m:01s cputime
# Tue Sep 05 11:14:07 2017

###########################################################]


Synthesis exit by 0.

edif2ngd  -l "MachXO2" -d LCMXO2-7000HE -path "C:/Users/Alejandro/Desktop/5to semestre/Arquitectura de Computadoras/Practicas de Entrenamiento/divosc00/divosc00" -path "C:/Users/Alejandro/Desktop/5to semestre/Arquitectura de Computadoras/Practicas de Entrenamiento/divosc00"   "C:/Users/Alejandro/Desktop/5to semestre/Arquitectura de Computadoras/Practicas de Entrenamiento/divosc00/divosc00/divosc00_divosc00.edi" "divosc00_divosc00.ngo"   
edif2ngd:  version Diamond (64-bit) 3.9.0.99.2

Copyright (c) 1991-1994 by NeoCAD Inc. All rights reserved.
Copyright (c) 1995 AT&T Corp.   All rights reserved.
Copyright (c) 1995-2001 Lucent Technologies Inc.  All rights reserved.
Copyright (c) 2001 Agere Systems   All rights reserved.
Copyright (c) 2002-2017 Lattice Semiconductor Corporation,  All rights reserved.
Writing the design to divosc00_divosc00.ngo...

Total CPU Time: 0 secs  

Total REAL Time: 0 secs  


ngdbuild  -a "MachXO2" -d LCMXO2-7000HE  -p "C:/lscc/diamond/3.9_x64/ispfpga/xo2c00/data"  -p "C:/Users/Alejandro/Desktop/5to semestre/Arquitectura de Computadoras/Practicas de Entrenamiento/divosc00/divosc00" -p "C:/Users/Alejandro/Desktop/5to semestre/Arquitectura de Computadoras/Practicas de Entrenamiento/divosc00"  "divosc00_divosc00.ngo" "divosc00_divosc00.ngd"  	
ngdbuild:  version Diamond (64-bit) 3.9.0.99.2

Copyright (c) 1991-1994 by NeoCAD Inc. All rights reserved.
Copyright (c) 1995 AT&T Corp.   All rights reserved.
Copyright (c) 1995-2001 Lucent Technologies Inc.  All rights reserved.
Copyright (c) 2001 Agere Systems   All rights reserved.
Copyright (c) 2002-2017 Lattice Semiconductor Corporation,  All rights reserved.
Reading 'divosc00_divosc00.ngo' ...
Loading NGL library 'C:/lscc/diamond/3.9_x64/ispfpga/xo2c00a/data/xo2alib.ngl'...
Loading NGL library 'C:/lscc/diamond/3.9_x64/ispfpga/xo2c00/data/xo2clib.ngl'...
Loading NGL library 'C:/lscc/diamond/3.9_x64/ispfpga/mg5g00/data/mg5glib.ngl'...
Loading NGL library 'C:/lscc/diamond/3.9_x64/ispfpga/or5g00/data/orc5glib.ngl'...


Running DRC...

    <postMsg mid="1166052" type="Warning" dynamic="2" navigation="1" arg0="logical" arg1="D01/un2_sdiv_s_21_0_COUT" arg2="D01/un2_sdiv_s_21_0_COUT"  />
    <postMsg mid="1166052" type="Warning" dynamic="2" navigation="1" arg0="logical" arg1="D01/un2_sdiv_s_21_0_S1" arg2="D01/un2_sdiv_s_21_0_S1"  />
    <postMsg mid="1166052" type="Warning" dynamic="2" navigation="1" arg0="logical" arg1="D01/un2_sdiv_cry_0_0_S0" arg2="D01/un2_sdiv_cry_0_0_S0"  />
    <postMsg mid="1166052" type="Warning" dynamic="2" navigation="1" arg0="logical" arg1="D00/OSCInst0_SEDSTDBY" arg2="D00/OSCInst0_SEDSTDBY"  />
    <postMsg mid="1163101" type="Warning" dynamic="1" navigation="0" arg0="4"  />

Design Results:
     62 blocks expanded
Complete the first expansion.
Writing 'divosc00_divosc00.ngd' ...
Total CPU Time: 0 secs  

Total REAL Time: 0 secs  


map -a "MachXO2" -p LCMXO2-7000HE -t TQFP144 -s 5 -oc Commercial   "divosc00_divosc00.ngd" -o "divosc00_divosc00_map.ncd" -pr "divosc00_divosc00.prf" -mp "divosc00_divosc00.mrp" -lpf "C:/Users/Alejandro/Desktop/5to semestre/Arquitectura de Computadoras/Practicas de Entrenamiento/divosc00/divosc00/divosc00_divosc00_synplify.lpf" -lpf "C:/Users/Alejandro/Desktop/5to semestre/Arquitectura de Computadoras/Practicas de Entrenamiento/divosc00/divosc00.lpf" -c 0            
map:  version Diamond (64-bit) 3.9.0.99.2

Copyright (c) 1991-1994 by NeoCAD Inc. All rights reserved.
Copyright (c) 1995 AT&T Corp.   All rights reserved.
Copyright (c) 1995-2001 Lucent Technologies Inc.  All rights reserved.
Copyright (c) 2001 Agere Systems   All rights reserved.
Copyright (c) 2002-2017 Lattice Semiconductor Corporation,  All rights reserved.
   Process the file: divosc00_divosc00.ngd
   Picdevice="LCMXO2-7000HE"

   Pictype="TQFP144"

   Picspeed=5

   Remove unused logic

   Do not produce over sized NCDs.

Part used: LCMXO2-7000HETQFP144, Performance used: 5.

Loading device for application map from file 'xo2c7000.nph' in environment: C:/lscc/diamond/3.9_x64/ispfpga.
Package Status:                     Final          Version 1.39.

Running general design DRC...

Removing unused logic...

Optimizing...




Design Summary:
   Number of registers:     23 out of  7209 (0%)
      PFU registers:           23 out of  6864 (0%)
      PIO registers:            0 out of   345 (0%)
   Number of SLICEs:        19 out of  3432 (1%)
      SLICEs as Logic/ROM:     19 out of  3432 (1%)
      SLICEs as RAM:            0 out of  2574 (0%)
      SLICEs as Carry:         12 out of  3432 (0%)
   Number of LUT4s:         38 out of  6864 (1%)
      Number used as logic LUTs:         14
      Number used as distributed RAM:     0
      Number used as ripple logic:       24
      Number used as shift registers:     0
   Number of PIO sites used: 6 + 4(JTAG) out of 115 (9%)
   Number of block RAMs:  0 out of 26 (0%)
   Number of GSRs:  0 out of 1 (0%)
   EFB used :       No
   JTAG used :      No
   Readback used :  No
   Oscillator used :  Yes
   Startup used :   No
   POR :            On
   Bandgap :        On
   Number of Power Controller:  0 out of 1 (0%)
   Number of Dynamic Bank Controller (BCINRD):  0 out of 6 (0%)
   Number of Dynamic Bank Controller (BCLVDSO):  0 out of 1 (0%)
   Number of DCCA:  0 out of 8 (0%)
   Number of DCMA:  0 out of 2 (0%)
   Number of PLLs:  0 out of 2 (0%)
   Number of DQSDLLs:  0 out of 2 (0%)
   Number of CLKDIVC:  0 out of 4 (0%)
   Number of ECLKSYNCA:  0 out of 4 (0%)
   Number of ECLKBRIDGECS:  0 out of 2 (0%)
   Notes:-
      1. Total number of LUT4s = (Number of logic LUT4s) + 2*(Number of distributed RAMs) + 2*(Number of ripple logic)
      2. Number of logic LUT4s does not include count of distributed RAM and ripple logic.
   Number of clocks:  1
     Net sclk: 13 loads, 13 rising, 0 falling (Driver: D00/OSCInst0 )
   Number of Clock Enables:  0
   Number of LSRs:  1
     Net D01/N_6_i: 12 loads, 12 LSLICEs
   Number of nets driven by tri-state buffers:  0
   Top 10 highest fanout non-clock nets:
     Net D01/N_6_i: 13 loads
     Net D01/sdiv[20]: 6 loads
     Net D01/sdiv[21]: 5 loads
     Net indiv0_c[0]: 5 loads
     Net D01/sdiv[19]: 4 loads
     Net indiv0_c[2]: 4 loads
     Net indiv0_c[4]: 4 loads
     Net D01/sdiv[15]: 3 loads
     Net D01/sdiv[16]: 3 loads
     Net D01/sdiv[17]: 3 loads
 

   Number of warnings:  0
   Number of errors:    0



Total CPU Time: 0 secs  
Total REAL Time: 0 secs  
Peak Memory Usage: 56 MB

Dumping design to file divosc00_divosc00_map.ncd.

mpartrce -p "divosc00_divosc00.p2t" -f "divosc00_divosc00.p3t" -tf "divosc00_divosc00.pt" "divosc00_divosc00_map.ncd" "divosc00_divosc00.ncd"

---- MParTrce Tool ----
Removing old design directory at request of -rem command line option to this program.
Running par. Please wait . . .

Lattice Place and Route Report for Design "divosc00_divosc00_map.ncd"
Tue Sep 05 11:14:10 2017

PAR: Place And Route Diamond (64-bit) 3.9.0.99.2.
Command Line: par -w -l 5 -i 6 -t 1 -c 0 -e 0 -gui -msgset "C:/Users/Alejandro/Desktop/5to semestre/Arquitectura de Computadoras/Practicas de Entrenamiento/divosc00/promote.xml" -exp parUseNBR=1:parCDP=0:parCDR=0:parPathBased=OFF divosc00_divosc00_map.ncd divosc00_divosc00.dir/5_1.ncd divosc00_divosc00.prf
Preference file: divosc00_divosc00.prf.
Placement level-cost: 5-1.
Routing Iterations: 6

Loading design for application par from file divosc00_divosc00_map.ncd.
Design name: toposcdiv00
NCD version: 3.3
Vendor:      LATTICE
Device:      LCMXO2-7000HE
Package:     TQFP144
Performance: 5
Loading device for application par from file 'xo2c7000.nph' in environment: C:/lscc/diamond/3.9_x64/ispfpga.
Package Status:                     Final          Version 1.39.
Performance Hardware Data Status:   Final          Version 34.4.
License checked out.


Ignore Preference Error(s):  True
Device utilization summary:

   PIO (prelim)    6+4(JTAG)/336     3% used
                   6+4(JTAG)/115     9% bonded

   SLICE             19/3432         <1% used

   OSC                1/1           100% used


Number of Signals: 76
Number of Connections: 136

Pin Constraint Summary:
   6 out of 6 pins locked (100% locked).

The following 1 signal is selected to use the primary clock routing resources:
    sclk (driver: D00/OSCInst0, clk load #: 13)


The following 1 signal is selected to use the secondary clock routing resources:
    D01/N_6_i (driver: D01/SLICE_12, clk load #: 0, sr load #: 12, ce load #: 0)

No signal is selected as Global Set/Reset.
Starting Placer Phase 0.

Finished Placer Phase 0.  REAL time: 0 secs 

Starting Placer Phase 1.
..................
Placer score = 6532.
Finished Placer Phase 1.  REAL time: 5 secs 

Starting Placer Phase 2.
.
Placer score =  6470
Finished Placer Phase 2.  REAL time: 5 secs 


------------------ Clock Report ------------------

Global Clock Resources:
  CLK_PIN    : 0 out of 8 (0%)
  PLL        : 0 out of 2 (0%)
  DCM        : 0 out of 2 (0%)
  DCC        : 0 out of 8 (0%)

Quadrants All (TL, TR, BL, BR) - Global Clocks:
  PRIMARY "sclk" from OSC on comp "D00/OSCInst0" on site "OSC", clk load = 13
  SECONDARY "D01/N_6_i" from F1 on comp "D01/SLICE_12" on site "R21C18B", clk load = 0, ce load = 0, sr load = 12

  PRIMARY  : 1 out of 8 (12%)
  SECONDARY: 1 out of 8 (12%)

Edge Clocks:
  No edge clock selected.

--------------- End of Clock Report ---------------


I/O Usage Summary (final):
   6 + 4(JTAG) out of 336 (3.0%) PIO sites used.
   6 + 4(JTAG) out of 115 (8.7%) bonded PIO sites used.
   Number of PIO comps: 6; differential: 0.
   Number of Vref pins used: 0.

I/O Bank Usage Summary:
+----------+---------------+------------+-----------+
| I/O Bank | Usage         | Bank Vccio | Bank Vref |
+----------+---------------+------------+-----------+
| 0        | 1 / 28 (  3%) | 2.5V       | -         |
| 1        | 0 / 29 (  0%) | -          | -         |
| 2        | 5 / 29 ( 17%) | 2.5V       | -         |
| 3        | 0 / 9 (  0%)  | -          | -         |
| 4        | 0 / 10 (  0%) | -          | -         |
| 5        | 0 / 10 (  0%) | -          | -         |
+----------+---------------+------------+-----------+

Total placer CPU time: 5 secs 

Dumping design to file divosc00_divosc00.dir/5_1.ncd.

0 connections routed; 136 unrouted.
Starting router resource preassignment

Completed router resource preassignment. Real time: 6 secs 

Start NBR router at 11:14:16 09/05/17

*****************************************************************
Info: NBR allows conflicts(one node used by more than one signal)
      in the earlier iterations. In each iteration, it tries to  
      solve the conflicts while keeping the critical connections 
      routed as short as possible. The routing process is said to
      be completed when no conflicts exist and all connections   
      are routed.                                                
Note: NBR uses a different method to calculate timing slacks. The
      worst slack and total negative slack may not be the same as
      that in TRCE report. You should always run TRCE to verify  
      your design.                                               
*****************************************************************

Start NBR special constraint process at 11:14:16 09/05/17

Start NBR section for initial routing at 11:14:16 09/05/17
Level 4, iteration 1
0(0.00%) conflict; 0(0.00%) untouched conn; 0 (nbr) score; 
Estimated worst slack/total negative slack<setup>: 472.638ns/0.000ns; real time: 6 secs 

Info: Initial congestion level at 75% usage is 0
Info: Initial congestion area  at 75% usage is 0 (0.00%)

Start NBR section for normal routing at 11:14:16 09/05/17
Level 4, iteration 1
0(0.00%) conflict; 0(0.00%) untouched conn; 0 (nbr) score; 
Estimated worst slack/total negative slack<setup>: 472.638ns/0.000ns; real time: 6 secs 

Start NBR section for setup/hold timing optimization with effort level 3 at 11:14:16 09/05/17

Start NBR section for re-routing at 11:14:16 09/05/17
Level 4, iteration 1
0(0.00%) conflict; 0(0.00%) untouched conn; 0 (nbr) score; 
Estimated worst slack/total negative slack<setup>: 472.638ns/0.000ns; real time: 6 secs 

Start NBR section for post-routing at 11:14:16 09/05/17

End NBR router with 0 unrouted connection

NBR Summary
-----------
  Number of unrouted connections : 0 (0.00%)
  Number of connections with timing violations : 0 (0.00%)
  Estimated worst slack<setup> : 472.638ns
  Timing score<setup> : 0
-----------
Notes: The timing info is calculated for SETUP only and all PAR_ADJs are ignored.



Total CPU time 6 secs 
Total REAL time: 6 secs 
Completely routed.
End of route.  136 routed (100.00%); 0 unrouted.

Hold time timing score: 0, hold timing errors: 0

Timing score: 0 

Dumping design to file divosc00_divosc00.dir/5_1.ncd.


PAR_SUMMARY::Run status = completed
PAR_SUMMARY::Number of unrouted conns = 0
PAR_SUMMARY::Worst  slack<setup/<ns>> = 472.638
PAR_SUMMARY::Timing score<setup/<ns>> = 0.000
PAR_SUMMARY::Worst  slack<hold /<ns>> = 0.377
PAR_SUMMARY::Timing score<hold /<ns>> = 0.000
PAR_SUMMARY::Number of errors = 0

Total CPU  time to completion: 6 secs 
Total REAL time to completion: 6 secs 

par done!

Copyright (c) 1991-1994 by NeoCAD Inc. All rights reserved.
Copyright (c) 1995 AT&T Corp.   All rights reserved.
Copyright (c) 1995-2001 Lucent Technologies Inc.  All rights reserved.
Copyright (c) 2001 Agere Systems   All rights reserved.
Copyright (c) 2002-2017 Lattice Semiconductor Corporation,  All rights reserved.
Exiting par with exit code 0
Exiting mpartrce with exit code 0

bitgen -f "divosc00_divosc00.t2b" -w "divosc00_divosc00.ncd" -jedec "divosc00_divosc00.prf"


BITGEN: Bitstream Generator Diamond (64-bit) 3.9.0.99.2
Copyright (c) 1991-1994 by NeoCAD Inc. All rights reserved.
Copyright (c) 1995 AT&T Corp.   All rights reserved.
Copyright (c) 1995-2001 Lucent Technologies Inc.  All rights reserved.
Copyright (c) 2001 Agere Systems   All rights reserved.
Copyright (c) 2002-2017 Lattice Semiconductor Corporation,  All rights reserved.


Loading design for application Bitgen from file divosc00_divosc00.ncd.
Design name: toposcdiv00
NCD version: 3.3
Vendor:      LATTICE
Device:      LCMXO2-7000HE
Package:     TQFP144
Performance: 5
Loading device for application Bitgen from file 'xo2c7000.nph' in environment: C:/lscc/diamond/3.9_x64/ispfpga.
Package Status:                     Final          Version 1.39.
Performance Hardware Data Status:   Final          Version 34.4.

Running DRC.
DRC detected 0 errors and 0 warnings.
Reading Preference File from divosc00_divosc00.prf.

Preference Summary:
+---------------------------------+---------------------------------+
|  Preference                     |  Current Setting                |
+---------------------------------+---------------------------------+
|                         RamCfg  |                        Reset**  |
+---------------------------------+---------------------------------+
|                     MCCLK_FREQ  |                         2.08**  |
+---------------------------------+---------------------------------+
|                  CONFIG_SECURE  |                          OFF**  |
+---------------------------------+---------------------------------+
|                          INBUF  |                           ON**  |
+---------------------------------+---------------------------------+
|                      JTAG_PORT  |                       ENABLE**  |
+---------------------------------+---------------------------------+
|                       SDM_PORT  |                      DISABLE**  |
+---------------------------------+---------------------------------+
|                 SLAVE_SPI_PORT  |                      DISABLE**  |
+---------------------------------+---------------------------------+
|                MASTER_SPI_PORT  |                      DISABLE**  |
+---------------------------------+---------------------------------+
|                       I2C_PORT  |                      DISABLE**  |
+---------------------------------+---------------------------------+
|        MUX_CONFIGURATION_PORTS  |                      DISABLE**  |
+---------------------------------+---------------------------------+
|                  CONFIGURATION  |                          CFG**  |
+---------------------------------+---------------------------------+
|                COMPRESS_CONFIG  |                           ON**  |
+---------------------------------+---------------------------------+
|                        MY_ASSP  |                          OFF**  |
+---------------------------------+---------------------------------+
|               ONE_TIME_PROGRAM  |                          OFF**  |
+---------------------------------+---------------------------------+
|                 ENABLE_TRANSFR  |                      DISABLE**  |
+---------------------------------+---------------------------------+
|                  SHAREDEBRINIT  |                      DISABLE**  |
+---------------------------------+---------------------------------+
|            BACKGROUND_RECONFIG  |                          OFF**  |
+---------------------------------+---------------------------------+
 *  Default setting.
 ** The specified setting matches the default setting.


Creating bit map...
 
Bitstream Status: Final           Version 1.94.
 
Saving bit stream in "divosc00_divosc00.jed".
 
===========
UFM Summary.
===========
UFM Size:        2046 Pages (128*2046 Bits).
UFM Utilization: General Purpose Flash Memory.
 
Available General Purpose Flash Memory: 2046 Pages (Page 0 to Page 2045).
Initialized UFM Pages:                     0 Page.
 
