Running in Lattice mode


Starting:    C:\lscc\diamond\3.9_x64\synpbase\bin64\mbin\synbatch.exe
Install:     C:\lscc\diamond\3.9_x64\synpbase
Hostname:    ALEJANDROBE
Date:        Tue Sep 05 11:14:03 2017
Version:     L-2016.09L

Arguments:   -product synplify_pro -batch divosc00_divosc00_synplify.tcl
ProductType: synplify_pro





Technology initialized from device list to: LATTICE-XP

Copied C:\Users\Alejandro\Desktop\5to semestre\Arquitectura de Computadoras\Practicas de Entrenamiento\divosc00\divosc00\divosc00_divosc00.srr to C:\Users\Alejandro\Desktop\5to semestre\Arquitectura de Computadoras\Practicas de Entrenamiento\divosc00\divosc00\backup\divosc00_divosc00.srr

log file: "C:\Users\Alejandro\Desktop\5to semestre\Arquitectura de Computadoras\Practicas de Entrenamiento\divosc00\divosc00\divosc00_divosc00.srr"

Running: hdl_info_gen in foreground



Generating HDL info...


hdl_info_gen completed
# Tue Sep 05 11:14:03 2017

Return Code: 0
Run Time:00h:00m:00s

Copied C:\Users\Alejandro\Desktop\5to semestre\Arquitectura de Computadoras\Practicas de Entrenamiento\divosc00\divosc00\divosc00_divosc00.srr to C:\Users\Alejandro\Desktop\5to semestre\Arquitectura de Computadoras\Practicas de Entrenamiento\divosc00\divosc00\divosc00_divosc00.srf

log file: "C:\Users\Alejandro\Desktop\5to semestre\Arquitectura de Computadoras\Practicas de Entrenamiento\divosc00\divosc00\divosc00_divosc00.srr"

Running: divosc00 in foreground



Running proj_1|divosc00


Running: compile (Compile) on proj_1|divosc00
# Tue Sep 05 11:14:03 2017


Running: compile_flow (Compile Process) on proj_1|divosc00
# Tue Sep 05 11:14:03 2017


Running: compiler (Compile Input) on proj_1|divosc00
# Tue Sep 05 11:14:03 2017

Copied C:\Users\Alejandro\Desktop\5to semestre\Arquitectura de Computadoras\Practicas de Entrenamiento\divosc00\divosc00\synwork\divosc00_divosc00_comp.srs to C:\Users\Alejandro\Desktop\5to semestre\Arquitectura de Computadoras\Practicas de Entrenamiento\divosc00\divosc00\divosc00_divosc00.srs


compiler completed
# Tue Sep 05 11:14:05 2017

Return Code: 0
Run Time:00h:00m:02s


Running: multi_srs_gen (Multi-srs Generator) on proj_1|divosc00
# Tue Sep 05 11:14:05 2017


multi_srs_gen completed
# Tue Sep 05 11:14:05 2017

Return Code: 0
Run Time:00h:00m:00s

Copied C:\Users\Alejandro\Desktop\5to semestre\Arquitectura de Computadoras\Practicas de Entrenamiento\divosc00\divosc00\synwork\divosc00_divosc00_mult.srs to C:\Users\Alejandro\Desktop\5to semestre\Arquitectura de Computadoras\Practicas de Entrenamiento\divosc00\divosc00\divosc00_divosc00.srs

Copied C:\Users\Alejandro\Desktop\5to semestre\Arquitectura de Computadoras\Practicas de Entrenamiento\divosc00\divosc00\divosc00_divosc00.srr to C:\Users\Alejandro\Desktop\5to semestre\Arquitectura de Computadoras\Practicas de Entrenamiento\divosc00\divosc00\divosc00_divosc00.srf

Complete: Compile Process on proj_1|divosc00


Running: premap (Pre-mapping) on proj_1|divosc00
# Tue Sep 05 11:14:05 2017


premap completed with warnings
# Tue Sep 05 11:14:05 2017

Return Code: 1
Run Time:00h:00m:00s

Complete: Compile on proj_1|divosc00


Running: map (Map) on proj_1|divosc00
# Tue Sep 05 11:14:05 2017

License granted for 4 parallel jobs


Running: fpga_mapper (Map & Optimize) on proj_1|divosc00
# Tue Sep 05 11:14:05 2017

Copied C:\Users\Alejandro\Desktop\5to semestre\Arquitectura de Computadoras\Practicas de Entrenamiento\divosc00\divosc00\synwork\divosc00_divosc00_m.srm to C:\Users\Alejandro\Desktop\5to semestre\Arquitectura de Computadoras\Practicas de Entrenamiento\divosc00\divosc00\divosc00_divosc00.srm


fpga_mapper completed with warnings
# Tue Sep 05 11:14:07 2017

Return Code: 1
Run Time:00h:00m:02s

Complete: Map on proj_1|divosc00

Copied C:\Users\Alejandro\Desktop\5to semestre\Arquitectura de Computadoras\Practicas de Entrenamiento\divosc00\divosc00\divosc00_divosc00.srr to C:\Users\Alejandro\Desktop\5to semestre\Arquitectura de Computadoras\Practicas de Entrenamiento\divosc00\divosc00\divosc00_divosc00.srf

Complete: Logic Synthesis on proj_1|divosc00

TCL script complete: "divosc00_divosc00_synplify.tcl"

exit status=0

exit status=0

Save changes for project:
C:\Users\Alejandro\Desktop\5to semestre\Arquitectura de Computadoras\Practicas de Entrenamiento\divosc00\divosc00\proj_1.prj

batch mode default:no

