
synpwrap -msg -prj "word00_word00_synplify.tcl" -log "word00_word00.srf"
Copyright (C) 1992-2017 Lattice Semiconductor Corporation. All rights reserved.
Lattice Diamond Version 3.9.0.99.2
    <postMsg mid="2011000" type="Info"    dynamic="0" navigation="0"  />

==contents of word00_word00.srf
#Build: Synplify Pro L-2016.09L, Build 077R, Dec  2 2016
#install: C:\lscc\diamond\3.9_x64\synpbase
#OS: Windows 8 6.2
#Hostname: ALEJANDROBE

# Wed Sep 13 10:48:06 2017

#Implementation: word00

Synopsys HDL Compiler, version comp2016q3p1, Build 141R, built Dec  5 2016
@N|Running in 64-bit mode
Copyright (C) 1994-2016 Synopsys, Inc. All rights reserved. This Synopsys software and all associated documentation are proprietary to Synopsys, Inc. and may only be used pursuant to the terms and conditions of a written license agreement with Synopsys, Inc. All other use, reproduction, modification, or distribution of the Synopsys software or the associated documentation is strictly prohibited.

Synopsys VHDL Compiler, version comp2016q3p1, Build 141R, built Dec  5 2016
@N|Running in 64-bit mode
Copyright (C) 1994-2016 Synopsys, Inc. All rights reserved. This Synopsys software and all associated documentation are proprietary to Synopsys, Inc. and may only be used pursuant to the terms and conditions of a written license agreement with Synopsys, Inc. All other use, reproduction, modification, or distribution of the Synopsys software or the associated documentation is strictly prohibited.

@N: CD720 :"C:\lscc\diamond\3.9_x64\synpbase\lib\vhd\std.vhd":123:18:123:21|Setting time resolution to ps
@N:"C:\Users\Alejandro\Desktop\5to semestre\Arquitectura de Computadoras\Practicas de Entrenamiento\word00vhdl\topword00.vhdl":10:7:10:15|Top entity is set to topword00.
File C:\Users\Alejandro\Desktop\5to semestre\Arquitectura de Computadoras\Practicas de Entrenamiento\word00vhdl\div00.vhdl changed - recompiling
File C:\lscc\diamond\3.9_x64\synpbase\lib\cpld\lattice.vhd changed - recompiling
File C:\Users\Alejandro\Desktop\5to semestre\Arquitectura de Computadoras\Practicas de Entrenamiento\word00vhdl\osc00.vhdl changed - recompiling
File C:\lscc\diamond\3.9_x64\synpbase\lib\lucent\machxo2.vhd changed - recompiling
File C:\Users\Alejandro\Desktop\5to semestre\Arquitectura de Computadoras\Practicas de Entrenamiento\word00vhdl\coder00.vhdl changed - recompiling
File C:\Users\Alejandro\Desktop\5to semestre\Arquitectura de Computadoras\Practicas de Entrenamiento\word00vhdl\contring00.vhdl changed - recompiling
File C:\Users\Alejandro\Desktop\5to semestre\Arquitectura de Computadoras\Practicas de Entrenamiento\word00vhdl\packagediv00.vhdl changed - recompiling
File C:\Users\Alejandro\Desktop\5to semestre\Arquitectura de Computadoras\Practicas de Entrenamiento\word00vhdl\packageword00.vhdl changed - recompiling
File C:\Users\Alejandro\Desktop\5to semestre\Arquitectura de Computadoras\Practicas de Entrenamiento\word00vhdl\toposcdiv00.vhdl changed - recompiling
File C:\Users\Alejandro\Desktop\5to semestre\Arquitectura de Computadoras\Practicas de Entrenamiento\word00vhdl\topword00.vhdl changed - recompiling
VHDL syntax check successful!
File C:\Users\Alejandro\Desktop\5to semestre\Arquitectura de Computadoras\Practicas de Entrenamiento\word00vhdl\div00.vhdl changed - recompiling
@N: CD630 :"C:\Users\Alejandro\Desktop\5to semestre\Arquitectura de Computadoras\Practicas de Entrenamiento\word00vhdl\topword00.vhdl":10:7:10:15|Synthesizing work.topword00.behavior.
@N: CD630 :"C:\Users\Alejandro\Desktop\5to semestre\Arquitectura de Computadoras\Practicas de Entrenamiento\word00vhdl\coder00.vhdl":8:7:8:13|Synthesizing work.coder00.behavior.
Post processing for work.coder00.behavior
@W: CL111 :"C:\Users\Alejandro\Desktop\5to semestre\Arquitectura de Computadoras\Practicas de Entrenamiento\word00vhdl\coder00.vhdl":19:2:19:5|All reachable assignments to outcoder(1) are '0'; removing register. To preserve a constant register, use the syn_preserve attribute.
@W: CL111 :"C:\Users\Alejandro\Desktop\5to semestre\Arquitectura de Computadoras\Practicas de Entrenamiento\word00vhdl\coder00.vhdl":19:2:19:5|All reachable assignments to outcoder(2) are '0'; removing register. To preserve a constant register, use the syn_preserve attribute.
@W: CL117 :"C:\Users\Alejandro\Desktop\5to semestre\Arquitectura de Computadoras\Practicas de Entrenamiento\word00vhdl\coder00.vhdl":19:2:19:5|Latch generated from process for signal outcoder(6 downto 0); possible missing assignment in an if or case statement.
@N: CD630 :"C:\Users\Alejandro\Desktop\5to semestre\Arquitectura de Computadoras\Practicas de Entrenamiento\word00vhdl\contring00.vhdl":8:7:8:16|Synthesizing work.contring00.behavior.
Post processing for work.contring00.behavior
@W: CL279 :"C:\Users\Alejandro\Desktop\5to semestre\Arquitectura de Computadoras\Practicas de Entrenamiento\word00vhdl\contring00.vhdl":21:1:21:2|Pruning register bits 3 to 1 of soutr(3 downto 0). If this is not the intended behavior, drive the inputs with valid values, or inputs from the top level.
@N: CD630 :"C:\Users\Alejandro\Desktop\5to semestre\Arquitectura de Computadoras\Practicas de Entrenamiento\word00vhdl\toposcdiv00.vhdl":9:7:9:17|Synthesizing work.toposcdiv00.toposcdiv0.
@N: CD630 :"C:\Users\Alejandro\Desktop\5to semestre\Arquitectura de Computadoras\Practicas de Entrenamiento\word00vhdl\div00.vhdl":9:7:9:11|Synthesizing work.div00.div0.
Post processing for work.div00.div0
@N: CD630 :"C:\Users\Alejandro\Desktop\5to semestre\Arquitectura de Computadoras\Practicas de Entrenamiento\word00vhdl\osc00.vhdl":8:7:8:11|Synthesizing work.osc00.osc0.
@W: CD276 :"C:\lscc\diamond\3.9_x64\cae_library\synthesis\vhdl\machxo2.vhd":2297:8:2297:15|Map for port sedstdby of component osch not found
@N: CD630 :"C:\lscc\diamond\3.9_x64\cae_library\synthesis\vhdl\machxo2.vhd":2291:10:2291:13|Synthesizing work.osch.syn_black_box.
Post processing for work.osch.syn_black_box
Post processing for work.osc00.osc0
Post processing for work.toposcdiv00.toposcdiv0
Post processing for work.topword00.behavior
@W: CL260 :"C:\Users\Alejandro\Desktop\5to semestre\Arquitectura de Computadoras\Practicas de Entrenamiento\word00vhdl\coder00.vhdl":19:2:19:5|Pruning register bit 5 of outcoder(5 downto 4). If this is not the intended behavior, drive the input with valid values, or an input from the top level.

At c_vhdl Exit (Real Time elapsed 0h:00m:00s; CPU Time elapsed 0h:00m:00s; Memory used current: 76MB peak: 79MB)

Process took 0h:00m:01s realtime, 0h:00m:01s cputime

Process completed successfully.
# Wed Sep 13 10:48:06 2017

###########################################################]
Synopsys Netlist Linker, version comp2016q3p1, Build 141R, built Dec  5 2016
@N|Running in 64-bit mode
File C:\Users\Alejandro\Desktop\5to semestre\Arquitectura de Computadoras\Practicas de Entrenamiento\word01\word00\synwork\layer0.srs changed - recompiling

At syn_nfilter Exit (Real Time elapsed 0h:00m:00s; CPU Time elapsed 0h:00m:00s; Memory used current: 67MB peak: 68MB)

Process took 0h:00m:01s realtime, 0h:00m:01s cputime

Process completed successfully.
# Wed Sep 13 10:48:07 2017

###########################################################]
@END

At c_hdl Exit (Real Time elapsed 0h:00m:00s; CPU Time elapsed 0h:00m:00s; Memory used current: 3MB peak: 4MB)

Process took 0h:00m:01s realtime, 0h:00m:01s cputime

Process completed successfully.
# Wed Sep 13 10:48:07 2017

###########################################################]
Synopsys Netlist Linker, version comp2016q3p1, Build 141R, built Dec  5 2016
@N|Running in 64-bit mode
File C:\Users\Alejandro\Desktop\5to semestre\Arquitectura de Computadoras\Practicas de Entrenamiento\word01\word00\synwork\word00_word00_comp.srs changed - recompiling

At syn_nfilter Exit (Real Time elapsed 0h:00m:00s; CPU Time elapsed 0h:00m:00s; Memory used current: 67MB peak: 68MB)

Process took 0h:00m:01s realtime, 0h:00m:01s cputime

Process completed successfully.
# Wed Sep 13 10:48:08 2017

###########################################################]
Pre-mapping Report

# Wed Sep 13 10:48:08 2017

Synopsys Lattice Technology Pre-mapping, Version maplat, Build 1612R, Built Dec  5 2016 10:33:02
Copyright (C) 1994-2016 Synopsys, Inc. All rights reserved. This Synopsys software and all associated documentation are proprietary to Synopsys, Inc. and may only be used pursuant to the terms and conditions of a written license agreement with Synopsys, Inc. All other use, reproduction, modification, or distribution of the Synopsys software or the associated documentation is strictly prohibited.
Product Version L-2016.09L

Mapper Startup Complete (Real Time elapsed 0h:00m:00s; CPU Time elapsed 0h:00m:00s; Memory used current: 99MB peak: 100MB)

@A: MF827 |No constraint file specified.
@L: C:\Users\Alejandro\Desktop\5to semestre\Arquitectura de Computadoras\Practicas de Entrenamiento\word01\word00\word00_word00_scck.rpt 
Printing clock  summary report in "C:\Users\Alejandro\Desktop\5to semestre\Arquitectura de Computadoras\Practicas de Entrenamiento\word01\word00\word00_word00_scck.rpt" file 
@N: MF248 |Running in 64-bit mode.
@N: MF666 |Clock conversion enabled. (Command "set_option -fix_gated_and_generated_clocks 1" in the project file.)

Design Input Complete (Real Time elapsed 0h:00m:00s; CPU Time elapsed 0h:00m:00s; Memory used current: 99MB peak: 102MB)


Mapper Initialization Complete (Real Time elapsed 0h:00m:00s; CPU Time elapsed 0h:00m:00s; Memory used current: 99MB peak: 102MB)


Start loading timing files (Real Time elapsed 0h:00m:00s; CPU Time elapsed 0h:00m:00s; Memory used current: 112MB peak: 112MB)


Finished loading timing files (Real Time elapsed 0h:00m:00s; CPU Time elapsed 0h:00m:00s; Memory used current: 112MB peak: 114MB)

ICG Latch Removal Summary:
Number of ICG latches removed:	0
Number of ICG latches not removed:	0
syn_allowed_resources : blockrams=26  set on top level netlist topword00

Finished netlist restructuring (Real Time elapsed 0h:00m:00s; CPU Time elapsed 0h:00m:00s; Memory used current: 139MB peak: 141MB)



Clock Summary
*****************

Start                            Requested     Requested     Clock                                           Clock                   Clock
Clock                            Frequency     Period        Type                                            Group                   Load 
------------------------------------------------------------------------------------------------------------------------------------------
System                           1.0 MHz       1000.000      system                                          system_clkgroup         4    
div00|outdiv_derived_clock       2.1 MHz       480.769       derived (from osc00|osc_int_inferred_clock)     Inferred_clkgroup_0     5    
osc00|osc_int_inferred_clock     2.1 MHz       480.769       inferred                                        Inferred_clkgroup_0     23   
==========================================================================================================================================

@W: MT531 :"c:\users\alejandro\desktop\5to semestre\arquitectura de computadoras\practicas de entrenamiento\word00vhdl\coder00.vhdl":19:2:19:5|Found signal identified as System clock which controls 4 sequential elements including W02.outcoder_1[6].  Using this clock, which has no specified timing constraint, can prevent conversion of gated or generated clocks and can adversely impact design performance. 
@W: MT529 :"c:\users\alejandro\desktop\5to semestre\arquitectura de computadoras\practicas de entrenamiento\word00vhdl\div00.vhdl":22:1:22:2|Found inferred clock osc00|osc_int_inferred_clock which controls 23 sequential elements including W00.D01.sdiv[21:0]. This clock has no specified timing constraint which may prevent conversion of gated or generated clocks and may adversely impact design performance. 

Finished Pre Mapping Phase.

Starting constraint checker (Real Time elapsed 0h:00m:00s; CPU Time elapsed 0h:00m:00s; Memory used current: 140MB peak: 141MB)

None
None

Finished constraint checker (Real Time elapsed 0h:00m:00s; CPU Time elapsed 0h:00m:00s; Memory used current: 140MB peak: 141MB)

Pre-mapping successful!

At Mapper Exit (Real Time elapsed 0h:00m:00s; CPU Time elapsed 0h:00m:00s; Memory used current: 55MB peak: 141MB)

Process took 0h:00m:01s realtime, 0h:00m:01s cputime
# Wed Sep 13 10:48:08 2017

###########################################################]
Map & Optimize Report

# Wed Sep 13 10:48:09 2017

Synopsys Lattice Technology Mapper, Version maplat, Build 1612R, Built Dec  5 2016 10:33:02
Copyright (C) 1994-2016 Synopsys, Inc. All rights reserved. This Synopsys software and all associated documentation are proprietary to Synopsys, Inc. and may only be used pursuant to the terms and conditions of a written license agreement with Synopsys, Inc. All other use, reproduction, modification, or distribution of the Synopsys software or the associated documentation is strictly prohibited.
Product Version L-2016.09L

Mapper Startup Complete (Real Time elapsed 0h:00m:00s; CPU Time elapsed 0h:00m:00s; Memory used current: 99MB peak: 100MB)

@N: MF248 |Running in 64-bit mode.
@N: MF666 |Clock conversion enabled. (Command "set_option -fix_gated_and_generated_clocks 1" in the project file.)

Design Input Complete (Real Time elapsed 0h:00m:00s; CPU Time elapsed 0h:00m:00s; Memory used current: 99MB peak: 101MB)


Mapper Initialization Complete (Real Time elapsed 0h:00m:00s; CPU Time elapsed 0h:00m:00s; Memory used current: 99MB peak: 101MB)


Start loading timing files (Real Time elapsed 0h:00m:00s; CPU Time elapsed 0h:00m:00s; Memory used current: 112MB peak: 112MB)


Finished loading timing files (Real Time elapsed 0h:00m:00s; CPU Time elapsed 0h:00m:00s; Memory used current: 112MB peak: 115MB)



Starting Optimization and Mapping (Real Time elapsed 0h:00m:00s; CPU Time elapsed 0h:00m:00s; Memory used current: 140MB peak: 142MB)


Available hyper_sources - for debug and ip models
	None Found


Finished RTL optimizations (Real Time elapsed 0h:00m:00s; CPU Time elapsed 0h:00m:00s; Memory used current: 140MB peak: 142MB)


Starting factoring (Real Time elapsed 0h:00m:00s; CPU Time elapsed 0h:00m:00s; Memory used current: 140MB peak: 142MB)


Finished factoring (Real Time elapsed 0h:00m:00s; CPU Time elapsed 0h:00m:00s; Memory used current: 141MB peak: 142MB)

@A: BN291 :"c:\users\alejandro\desktop\5to semestre\arquitectura de computadoras\practicas de entrenamiento\word00vhdl\contring00.vhdl":21:1:21:2|Boundary register W01.outr_ret[3] (in view: ScratchLib.cell24(netlist)) is packed into a complex cell. To disable register packing, set syn_keep=1 on the net between the register and the complex cell. 
@A: BN291 :"c:\users\alejandro\desktop\5to semestre\arquitectura de computadoras\practicas de entrenamiento\word00vhdl\contring00.vhdl":21:1:21:2|Boundary register W01.outr_ret[1] (in view: ScratchLib.cell24(netlist)) is packed into a complex cell. To disable register packing, set syn_keep=1 on the net between the register and the complex cell. 
@A: BN291 :"c:\users\alejandro\desktop\5to semestre\arquitectura de computadoras\practicas de entrenamiento\word00vhdl\contring00.vhdl":21:1:21:2|Boundary register W01.outr_ret[2] (in view: ScratchLib.cell24(netlist)) is packed into a complex cell. To disable register packing, set syn_keep=1 on the net between the register and the complex cell. 
@A: BN291 :"c:\users\alejandro\desktop\5to semestre\arquitectura de computadoras\practicas de entrenamiento\word00vhdl\contring00.vhdl":21:1:21:2|Boundary register W01.outr_ret[0] (in view: ScratchLib.cell24(netlist)) is packed into a complex cell. To disable register packing, set syn_keep=1 on the net between the register and the complex cell. 
@A: BN291 :"c:\users\alejandro\desktop\5to semestre\arquitectura de computadoras\practicas de entrenamiento\word00vhdl\contring00.vhdl":21:1:21:2|Boundary register W01.outr_0_ret[3] (in view: ScratchLib.cell30(netlist)) is packed into a complex cell. To disable register packing, set syn_keep=1 on the net between the register and the complex cell. 
@A: BN291 :"c:\users\alejandro\desktop\5to semestre\arquitectura de computadoras\practicas de entrenamiento\word00vhdl\contring00.vhdl":21:1:21:2|Boundary register W01.outr_0_ret[2] (in view: ScratchLib.cell30(netlist)) is packed into a complex cell. To disable register packing, set syn_keep=1 on the net between the register and the complex cell. 
@A: BN291 :"c:\users\alejandro\desktop\5to semestre\arquitectura de computadoras\practicas de entrenamiento\word00vhdl\contring00.vhdl":21:1:21:2|Boundary register W01.outr_0_ret[1] (in view: ScratchLib.cell30(netlist)) is packed into a complex cell. To disable register packing, set syn_keep=1 on the net between the register and the complex cell. 
@A: BN291 :"c:\users\alejandro\desktop\5to semestre\arquitectura de computadoras\practicas de entrenamiento\word00vhdl\contring00.vhdl":21:1:21:2|Boundary register W01.outr_1_ret[2] (in view: ScratchLib.cell42(netlist)) is packed into a complex cell. To disable register packing, set syn_keep=1 on the net between the register and the complex cell. 
@A: BN291 :"c:\users\alejandro\desktop\5to semestre\arquitectura de computadoras\practicas de entrenamiento\word00vhdl\contring00.vhdl":21:1:21:2|Boundary register W01.outr_1_ret[1] (in view: ScratchLib.cell42(netlist)) is packed into a complex cell. To disable register packing, set syn_keep=1 on the net between the register and the complex cell. 
@N: BN362 :"c:\users\alejandro\desktop\5to semestre\arquitectura de computadoras\practicas de entrenamiento\word00vhdl\contring00.vhdl":21:1:21:2|Removing sequential instance W01.outr_1[2] (in view: work.topword00(behavior)) because it does not drive other instances.
@A: BN291 :"c:\users\alejandro\desktop\5to semestre\arquitectura de computadoras\practicas de entrenamiento\word00vhdl\contring00.vhdl":21:1:21:2|Boundary register W01.outr_1[2] (in view: work.topword00(behavior)) is packed into a complex cell. To disable register packing, set syn_keep=1 on the net between the register and the complex cell. 
@N: BN362 :"c:\users\alejandro\desktop\5to semestre\arquitectura de computadoras\practicas de entrenamiento\word00vhdl\contring00.vhdl":21:1:21:2|Removing sequential instance W01.outr_1[1] (in view: work.topword00(behavior)) because it does not drive other instances.
@A: BN291 :"c:\users\alejandro\desktop\5to semestre\arquitectura de computadoras\practicas de entrenamiento\word00vhdl\contring00.vhdl":21:1:21:2|Boundary register W01.outr_1[1] (in view: work.topword00(behavior)) is packed into a complex cell. To disable register packing, set syn_keep=1 on the net between the register and the complex cell. 
@N: BN362 :"c:\users\alejandro\desktop\5to semestre\arquitectura de computadoras\practicas de entrenamiento\word00vhdl\contring00.vhdl":21:1:21:2|Removing sequential instance W01.outr_0[1] (in view: work.topword00(behavior)) because it does not drive other instances.
@A: BN291 :"c:\users\alejandro\desktop\5to semestre\arquitectura de computadoras\practicas de entrenamiento\word00vhdl\contring00.vhdl":21:1:21:2|Boundary register W01.outr_0[1] (in view: work.topword00(behavior)) is packed into a complex cell. To disable register packing, set syn_keep=1 on the net between the register and the complex cell. 
@N: BN362 :"c:\users\alejandro\desktop\5to semestre\arquitectura de computadoras\practicas de entrenamiento\word00vhdl\contring00.vhdl":21:1:21:2|Removing sequential instance W01.outr_0[3] (in view: work.topword00(behavior)) because it does not drive other instances.
@A: BN291 :"c:\users\alejandro\desktop\5to semestre\arquitectura de computadoras\practicas de entrenamiento\word00vhdl\contring00.vhdl":21:1:21:2|Boundary register W01.outr_0[3] (in view: work.topword00(behavior)) is packed into a complex cell. To disable register packing, set syn_keep=1 on the net between the register and the complex cell. 
@N: BN362 :"c:\users\alejandro\desktop\5to semestre\arquitectura de computadoras\practicas de entrenamiento\word00vhdl\contring00.vhdl":21:1:21:2|Removing sequential instance W01.outr_0[2] (in view: work.topword00(behavior)) because it does not drive other instances.
@A: BN291 :"c:\users\alejandro\desktop\5to semestre\arquitectura de computadoras\practicas de entrenamiento\word00vhdl\contring00.vhdl":21:1:21:2|Boundary register W01.outr_0[2] (in view: work.topword00(behavior)) is packed into a complex cell. To disable register packing, set syn_keep=1 on the net between the register and the complex cell. 
@N: BN362 :"c:\users\alejandro\desktop\5to semestre\arquitectura de computadoras\practicas de entrenamiento\word00vhdl\contring00.vhdl":21:1:21:2|Removing sequential instance W01.outr[0] (in view: work.topword00(behavior)) because it does not drive other instances.
@A: BN291 :"c:\users\alejandro\desktop\5to semestre\arquitectura de computadoras\practicas de entrenamiento\word00vhdl\contring00.vhdl":21:1:21:2|Boundary register W01.outr[0] (in view: work.topword00(behavior)) is packed into a complex cell. To disable register packing, set syn_keep=1 on the net between the register and the complex cell. 
@N: BN362 :"c:\users\alejandro\desktop\5to semestre\arquitectura de computadoras\practicas de entrenamiento\word00vhdl\contring00.vhdl":21:1:21:2|Removing sequential instance W01.outr[1] (in view: work.topword00(behavior)) because it does not drive other instances.
@A: BN291 :"c:\users\alejandro\desktop\5to semestre\arquitectura de computadoras\practicas de entrenamiento\word00vhdl\contring00.vhdl":21:1:21:2|Boundary register W01.outr[1] (in view: work.topword00(behavior)) is packed into a complex cell. To disable register packing, set syn_keep=1 on the net between the register and the complex cell. 
@N: BN362 :"c:\users\alejandro\desktop\5to semestre\arquitectura de computadoras\practicas de entrenamiento\word00vhdl\contring00.vhdl":21:1:21:2|Removing sequential instance W01.outr[2] (in view: work.topword00(behavior)) because it does not drive other instances.
@A: BN291 :"c:\users\alejandro\desktop\5to semestre\arquitectura de computadoras\practicas de entrenamiento\word00vhdl\contring00.vhdl":21:1:21:2|Boundary register W01.outr[2] (in view: work.topword00(behavior)) is packed into a complex cell. To disable register packing, set syn_keep=1 on the net between the register and the complex cell. 
@N: BN362 :"c:\users\alejandro\desktop\5to semestre\arquitectura de computadoras\practicas de entrenamiento\word00vhdl\contring00.vhdl":21:1:21:2|Removing sequential instance W01.outr[3] (in view: work.topword00(behavior)) because it does not drive other instances.
@A: BN291 :"c:\users\alejandro\desktop\5to semestre\arquitectura de computadoras\practicas de entrenamiento\word00vhdl\contring00.vhdl":21:1:21:2|Boundary register W01.outr[3] (in view: work.topword00(behavior)) is packed into a complex cell. To disable register packing, set syn_keep=1 on the net between the register and the complex cell. 

Finished gated-clock and generated-clock conversion (Real Time elapsed 0h:00m:00s; CPU Time elapsed 0h:00m:00s; Memory used current: 141MB peak: 142MB)


Finished generic timing optimizations - Pass 1 (Real Time elapsed 0h:00m:00s; CPU Time elapsed 0h:00m:00s; Memory used current: 141MB peak: 142MB)


Starting Early Timing Optimization (Real Time elapsed 0h:00m:00s; CPU Time elapsed 0h:00m:00s; Memory used current: 142MB peak: 142MB)


Finished Early Timing Optimization (Real Time elapsed 0h:00m:00s; CPU Time elapsed 0h:00m:00s; Memory used current: 142MB peak: 142MB)


Finished generic timing optimizations - Pass 2 (Real Time elapsed 0h:00m:00s; CPU Time elapsed 0h:00m:00s; Memory used current: 141MB peak: 142MB)


Finished preparing to map (Real Time elapsed 0h:00m:00s; CPU Time elapsed 0h:00m:00s; Memory used current: 141MB peak: 142MB)


Finished technology mapping (Real Time elapsed 0h:00m:00s; CPU Time elapsed 0h:00m:00s; Memory used current: 143MB peak: 145MB)

Pass		 CPU time		Worst Slack		Luts / Registers
------------------------------------------------------------
   1		0h:00m:00s		   985.39ns		  58 /        35

Finished technology timing optimizations and critical path resynthesis (Real Time elapsed 0h:00m:00s; CPU Time elapsed 0h:00m:00s; Memory used current: 143MB peak: 145MB)

@N: FX164 |The option to pack registers in the IOB has not been specified. Please set syn_useioff attribute.  

Finished restoring hierarchy (Real Time elapsed 0h:00m:00s; CPU Time elapsed 0h:00m:00s; Memory used current: 143MB peak: 145MB)

@N: MT611 :|Automatically generated clock osc00|osc_int_inferred_clock is not used and is being removed
@N: MT617 :|Automatically generated clock div00|outdiv_derived_clock has lost its master clock osc00|osc_int_inferred_clock and is being removed
@N: MT611 :|Automatically generated clock div00|outdiv_derived_clock is not used and is being removed


@S |Clock Optimization Summary


#### START OF CLOCK OPTIMIZATION REPORT #####[

0 non-gated/non-generated clock tree(s) driving 0 clock pin(s) of sequential element(s)
1 gated/generated clock tree(s) driving 39 clock pin(s) of sequential element(s)
0 instances converted, 39 sequential instances remain driven by gated/generated clocks

================================================================================================== Gated/Generated Clocks ==================================================================================================
Clock Tree ID     Driving Element      Drive Element Type     Fanout     Sample Instance      Explanation                                                                                                                   
----------------------------------------------------------------------------------------------------------------------------------------------------------------------------------------------------------------------------
@K:CKID0001       W00.D00.OSCInst0     OSCH                   39         W02.outr_0_ret_2     Gating structure creates improper gating logic. See the Gated Clocks description in the user guide for conversion requirements
============================================================================================================================================================================================================================


##### END OF CLOCK OPTIMIZATION REPORT ######]


Start Writing Netlists (Real Time elapsed 0h:00m:00s; CPU Time elapsed 0h:00m:00s; Memory used current: 110MB peak: 145MB)

Writing Analyst data base C:\Users\Alejandro\Desktop\5to semestre\Arquitectura de Computadoras\Practicas de Entrenamiento\word01\word00\synwork\word00_word00_m.srm

Finished Writing Netlist Databases (Real Time elapsed 0h:00m:01s; CPU Time elapsed 0h:00m:01s; Memory used current: 142MB peak: 145MB)

Writing EDIF Netlist and constraint files
@N: FX1056 |Writing EDF file: C:\Users\Alejandro\Desktop\5to semestre\Arquitectura de Computadoras\Practicas de Entrenamiento\word01\word00\word00_word00.edi
L-2016.09L
@N: BW106 |Synplicity Constraint File capacitance units using default value of 1pF 

Finished Writing EDIF Netlist and constraint files (Real Time elapsed 0h:00m:01s; CPU Time elapsed 0h:00m:01s; Memory used current: 146MB peak: 148MB)


Start final timing analysis (Real Time elapsed 0h:00m:01s; CPU Time elapsed 0h:00m:01s; Memory used current: 147MB peak: 148MB)



##### START OF TIMING REPORT #####[
# Timing Report written on Wed Sep 13 10:48:10 2017
#


Top view:               topword00
Requested Frequency:    1.0 MHz
Wire load mode:         top
Paths requested:        5
Constraint File(s):    
@N: MT320 |This timing report is an estimate of place and route data. For final timing results, use the FPGA vendor place and route report.

@N: MT322 |Clock constraints include only register-to-register paths associated with each individual clock.



Performance Summary
*******************


Worst slack in design: 988.581

                   Requested     Estimated     Requested     Estimated                 Clock      Clock          
Starting Clock     Frequency     Frequency     Period        Period        Slack       Type       Group          
-----------------------------------------------------------------------------------------------------------------
System             1.0 MHz       87.6 MHz      1000.000      11.419        988.581     system     system_clkgroup
=================================================================================================================





Clock Relationships
*******************

Clocks            |    rise  to  rise     |    fall  to  fall   |    rise  to  fall   |    fall  to  rise 
----------------------------------------------------------------------------------------------------------
Starting  Ending  |  constraint  slack    |  constraint  slack  |  constraint  slack  |  constraint  slack
----------------------------------------------------------------------------------------------------------
System    System  |  1000.000    988.581  |  No paths    -      |  No paths    -      |  No paths    -    
==========================================================================================================
 Note: 'No paths' indicates there are no paths in the design for that pair of clock edges.
       'Diff grp' indicates that paths exist but the starting clock and ending clock are in different clock groups.



Interface Information 
*********************

No IO constraint found



====================================
Detailed Report for Clock: System
====================================



Starting Points with Worst Slack
********************************

                     Starting                                       Arrival            
Instance             Reference     Type        Pin     Net          Time        Slack  
                     Clock                                                             
---------------------------------------------------------------------------------------
W00.D01.sdiv[21]     System        FD1S3IX     Q       sdiv[21]     1.180       988.581
W00.D01.sdiv[20]     System        FD1S3IX     Q       sdiv[20]     1.148       988.613
W00.D01.sdiv[19]     System        FD1S3IX     Q       sdiv[19]     1.044       988.717
W00.D01.sdiv[18]     System        FD1S3IX     Q       sdiv[18]     1.188       989.806
W00.D01.sdiv[17]     System        FD1S3IX     Q       sdiv[17]     1.180       989.814
W00.D01.sdiv[16]     System        FD1S3IX     Q       sdiv[16]     1.108       989.886
W00.D01.sdiv[4]      System        FD1S3IX     Q       sdiv[4]      1.044       990.190
W00.D01.sdiv[5]      System        FD1S3IX     Q       sdiv[5]      1.044       990.190
W00.D01.sdiv[6]      System        FD1S3IX     Q       sdiv[6]      1.044       990.190
W00.D01.sdiv[7]      System        FD1S3IX     Q       sdiv[7]      1.044       990.190
=======================================================================================


Ending Points with Worst Slack
******************************

                      Starting                                               Required            
Instance              Reference     Type        Pin     Net                  Time         Slack  
                      Clock                                                                      
-------------------------------------------------------------------------------------------------
W00.D01.sdiv[21]      System        FD1S3IX     D       un2_sdiv[21]         999.894      988.581
W00.D01.sdiv[19]      System        FD1S3IX     D       un2_sdiv[19]         999.894      988.724
W00.D01.sdiv[20]      System        FD1S3IX     D       un2_sdiv[20]         999.894      988.724
W00.D01.sdiv[17]      System        FD1S3IX     D       un2_sdiv[17]         999.894      988.867
W00.D01.sdiv[18]      System        FD1S3IX     D       un2_sdiv[18]         999.894      988.867
W02.outcoder_1[0]     System        FD1S3DX     D       outcoder_1_en2_2     1000.089     988.958
W02.outcoder_1[3]     System        FD1S3DX     D       outcoder_1_en2_1     1000.089     988.958
W02.outcoder_1[4]     System        FD1S3DX     D       outcoder_1_en2_0     1000.089     988.958
W02.outcoder_1[6]     System        FD1S3DX     D       outcoder_1_en2       1000.089     988.958
W00.D01.sdiv[15]      System        FD1S3IX     D       un2_sdiv[15]         999.894      989.010
=================================================================================================



Worst Path Information
***********************


Path information for path number 1: 
      Requested Period:                      1000.000
    - Setup time:                            0.106
    + Clock delay at ending point:           0.000 (ideal)
    + Estimated clock delay at ending point: 0.000
    = Required time:                         999.894

    - Propagation time:                      11.313
    - Clock delay at starting point:         0.000 (ideal)
    - Estimated clock delay at start point:  -0.000
    = Slack (critical) :                     988.581

    Number of logic level(s):                17
    Starting point:                          W00.D01.sdiv[21] / Q
    Ending point:                            W00.D01.sdiv[21] / D
    The start point is clocked by            System [rising] on pin CK
    The end   point is clocked by            System [rising] on pin CK

Instance / Net                                           Pin      Pin               Arrival     No. of    
Name                                        Type         Name     Dir     Delay     Time        Fan Out(s)
----------------------------------------------------------------------------------------------------------
W00.D01.sdiv[21]                            FD1S3IX      Q        Out     1.180     1.180       -         
sdiv[21]                                    Net          -        -       -         -           5         
W00.D01.un1_outdiv_0_sqmuxa_1_0_a2[0]       ORCALUT4     B        In      0.000     1.180       -         
W00.D01.un1_outdiv_0_sqmuxa_1_0_a2[0]       ORCALUT4     Z        Out     1.233     2.413       -         
un1_outdiv_0_sqmuxa_1_0_a2[0]               Net          -        -       -         -           6         
W00.D01.un1_outdiv_0_sqmuxa_1_0_a2_1[0]     ORCALUT4     A        In      0.000     2.413       -         
W00.D01.un1_outdiv_0_sqmuxa_1_0_a2_1[0]     ORCALUT4     Z        Out     1.153     3.565       -         
N_44                                        Net          -        -       -         -           3         
W00.D01.un1_outdiv_0_sqmuxa_1_0_a2_2[0]     ORCALUT4     A        In      0.000     3.565       -         
W00.D01.un1_outdiv_0_sqmuxa_1_0_a2_2[0]     ORCALUT4     Z        Out     1.193     4.758       -         
N_45                                        Net          -        -       -         -           4         
W00.D01.un1_outdiv_0_sqmuxa_1_0_a8_2[0]     ORCALUT4     B        In      0.000     4.758       -         
W00.D01.un1_outdiv_0_sqmuxa_1_0_a8_2[0]     ORCALUT4     Z        Out     1.017     5.775       -         
un1_outdiv_0_sqmuxa_1_0_a8_2[0]             Net          -        -       -         -           1         
W00.D01.un1_outdiv_0_sqmuxa_1_0[0]          ORCALUT4     A        In      0.000     5.775       -         
W00.D01.un1_outdiv_0_sqmuxa_1_0[0]          ORCALUT4     Z        Out     1.017     6.792       -         
un1_outdiv_0_sqmuxa_1_0[0]                  Net          -        -       -         -           1         
W00.D01.un2_sdiv_cry_0_0                    CCU2D        B0       In      0.000     6.792       -         
W00.D01.un2_sdiv_cry_0_0                    CCU2D        COUT     Out     1.545     8.336       -         
un2_sdiv_cry_0                              Net          -        -       -         -           1         
W00.D01.un2_sdiv_cry_1_0                    CCU2D        CIN      In      0.000     8.336       -         
W00.D01.un2_sdiv_cry_1_0                    CCU2D        COUT     Out     0.143     8.479       -         
un2_sdiv_cry_2                              Net          -        -       -         -           1         
W00.D01.un2_sdiv_cry_3_0                    CCU2D        CIN      In      0.000     8.479       -         
W00.D01.un2_sdiv_cry_3_0                    CCU2D        COUT     Out     0.143     8.622       -         
un2_sdiv_cry_4                              Net          -        -       -         -           1         
W00.D01.un2_sdiv_cry_5_0                    CCU2D        CIN      In      0.000     8.622       -         
W00.D01.un2_sdiv_cry_5_0                    CCU2D        COUT     Out     0.143     8.765       -         
un2_sdiv_cry_6                              Net          -        -       -         -           1         
W00.D01.un2_sdiv_cry_7_0                    CCU2D        CIN      In      0.000     8.765       -         
W00.D01.un2_sdiv_cry_7_0                    CCU2D        COUT     Out     0.143     8.908       -         
un2_sdiv_cry_8                              Net          -        -       -         -           1         
W00.D01.un2_sdiv_cry_9_0                    CCU2D        CIN      In      0.000     8.908       -         
W00.D01.un2_sdiv_cry_9_0                    CCU2D        COUT     Out     0.143     9.050       -         
un2_sdiv_cry_10                             Net          -        -       -         -           1         
W00.D01.un2_sdiv_cry_11_0                   CCU2D        CIN      In      0.000     9.050       -         
W00.D01.un2_sdiv_cry_11_0                   CCU2D        COUT     Out     0.143     9.193       -         
un2_sdiv_cry_12                             Net          -        -       -         -           1         
W00.D01.un2_sdiv_cry_13_0                   CCU2D        CIN      In      0.000     9.193       -         
W00.D01.un2_sdiv_cry_13_0                   CCU2D        COUT     Out     0.143     9.336       -         
un2_sdiv_cry_14                             Net          -        -       -         -           1         
W00.D01.un2_sdiv_cry_15_0                   CCU2D        CIN      In      0.000     9.336       -         
W00.D01.un2_sdiv_cry_15_0                   CCU2D        COUT     Out     0.143     9.479       -         
un2_sdiv_cry_16                             Net          -        -       -         -           1         
W00.D01.un2_sdiv_cry_17_0                   CCU2D        CIN      In      0.000     9.479       -         
W00.D01.un2_sdiv_cry_17_0                   CCU2D        COUT     Out     0.143     9.621       -         
un2_sdiv_cry_18                             Net          -        -       -         -           1         
W00.D01.un2_sdiv_cry_19_0                   CCU2D        CIN      In      0.000     9.621       -         
W00.D01.un2_sdiv_cry_19_0                   CCU2D        COUT     Out     0.143     9.764       -         
un2_sdiv_cry_20                             Net          -        -       -         -           1         
W00.D01.un2_sdiv_s_21_0                     CCU2D        CIN      In      0.000     9.764       -         
W00.D01.un2_sdiv_s_21_0                     CCU2D        S0       Out     1.549     11.313      -         
un2_sdiv[21]                                Net          -        -       -         -           1         
W00.D01.sdiv[21]                            FD1S3IX      D        In      0.000     11.313      -         
==========================================================================================================



##### END OF TIMING REPORT #####]

Timing exceptions that could not be applied
None

Finished final timing analysis (Real Time elapsed 0h:00m:01s; CPU Time elapsed 0h:00m:01s; Memory used current: 147MB peak: 148MB)


Finished timing report (Real Time elapsed 0h:00m:01s; CPU Time elapsed 0h:00m:01s; Memory used current: 147MB peak: 148MB)

---------------------------------------
Resource Usage Report
Part: lcmxo2_7000he-5

Register bits: 39 of 6864 (1%)
PIC Latch:       0
I/O cells:       18


Details:
CCU2D:          12
FD1P3IX:        1
FD1S3AX:        12
FD1S3DX:        4
FD1S3IX:        22
GSR:            1
IB:             6
INV:            2
OB:             12
ORCALUT4:       56
OSCH:           1
PFUMX:          1
PUR:            1
VHI:            4
VLO:            4
false:          2
true:           2
Mapper successful!

At Mapper Exit (Real Time elapsed 0h:00m:01s; CPU Time elapsed 0h:00m:01s; Memory used current: 31MB peak: 148MB)

Process took 0h:00m:01s realtime, 0h:00m:01s cputime
# Wed Sep 13 10:48:10 2017

###########################################################]


Synthesis exit by 0.

edif2ngd  -l "MachXO2" -d LCMXO2-7000HE -path "C:/Users/Alejandro/Desktop/5to semestre/Arquitectura de Computadoras/Practicas de Entrenamiento/word01/word00" -path "C:/Users/Alejandro/Desktop/5to semestre/Arquitectura de Computadoras/Practicas de Entrenamiento/word01"   "C:/Users/Alejandro/Desktop/5to semestre/Arquitectura de Computadoras/Practicas de Entrenamiento/word01/word00/word00_word00.edi" "word00_word00.ngo"   
edif2ngd:  version Diamond (64-bit) 3.9.0.99.2

Copyright (c) 1991-1994 by NeoCAD Inc. All rights reserved.
Copyright (c) 1995 AT&T Corp.   All rights reserved.
Copyright (c) 1995-2001 Lucent Technologies Inc.  All rights reserved.
Copyright (c) 2001 Agere Systems   All rights reserved.
Copyright (c) 2002-2017 Lattice Semiconductor Corporation,  All rights reserved.
Writing the design to word00_word00.ngo...

Total CPU Time: 0 secs  

Total REAL Time: 0 secs  


ngdbuild  -a "MachXO2" -d LCMXO2-7000HE  -p "C:/lscc/diamond/3.9_x64/ispfpga/xo2c00/data"  -p "C:/Users/Alejandro/Desktop/5to semestre/Arquitectura de Computadoras/Practicas de Entrenamiento/word01/word00" -p "C:/Users/Alejandro/Desktop/5to semestre/Arquitectura de Computadoras/Practicas de Entrenamiento/word01"  "word00_word00.ngo" "word00_word00.ngd"  	
ngdbuild:  version Diamond (64-bit) 3.9.0.99.2

Copyright (c) 1991-1994 by NeoCAD Inc. All rights reserved.
Copyright (c) 1995 AT&T Corp.   All rights reserved.
Copyright (c) 1995-2001 Lucent Technologies Inc.  All rights reserved.
Copyright (c) 2001 Agere Systems   All rights reserved.
Copyright (c) 2002-2017 Lattice Semiconductor Corporation,  All rights reserved.
Reading 'word00_word00.ngo' ...
Loading NGL library 'C:/lscc/diamond/3.9_x64/ispfpga/xo2c00a/data/xo2alib.ngl'...
Loading NGL library 'C:/lscc/diamond/3.9_x64/ispfpga/xo2c00/data/xo2clib.ngl'...
Loading NGL library 'C:/lscc/diamond/3.9_x64/ispfpga/mg5g00/data/mg5glib.ngl'...
Loading NGL library 'C:/lscc/diamond/3.9_x64/ispfpga/or5g00/data/orc5glib.ngl'...


Running DRC...

    <postMsg mid="1166052" type="Warning" dynamic="2" navigation="1" arg0="logical" arg1="W00/D01/un2_sdiv_s_21_0_COUT" arg2="W00/D01/un2_sdiv_s_21_0_COUT"  />
    <postMsg mid="1166052" type="Warning" dynamic="2" navigation="1" arg0="logical" arg1="W00/D01/un2_sdiv_s_21_0_S1" arg2="W00/D01/un2_sdiv_s_21_0_S1"  />
    <postMsg mid="1166052" type="Warning" dynamic="2" navigation="1" arg0="logical" arg1="W00/D01/un2_sdiv_cry_0_0_S0" arg2="W00/D01/un2_sdiv_cry_0_0_S0"  />
    <postMsg mid="1166052" type="Warning" dynamic="2" navigation="1" arg0="logical" arg1="W00/D00/OSCInst0_SEDSTDBY" arg2="W00/D00/OSCInst0_SEDSTDBY"  />
    <postMsg mid="1163101" type="Warning" dynamic="1" navigation="0" arg0="4"  />

Design Results:
    138 blocks expanded
Complete the first expansion.
Writing 'word00_word00.ngd' ...
Total CPU Time: 0 secs  

Total REAL Time: 0 secs  


map -a "MachXO2" -p LCMXO2-7000HE -t TQFP144 -s 5 -oc Commercial   "word00_word00.ngd" -o "word00_word00_map.ncd" -pr "word00_word00.prf" -mp "word00_word00.mrp" -lpf "C:/Users/Alejandro/Desktop/5to semestre/Arquitectura de Computadoras/Practicas de Entrenamiento/word01/word00/word00_word00_synplify.lpf" -lpf "C:/Users/Alejandro/Desktop/5to semestre/Arquitectura de Computadoras/Practicas de Entrenamiento/word01/word00.lpf" -c 0            
map:  version Diamond (64-bit) 3.9.0.99.2

Copyright (c) 1991-1994 by NeoCAD Inc. All rights reserved.
Copyright (c) 1995 AT&T Corp.   All rights reserved.
Copyright (c) 1995-2001 Lucent Technologies Inc.  All rights reserved.
Copyright (c) 2001 Agere Systems   All rights reserved.
Copyright (c) 2002-2017 Lattice Semiconductor Corporation,  All rights reserved.
   Process the file: word00_word00.ngd
   Picdevice="LCMXO2-7000HE"

   Pictype="TQFP144"

   Picspeed=5

   Remove unused logic

   Do not produce over sized NCDs.

Part used: LCMXO2-7000HETQFP144, Performance used: 5.

Loading device for application map from file 'xo2c7000.nph' in environment: C:/lscc/diamond/3.9_x64/ispfpga.
Package Status:                     Final          Version 1.39.

Running general design DRC...

Removing unused logic...

Optimizing...

    <postMsg mid="51001030" type="Warning" dynamic="1" navigation="0" arg0="W02/N_7_i"  />



Design Summary:
   Number of registers:     39 out of  7209 (1%)
      PFU registers:           39 out of  6864 (1%)
      PIO registers:            0 out of   345 (0%)
   Number of SLICEs:        42 out of  3432 (1%)
      SLICEs as Logic/ROM:     42 out of  3432 (1%)
      SLICEs as RAM:            0 out of  2574 (0%)
      SLICEs as Carry:         12 out of  3432 (0%)
   Number of LUT4s:         81 out of  6864 (1%)
      Number used as logic LUTs:         57
      Number used as distributed RAM:     0
      Number used as ripple logic:       24
      Number used as shift registers:     0
   Number of PIO sites used: 18 + 4(JTAG) out of 115 (19%)
   Number of block RAMs:  0 out of 26 (0%)
   Number of GSRs:  1 out of 1 (100%)
   EFB used :       No
   JTAG used :      No
   Readback used :  No
   Oscillator used :  Yes
   Startup used :   No
   POR :            On
   Bandgap :        On
   Number of Power Controller:  0 out of 1 (0%)
   Number of Dynamic Bank Controller (BCINRD):  0 out of 6 (0%)
   Number of Dynamic Bank Controller (BCLVDSO):  0 out of 1 (0%)
   Number of DCCA:  0 out of 8 (0%)
   Number of DCMA:  0 out of 2 (0%)
   Number of PLLs:  0 out of 2 (0%)
   Number of DQSDLLs:  0 out of 2 (0%)
   Number of CLKDIVC:  0 out of 4 (0%)
   Number of ECLKSYNCA:  0 out of 4 (0%)
   Number of ECLKBRIDGECS:  0 out of 2 (0%)
   Notes:-
      1. Total number of LUT4s = (Number of logic LUT4s) + 2*(Number of distributed RAMs) + 2*(Number of ripple logic)
      2. Number of logic LUT4s does not include count of distributed RAM and ripple logic.
   Number of clocks:  1
     Net W00.sclk_0_0: 25 loads, 25 rising, 0 falling (Driver: W00/D00/OSCInst0 )
   Number of Clock Enables:  1
     Net un1_outdiv_1_sqmuxa_i_4_RNIIM511: 1 loads, 1 LSLICEs
   Number of local set/reset loads for net W02/N_7_i merged into GSR:  1
   Number of LSRs:  5
     Net W02/outr_ret_6: 1 loads, 1 LSLICEs
     Net W02/outr_ret_4: 1 loads, 1 LSLICEs
     Net W02/outcoder7: 1 loads, 1 LSLICEs
     Net un1_outdiv_1_sqmuxa_i_4_RNI9D791: 1 loads, 1 LSLICEs
     Net W00/D01/N_3_i: 12 loads, 12 LSLICEs
   Number of nets driven by tri-state buffers:  0
   Top 10 highest fanout non-clock nets:
     Net W00/D01/N_3_i: 12 loads
     Net cdiv0_c[1]: 10 loads
     Net cdiv0_c[2]: 9 loads
     Net cdiv0_c[3]: 8 loads
     Net outtrans_c[2]: 8 loads
     Net un1_outdiv_1_sqmuxa_i_4_RNIIM511: 8 loads
     Net cdiv0_c[0]: 7 loads
     Net en0_c: 7 loads
     Net N_3_0ctr: 6 loads
     Net N_5_0ctr: 6 loads
 

   Number of warnings:  1
   Number of errors:    0



Total CPU Time: 0 secs  
Total REAL Time: 0 secs  
Peak Memory Usage: 57 MB

Dumping design to file word00_word00_map.ncd.

mpartrce -p "word00_word00.p2t" -f "word00_word00.p3t" -tf "word00_word00.pt" "word00_word00_map.ncd" "word00_word00.ncd"

---- MParTrce Tool ----
Removing old design directory at request of -rem command line option to this program.
Running par. Please wait . . .

Lattice Place and Route Report for Design "word00_word00_map.ncd"
Wed Sep 13 10:48:13 2017

PAR: Place And Route Diamond (64-bit) 3.9.0.99.2.
Command Line: par -w -l 5 -i 6 -t 1 -c 0 -e 0 -gui -msgset "C:/Users/Alejandro/Desktop/5to semestre/Arquitectura de Computadoras/Practicas de Entrenamiento/word01/promote.xml" -exp parUseNBR=1:parCDP=0:parCDR=0:parPathBased=OFF word00_word00_map.ncd word00_word00.dir/5_1.ncd word00_word00.prf
Preference file: word00_word00.prf.
Placement level-cost: 5-1.
Routing Iterations: 6

Loading design for application par from file word00_word00_map.ncd.
Design name: topword00
NCD version: 3.3
Vendor:      LATTICE
Device:      LCMXO2-7000HE
Package:     TQFP144
Performance: 5
Loading device for application par from file 'xo2c7000.nph' in environment: C:/lscc/diamond/3.9_x64/ispfpga.
Package Status:                     Final          Version 1.39.
Performance Hardware Data Status:   Final          Version 34.4.
License checked out.


Ignore Preference Error(s):  True
Device utilization summary:

   PIO (prelim)   18+4(JTAG)/336     7% used
                  18+4(JTAG)/115     19% bonded

   SLICE             42/3432          1% used

   GSR                1/1           100% used
   OSC                1/1           100% used


Number of Signals: 135
Number of Connections: 334

Pin Constraint Summary:
   18 out of 18 pins locked (100% locked).

The following 1 signal is selected to use the primary clock routing resources:
    W00.sclk_0_0 (driver: W00/D00/OSCInst0, clk load #: 25)


The following 1 signal is selected to use the secondary clock routing resources:
    W00/D01/N_3_i (driver: W00/D01/SLICE_30, clk load #: 0, sr load #: 12, ce load #: 0)

Signal W02/N_7_i is selected as Global Set/Reset.
Starting Placer Phase 0.

Finished Placer Phase 0.  REAL time: 0 secs 

Starting Placer Phase 1.
...................
Placer score = 21864.
Finished Placer Phase 1.  REAL time: 5 secs 

Starting Placer Phase 2.
.
Placer score =  21815
Finished Placer Phase 2.  REAL time: 5 secs 


------------------ Clock Report ------------------

Global Clock Resources:
  CLK_PIN    : 0 out of 8 (0%)
  PLL        : 0 out of 2 (0%)
  DCM        : 0 out of 2 (0%)
  DCC        : 0 out of 8 (0%)

Quadrants All (TL, TR, BL, BR) - Global Clocks:
  PRIMARY "W00.sclk_0_0" from OSC on comp "W00/D00/OSCInst0" on site "OSC", clk load = 25
  SECONDARY "W00/D01/N_3_i" from F0 on comp "W00/D01/SLICE_30" on site "R21C18C", clk load = 0, ce load = 0, sr load = 12

  PRIMARY  : 1 out of 8 (12%)
  SECONDARY: 1 out of 8 (12%)

Edge Clocks:
  No edge clock selected.

--------------- End of Clock Report ---------------


I/O Usage Summary (final):
   18 + 4(JTAG) out of 336 (6.5%) PIO sites used.
   18 + 4(JTAG) out of 115 (19.1%) bonded PIO sites used.
   Number of PIO comps: 18; differential: 0.
   Number of Vref pins used: 0.

I/O Bank Usage Summary:
+----------+---------------+------------+-----------+
| I/O Bank | Usage         | Bank Vccio | Bank Vref |
+----------+---------------+------------+-----------+
| 0        | 8 / 28 ( 28%) | 2.5V       | -         |
| 1        | 0 / 29 (  0%) | -          | -         |
| 2        | 6 / 29 ( 20%) | 2.5V       | -         |
| 3        | 4 / 9 ( 44%)  | 2.5V       | -         |
| 4        | 0 / 10 (  0%) | -          | -         |
| 5        | 0 / 10 (  0%) | -          | -         |
+----------+---------------+------------+-----------+

Total placer CPU time: 5 secs 

Dumping design to file word00_word00.dir/5_1.ncd.

0 connections routed; 334 unrouted.
Starting router resource preassignment

Completed router resource preassignment. Real time: 7 secs 

Start NBR router at 10:48:20 09/13/17

*****************************************************************
Info: NBR allows conflicts(one node used by more than one signal)
      in the earlier iterations. In each iteration, it tries to  
      solve the conflicts while keeping the critical connections 
      routed as short as possible. The routing process is said to
      be completed when no conflicts exist and all connections   
      are routed.                                                
Note: NBR uses a different method to calculate timing slacks. The
      worst slack and total negative slack may not be the same as
      that in TRCE report. You should always run TRCE to verify  
      your design.                                               
*****************************************************************

Start NBR special constraint process at 10:48:20 09/13/17

Start NBR section for initial routing at 10:48:20 09/13/17
Level 4, iteration 1
7(0.00%) conflicts; 0(0.00%) untouched conn; 0 (nbr) score; 
Estimated worst slack/total negative slack<setup>: 463.202ns/0.000ns; real time: 7 secs 

Info: Initial congestion level at 75% usage is 0
Info: Initial congestion area  at 75% usage is 0 (0.00%)

Start NBR section for normal routing at 10:48:20 09/13/17
Level 4, iteration 1
3(0.00%) conflicts; 0(0.00%) untouched conn; 0 (nbr) score; 
Estimated worst slack/total negative slack<setup>: 463.892ns/0.000ns; real time: 7 secs 
Level 4, iteration 2
1(0.00%) conflict; 0(0.00%) untouched conn; 0 (nbr) score; 
Estimated worst slack/total negative slack<setup>: 463.892ns/0.000ns; real time: 7 secs 
Level 4, iteration 3
1(0.00%) conflict; 0(0.00%) untouched conn; 0 (nbr) score; 
Estimated worst slack/total negative slack<setup>: 463.892ns/0.000ns; real time: 7 secs 
Level 4, iteration 4
1(0.00%) conflict; 0(0.00%) untouched conn; 0 (nbr) score; 
Estimated worst slack/total negative slack<setup>: 463.892ns/0.000ns; real time: 7 secs 
Level 4, iteration 5
0(0.00%) conflict; 0(0.00%) untouched conn; 0 (nbr) score; 
Estimated worst slack/total negative slack<setup>: 463.892ns/0.000ns; real time: 7 secs 

Start NBR section for setup/hold timing optimization with effort level 3 at 10:48:20 09/13/17

Start NBR section for re-routing at 10:48:21 09/13/17
Level 4, iteration 1
0(0.00%) conflict; 0(0.00%) untouched conn; 0 (nbr) score; 
Estimated worst slack/total negative slack<setup>: 463.892ns/0.000ns; real time: 8 secs 

Start NBR section for post-routing at 10:48:21 09/13/17

End NBR router with 0 unrouted connection

NBR Summary
-----------
  Number of unrouted connections : 0 (0.00%)
  Number of connections with timing violations : 0 (0.00%)
  Estimated worst slack<setup> : 463.892ns
  Timing score<setup> : 0
-----------
Notes: The timing info is calculated for SETUP only and all PAR_ADJs are ignored.



Total CPU time 8 secs 
Total REAL time: 8 secs 
Completely routed.
End of route.  334 routed (100.00%); 0 unrouted.

Hold time timing score: 0, hold timing errors: 0

Timing score: 0 

Dumping design to file word00_word00.dir/5_1.ncd.


PAR_SUMMARY::Run status = completed
PAR_SUMMARY::Number of unrouted conns = 0
PAR_SUMMARY::Worst  slack<setup/<ns>> = 463.892
PAR_SUMMARY::Timing score<setup/<ns>> = 0.000
PAR_SUMMARY::Worst  slack<hold /<ns>> = 0.293
PAR_SUMMARY::Timing score<hold /<ns>> = 0.000
PAR_SUMMARY::Number of errors = 0

Total CPU  time to completion: 8 secs 
Total REAL time to completion: 8 secs 

par done!

Copyright (c) 1991-1994 by NeoCAD Inc. All rights reserved.
Copyright (c) 1995 AT&T Corp.   All rights reserved.
Copyright (c) 1995-2001 Lucent Technologies Inc.  All rights reserved.
Copyright (c) 2001 Agere Systems   All rights reserved.
Copyright (c) 2002-2017 Lattice Semiconductor Corporation,  All rights reserved.
Exiting par with exit code 0
Exiting mpartrce with exit code 0

bitgen -f "word00_word00.t2b" -w "word00_word00.ncd" -jedec "word00_word00.prf"


BITGEN: Bitstream Generator Diamond (64-bit) 3.9.0.99.2
Copyright (c) 1991-1994 by NeoCAD Inc. All rights reserved.
Copyright (c) 1995 AT&T Corp.   All rights reserved.
Copyright (c) 1995-2001 Lucent Technologies Inc.  All rights reserved.
Copyright (c) 2001 Agere Systems   All rights reserved.
Copyright (c) 2002-2017 Lattice Semiconductor Corporation,  All rights reserved.


Loading design for application Bitgen from file word00_word00.ncd.
Design name: topword00
NCD version: 3.3
Vendor:      LATTICE
Device:      LCMXO2-7000HE
Package:     TQFP144
Performance: 5
Loading device for application Bitgen from file 'xo2c7000.nph' in environment: C:/lscc/diamond/3.9_x64/ispfpga.
Package Status:                     Final          Version 1.39.
Performance Hardware Data Status:   Final          Version 34.4.

Running DRC.
DRC detected 0 errors and 0 warnings.
Reading Preference File from word00_word00.prf.

Preference Summary:
+---------------------------------+---------------------------------+
|  Preference                     |  Current Setting                |
+---------------------------------+---------------------------------+
|                         RamCfg  |                        Reset**  |
+---------------------------------+---------------------------------+
|                     MCCLK_FREQ  |                         2.08**  |
+---------------------------------+---------------------------------+
|                  CONFIG_SECURE  |                          OFF**  |
+---------------------------------+---------------------------------+
|                          INBUF  |                           ON**  |
+---------------------------------+---------------------------------+
|                      JTAG_PORT  |                       ENABLE**  |
+---------------------------------+---------------------------------+
|                       SDM_PORT  |                      DISABLE**  |
+---------------------------------+---------------------------------+
|                 SLAVE_SPI_PORT  |                      DISABLE**  |
+---------------------------------+---------------------------------+
|                MASTER_SPI_PORT  |                      DISABLE**  |
+---------------------------------+---------------------------------+
|                       I2C_PORT  |                      DISABLE**  |
+---------------------------------+---------------------------------+
|        MUX_CONFIGURATION_PORTS  |                      DISABLE**  |
+---------------------------------+---------------------------------+
|                  CONFIGURATION  |                          CFG**  |
+---------------------------------+---------------------------------+
|                COMPRESS_CONFIG  |                           ON**  |
+---------------------------------+---------------------------------+
|                        MY_ASSP  |                          OFF**  |
+---------------------------------+---------------------------------+
|               ONE_TIME_PROGRAM  |                          OFF**  |
+---------------------------------+---------------------------------+
|                 ENABLE_TRANSFR  |                      DISABLE**  |
+---------------------------------+---------------------------------+
|                  SHAREDEBRINIT  |                      DISABLE**  |
+---------------------------------+---------------------------------+
|            BACKGROUND_RECONFIG  |                          OFF**  |
+---------------------------------+---------------------------------+
 *  Default setting.
 ** The specified setting matches the default setting.


Creating bit map...
 
Bitstream Status: Final           Version 1.94.
 
Saving bit stream in "word00_word00.jed".
 
===========
UFM Summary.
===========
UFM Size:        2046 Pages (128*2046 Bits).
UFM Utilization: General Purpose Flash Memory.
 
Available General Purpose Flash Memory: 2046 Pages (Page 0 to Page 2045).
Initialized UFM Pages:                     0 Page.
 
