Running in Lattice mode


Starting:    C:\lscc\diamond\3.9_x64\synpbase\bin64\mbin\synbatch.exe
Install:     C:\lscc\diamond\3.9_x64\synpbase
Hostname:    ALEJANDROBE
Date:        Wed Sep 27 11:33:29 2017
Version:     L-2016.09L

Arguments:   -product synplify_pro -batch sumadorLib_sumadorLib_synplify.tcl
ProductType: synplify_pro





Technology initialized from device list to: LATTICE-XP

log file: "C:\Users\Alejandro\Desktop\5to semestre\Arquitectura de Computadoras\Practicas de Entrenamiento\sumadorLibreria\sumadorLib\sumadorLib_sumadorLib.srr"

Running: hdl_info_gen in foreground



Generating HDL info...


hdl_info_gen completed
# Wed Sep 27 11:33:29 2017

Return Code: 0
Run Time:00h:00m:00s

Copied C:\Users\Alejandro\Desktop\5to semestre\Arquitectura de Computadoras\Practicas de Entrenamiento\sumadorLibreria\sumadorLib\sumadorLib_sumadorLib.srr to C:\Users\Alejandro\Desktop\5to semestre\Arquitectura de Computadoras\Practicas de Entrenamiento\sumadorLibreria\sumadorLib\sumadorLib_sumadorLib.srf

log file: "C:\Users\Alejandro\Desktop\5to semestre\Arquitectura de Computadoras\Practicas de Entrenamiento\sumadorLibreria\sumadorLib\sumadorLib_sumadorLib.srr"

Running: sumadorLib in foreground



Running proj_1|sumadorLib


Running: compile (Compile) on proj_1|sumadorLib
# Wed Sep 27 11:33:29 2017


Running: compile_flow (Compile Process) on proj_1|sumadorLib
# Wed Sep 27 11:33:29 2017


Running: compiler (Compile Input) on proj_1|sumadorLib
# Wed Sep 27 11:33:29 2017

Copied C:\Users\Alejandro\Desktop\5to semestre\Arquitectura de Computadoras\Practicas de Entrenamiento\sumadorLibreria\sumadorLib\synwork\sumadorLib_sumadorLib_comp.srs to C:\Users\Alejandro\Desktop\5to semestre\Arquitectura de Computadoras\Practicas de Entrenamiento\sumadorLibreria\sumadorLib\sumadorLib_sumadorLib.srs


compiler completed
# Wed Sep 27 11:33:31 2017

Return Code: 0
Run Time:00h:00m:02s


Running: multi_srs_gen (Multi-srs Generator) on proj_1|sumadorLib
# Wed Sep 27 11:33:31 2017


multi_srs_gen completed
# Wed Sep 27 11:33:31 2017

Return Code: 0
Run Time:00h:00m:00s

Copied C:\Users\Alejandro\Desktop\5to semestre\Arquitectura de Computadoras\Practicas de Entrenamiento\sumadorLibreria\sumadorLib\synwork\sumadorLib_sumadorLib_mult.srs to C:\Users\Alejandro\Desktop\5to semestre\Arquitectura de Computadoras\Practicas de Entrenamiento\sumadorLibreria\sumadorLib\sumadorLib_sumadorLib.srs

Copied C:\Users\Alejandro\Desktop\5to semestre\Arquitectura de Computadoras\Practicas de Entrenamiento\sumadorLibreria\sumadorLib\sumadorLib_sumadorLib.srr to C:\Users\Alejandro\Desktop\5to semestre\Arquitectura de Computadoras\Practicas de Entrenamiento\sumadorLibreria\sumadorLib\sumadorLib_sumadorLib.srf

Complete: Compile Process on proj_1|sumadorLib


Running: premap (Pre-mapping) on proj_1|sumadorLib
# Wed Sep 27 11:33:31 2017


premap completed
# Wed Sep 27 11:33:32 2017

Return Code: 0
Run Time:00h:00m:01s

Complete: Compile on proj_1|sumadorLib


Running: map (Map) on proj_1|sumadorLib
# Wed Sep 27 11:33:32 2017

License granted for 4 parallel jobs


Running: fpga_mapper (Map & Optimize) on proj_1|sumadorLib
# Wed Sep 27 11:33:32 2017

Copied C:\Users\Alejandro\Desktop\5to semestre\Arquitectura de Computadoras\Practicas de Entrenamiento\sumadorLibreria\sumadorLib\synwork\sumadorLib_sumadorLib_m.srm to C:\Users\Alejandro\Desktop\5to semestre\Arquitectura de Computadoras\Practicas de Entrenamiento\sumadorLibreria\sumadorLib\sumadorLib_sumadorLib.srm


fpga_mapper completed
# Wed Sep 27 11:33:33 2017

Return Code: 0
Run Time:00h:00m:01s

Complete: Map on proj_1|sumadorLib

Copied C:\Users\Alejandro\Desktop\5to semestre\Arquitectura de Computadoras\Practicas de Entrenamiento\sumadorLibreria\sumadorLib\sumadorLib_sumadorLib.srr to C:\Users\Alejandro\Desktop\5to semestre\Arquitectura de Computadoras\Practicas de Entrenamiento\sumadorLibreria\sumadorLib\sumadorLib_sumadorLib.srf

Complete: Logic Synthesis on proj_1|sumadorLib

TCL script complete: "sumadorLib_sumadorLib_synplify.tcl"

exit status=0

exit status=0

Save changes for project:
C:\Users\Alejandro\Desktop\5to semestre\Arquitectura de Computadoras\Practicas de Entrenamiento\sumadorLibreria\sumadorLib\proj_1.prj

batch mode default:no

