
           Lattice Mapping Report File for Design Module 'sumador'


Design Information
------------------

Command line:   map -a MachXO2 -p LCMXO2-7000HE -t TQFP144 -s 5 -oc Commercial
     sumadorLib_sumadorLib.ngd -o sumadorLib_sumadorLib_map.ncd -pr
     sumadorLib_sumadorLib.prf -mp sumadorLib_sumadorLib.mrp -lpf
     C:/Users/Alejandro/Desktop/5to semestre/Arquitectura de
     Computadoras/Practicas de Entrenamiento/sumadorLibreria/sumadorLib/sumadorL
     ib_sumadorLib_synplify.lpf -lpf C:/Users/Alejandro/Desktop/5to
     semestre/Arquitectura de Computadoras/Practicas de
     Entrenamiento/sumadorLibreria/sumadorLib.lpf -c 0 -gui -msgset
     C:/Users/Alejandro/Desktop/5to semestre/Arquitectura de
     Computadoras/Practicas de Entrenamiento/sumadorLibreria/promote.xml 
Target Vendor:  LATTICE
Target Device:  LCMXO2-7000HETQFP144
Target Performance:   5
Mapper:  xo2c00,  version:  Diamond (64-bit) 3.9.0.99.2
Mapped on:  09/27/17  11:36:16

Design Summary
--------------

   Number of registers:      0 out of  7209 (0%)
      PFU registers:            0 out of  6864 (0%)
      PIO registers:            0 out of   345 (0%)
   Number of SLICEs:         3 out of  3432 (0%)
      SLICEs as Logic/ROM:      3 out of  3432 (0%)
      SLICEs as RAM:            0 out of  2574 (0%)
      SLICEs as Carry:          3 out of  3432 (0%)
   Number of LUT4s:          6 out of  6864 (0%)
      Number used as logic LUTs:          0
      Number used as distributed RAM:     0
      Number used as ripple logic:        6
      Number used as shift registers:     0
   Number of PIO sites used: 13 + 4(JTAG) out of 115 (15%)
   Number of block RAMs:  0 out of 26 (0%)
   Number of GSRs:  0 out of 1 (0%)
   EFB used :       No
   JTAG used :      No
   Readback used :  No
   Oscillator used :  No
   Startup used :   No
   POR :            On
   Bandgap :        On
   Number of Power Controller:  0 out of 1 (0%)
   Number of Dynamic Bank Controller (BCINRD):  0 out of 6 (0%)
   Number of Dynamic Bank Controller (BCLVDSO):  0 out of 1 (0%)
   Number of DCCA:  0 out of 8 (0%)
   Number of DCMA:  0 out of 2 (0%)
   Number of PLLs:  0 out of 2 (0%)
   Number of DQSDLLs:  0 out of 2 (0%)
   Number of CLKDIVC:  0 out of 4 (0%)
   Number of ECLKSYNCA:  0 out of 4 (0%)
   Number of ECLKBRIDGECS:  0 out of 2 (0%)
   Notes:-
      1. Total number of LUT4s = (Number of logic LUT4s) + 2*(Number of
     distributed RAMs) + 2*(Number of ripple logic)
      2. Number of logic LUT4s does not include count of distributed RAM and

                                    Page 1




Design:  sumador                                       Date:  09/27/17  11:36:16

Design Summary (cont)
---------------------
     ripple logic.
   Number of clocks:  0
   Number of Clock Enables:  0
   Number of LSRs:  0
   Number of nets driven by tri-state buffers:  0
   Top 10 highest fanout non-clock nets:
     Net Sel_c: 5 loads
     Net Bb_c[0]: 1 loads
     Net Bb_c[2]: 1 loads
     Net Bb_c[3]: 1 loads
     Net sal: 1 loads
     Net sal_cry_0: 1 loads
     Net sal_c[0]: 1 loads
     Net sal_c[1]: 1 loads
     Net sal_c[2]: 1 loads
     Net sal_c[3]: 1 loads




   Number of warnings:  12
   Number of errors:    0
     

Design Errors/Warnings
----------------------

WARNING - map: C:/Users/Alejandro/Desktop/5to semestre/Arquitectura de
     Computadoras/Practicas de Entrenamiento/sumadorLibreria/sumadorLib.lpf(3):
     Semantic error in "LOCATE COMP "sal[7]" SITE "121" ;": COMP "sal[7]" cannot
     be found in design. This preference has been disabled.
WARNING - map: C:/Users/Alejandro/Desktop/5to semestre/Arquitectura de
     Computadoras/Practicas de Entrenamiento/sumadorLibreria/sumadorLib.lpf(4):
     Semantic error in "LOCATE COMP "sal[6]" SITE "122" ;": COMP "sal[6]" cannot
     be found in design. This preference has been disabled.
WARNING - map: C:/Users/Alejandro/Desktop/5to semestre/Arquitectura de
     Computadoras/Practicas de Entrenamiento/sumadorLibreria/sumadorLib.lpf(5):
     Semantic error in "LOCATE COMP "sal[5]" SITE "120" ;": COMP "sal[5]" cannot
     be found in design. This preference has been disabled.
WARNING - map: C:/Users/Alejandro/Desktop/5to semestre/Arquitectura de
     Computadoras/Practicas de Entrenamiento/sumadorLibreria/sumadorLib.lpf(6):
     Semantic error in "LOCATE COMP "sal[4]" SITE "113" ;": COMP "sal[4]" cannot
     be found in design. This preference has been disabled.
WARNING - map: C:/Users/Alejandro/Desktop/5to semestre/Arquitectura de
     Computadoras/Practicas de Entrenamiento/sumadorLibreria/sumadorLib.lpf(7):
     Semantic error in "LOCATE COMP "Aa[7]" SITE "41" ;": COMP "Aa[7]" cannot be
     found in design. This preference has been disabled.
WARNING - map: C:/Users/Alejandro/Desktop/5to semestre/Arquitectura de
     Computadoras/Practicas de Entrenamiento/sumadorLibreria/sumadorLib.lpf(8):
     Semantic error in "LOCATE COMP "Aa[6]" SITE "42" ;": COMP "Aa[6]" cannot be
     found in design. This preference has been disabled.
WARNING - map: C:/Users/Alejandro/Desktop/5to semestre/Arquitectura de
     Computadoras/Practicas de Entrenamiento/sumadorLibreria/sumadorLib.lpf(9):
     Semantic error in "LOCATE COMP "Aa[5]" SITE "43" ;": COMP "Aa[5]" cannot be
     found in design. This preference has been disabled.
WARNING - map: C:/Users/Alejandro/Desktop/5to semestre/Arquitectura de

                                    Page 2




Design:  sumador                                       Date:  09/27/17  11:36:16

Design Errors/Warnings (cont)
-----------------------------
     Computadoras/Practicas de Entrenamiento/sumadorLibreria/sumadorLib.lpf(10):
     Semantic error in "LOCATE COMP "Aa[4]" SITE "44" ;": COMP "Aa[4]" cannot be
     found in design. This preference has been disabled.
WARNING - map: C:/Users/Alejandro/Desktop/5to semestre/Arquitectura de
     Computadoras/Practicas de Entrenamiento/sumadorLibreria/sumadorLib.lpf(11):
     Semantic error in "LOCATE COMP "Bb[7]" SITE "50" ;": COMP "Bb[7]" cannot be
     found in design. This preference has been disabled.
WARNING - map: C:/Users/Alejandro/Desktop/5to semestre/Arquitectura de
     Computadoras/Practicas de Entrenamiento/sumadorLibreria/sumadorLib.lpf(12):
     Semantic error in "LOCATE COMP "Bb[6]" SITE "52" ;": COMP "Bb[6]" cannot be
     found in design. This preference has been disabled.
WARNING - map: C:/Users/Alejandro/Desktop/5to semestre/Arquitectura de
     Computadoras/Practicas de Entrenamiento/sumadorLibreria/sumadorLib.lpf(13):
     Semantic error in "LOCATE COMP "Bb[5]" SITE "54" ;": COMP "Bb[5]" cannot be
     found in design. This preference has been disabled.
WARNING - map: C:/Users/Alejandro/Desktop/5to semestre/Arquitectura de
     Computadoras/Practicas de Entrenamiento/sumadorLibreria/sumadorLib.lpf(14):
     Semantic error in "LOCATE COMP "Bb[4]" SITE "55" ;": COMP "Bb[4]" cannot be
     found in design. This preference has been disabled.

IO (PIO) Attributes
-------------------

+---------------------+-----------+-----------+------------+
| IO Name             | Direction | Levelmode | IO         |
|                     |           |  IO_TYPE  | Register   |
+---------------------+-----------+-----------+------------+
| sal[0]              | OUTPUT    | LVCMOS25  |            |
+---------------------+-----------+-----------+------------+
| Aa[0]               | INPUT     | LVCMOS25  |            |
+---------------------+-----------+-----------+------------+
| sal[3]              | OUTPUT    | LVCMOS25  |            |
+---------------------+-----------+-----------+------------+
| sal[2]              | OUTPUT    | LVCMOS25  |            |
+---------------------+-----------+-----------+------------+
| sal[1]              | OUTPUT    | LVCMOS25  |            |
+---------------------+-----------+-----------+------------+
| Sel                 | INPUT     | LVCMOS25  |            |
+---------------------+-----------+-----------+------------+
| Bb[3]               | INPUT     | LVCMOS25  |            |
+---------------------+-----------+-----------+------------+
| Bb[2]               | INPUT     | LVCMOS25  |            |
+---------------------+-----------+-----------+------------+
| Bb[1]               | INPUT     | LVCMOS25  |            |
+---------------------+-----------+-----------+------------+
| Bb[0]               | INPUT     | LVCMOS25  |            |
+---------------------+-----------+-----------+------------+
| Aa[3]               | INPUT     | LVCMOS25  |            |
+---------------------+-----------+-----------+------------+
| Aa[2]               | INPUT     | LVCMOS25  |            |
+---------------------+-----------+-----------+------------+
| Aa[1]               | INPUT     | LVCMOS25  |            |
+---------------------+-----------+-----------+------------+




                                    Page 3




Design:  sumador                                       Date:  09/27/17  11:36:16

Removed logic
-------------

Block VCC undriven or does not drive anything - clipped.
Block GSR_INST undriven or does not drive anything - clipped.
Signal GND undriven or does not drive anything - clipped.
Signal VCC undriven or does not drive anything - clipped.
Signal sal_s_3_0_S1 undriven or does not drive anything - clipped.
Signal sal_s_3_0_COUT undriven or does not drive anything - clipped.
Signal sal_cry_0_0_S0 undriven or does not drive anything - clipped.
Signal N_1 undriven or does not drive anything - clipped.
Block GND was optimized away.

Memory Usage
------------


     

Run Time and Memory Usage
-------------------------

   Total CPU Time: 0 secs  
   Total REAL Time: 0 secs  
   Peak Memory Usage: 56 MB
        

































                                    Page 4


Copyright (c) 1991-1994 by NeoCAD Inc. All rights reserved.
     Copyright (c) 1995 AT&T Corp.   All rights reserved.
     Copyright (c) 1995-2001 Lucent Technologies Inc.  All rights reserved.
     Copyright (c) 2001 Agere Systems   All rights reserved.
     Copyright (c) 2002-2017 Lattice Semiconductor Corporation,  All rights
     reserved.
