Running in Lattice mode

Starting:    C:\lscc\diamond\3.10_x64\synpbase\bin64\mbin\synbatch.exe
Install:     C:\lscc\diamond\3.10_x64\synpbase
Hostname:    DESKTOP-A2P6QV0
Date:        Mon Dec  4 23:06:23 2017
Version:     M-2017.03L-SP1-1

Arguments:   -product synplify_pro -batch generic01_generic01_synplify.tcl
ProductType: synplify_pro




log file: "C:\Users\mike_\Desktop\5to semestre\Arquitectura de Computadoras\Practicas de Entrenamiento\generic01\generic01\generic01_generic01.srr"
Running: hdl_info_gen in foreground

Generating HDL info...

hdl_info_gen completed
# Mon Dec  4 23:06:23 2017

Return Code: 0
Run Time:00h:00m:00s
Copied C:\Users\mike_\Desktop\5to semestre\Arquitectura de Computadoras\Practicas de Entrenamiento\generic01\generic01\generic01_generic01.srr to C:\Users\mike_\Desktop\5to semestre\Arquitectura de Computadoras\Practicas de Entrenamiento\generic01\generic01\generic01_generic01.srf
log file: "C:\Users\mike_\Desktop\5to semestre\Arquitectura de Computadoras\Practicas de Entrenamiento\generic01\generic01\generic01_generic01.srr"
Running: generic01 in foreground

Running proj_1|generic01

Running: compile (Compile) on proj_1|generic01
# Mon Dec  4 23:06:24 2017

Running: compile_flow (Compile Process) on proj_1|generic01
# Mon Dec  4 23:06:24 2017

Running: compiler (Compile Input) on proj_1|generic01
# Mon Dec  4 23:06:24 2017
Copied C:\Users\mike_\Desktop\5to semestre\Arquitectura de Computadoras\Practicas de Entrenamiento\generic01\generic01\synwork\generic01_generic01_comp.srs to C:\Users\mike_\Desktop\5to semestre\Arquitectura de Computadoras\Practicas de Entrenamiento\generic01\generic01\generic01_generic01.srs

compiler completed
# Mon Dec  4 23:06:26 2017

Return Code: 0
Run Time:00h:00m:02s

Running: multi_srs_gen (Multi-srs Generator) on proj_1|generic01
# Mon Dec  4 23:06:26 2017

multi_srs_gen completed
# Mon Dec  4 23:06:26 2017

Return Code: 0
Run Time:00h:00m:00s
Copied C:\Users\mike_\Desktop\5to semestre\Arquitectura de Computadoras\Practicas de Entrenamiento\generic01\generic01\synwork\generic01_generic01_mult.srs to C:\Users\mike_\Desktop\5to semestre\Arquitectura de Computadoras\Practicas de Entrenamiento\generic01\generic01\generic01_generic01.srs
Copied C:\Users\mike_\Desktop\5to semestre\Arquitectura de Computadoras\Practicas de Entrenamiento\generic01\generic01\generic01_generic01.srr to C:\Users\mike_\Desktop\5to semestre\Arquitectura de Computadoras\Practicas de Entrenamiento\generic01\generic01\generic01_generic01.srf
Complete: Compile Process on proj_1|generic01

Running: premap (Pre-mapping) on proj_1|generic01
# Mon Dec  4 23:06:26 2017

premap completed with warnings
# Mon Dec  4 23:06:27 2017

Return Code: 1
Run Time:00h:00m:01s
Complete: Compile on proj_1|generic01

Running: map (Map) on proj_1|generic01
# Mon Dec  4 23:06:27 2017
License granted for 4 parallel jobs

Running: fpga_mapper (Map & Optimize) on proj_1|generic01
# Mon Dec  4 23:06:27 2017
fpga_mapper exited with errors
Job failed on: proj_1|generic01

Job: "fpga_mapper" terminated with error status: 2
See log file: "C:\Users\mike_\Desktop\5to semestre\Arquitectura de Computadoras\Practicas de Entrenamiento\generic01\generic01\synlog\generic01_generic01_fpga_mapper.srr"
# Mon Dec  4 23:06:28 2017

Return Code: 2
Run Time:00h:00m:01s
Complete: Map on proj_1|generic01
Complete: Logic Synthesis on proj_1|generic01
Copied C:\Users\mike_\Desktop\5to semestre\Arquitectura de Computadoras\Practicas de Entrenamiento\generic01\generic01\generic01_generic01.srr to C:\Users\mike_\Desktop\5to semestre\Arquitectura de Computadoras\Practicas de Entrenamiento\generic01\generic01\generic01_generic01.srf
Error: At line 91 while processing "generic01_generic01_synplify.tcl"
2
TCL script complete: "generic01_generic01_synplify.tcl"
TCL script had errors: "generic01_generic01_synplify.tcl"
exit status=9
exit status=9
Save changes for project:
C:\Users\mike_\Desktop\5to semestre\Arquitectura de Computadoras\Practicas de Entrenamiento\generic01\generic01\proj_1.prj
batch mode default:no
