Running in Lattice mode

Starting:    C:\lscc\diamond\3.10_x64\synpbase\bin64\mbin\synbatch.exe
Install:     C:\lscc\diamond\3.10_x64\synpbase
Hostname:    DESKTOP-A2P6QV0
Date:        Wed Nov 15 11:10:41 2017
Version:     M-2017.03L-SP1-1

Arguments:   -product synplify_pro -batch lcd00_lcd00_synplify.tcl
ProductType: synplify_pro




Copied C:\Users\mike_\Desktop\5to semestre\Arquitectura de Computadoras\Practicas de Entrenamiento\lcd00\lcd00\lcd00_lcd00.srr to C:\Users\mike_\Desktop\5to semestre\Arquitectura de Computadoras\Practicas de Entrenamiento\lcd00\lcd00\backup\lcd00_lcd00.srr
log file: "C:\Users\mike_\Desktop\5to semestre\Arquitectura de Computadoras\Practicas de Entrenamiento\lcd00\lcd00\lcd00_lcd00.srr"
Running: hdl_info_gen in foreground

Generating HDL info...

hdl_info_gen completed
# Wed Nov 15 11:10:43 2017

Return Code: 0
Run Time:00h:00m:02s
Copied C:\Users\mike_\Desktop\5to semestre\Arquitectura de Computadoras\Practicas de Entrenamiento\lcd00\lcd00\lcd00_lcd00.srr to C:\Users\mike_\Desktop\5to semestre\Arquitectura de Computadoras\Practicas de Entrenamiento\lcd00\lcd00\lcd00_lcd00.srf
log file: "C:\Users\mike_\Desktop\5to semestre\Arquitectura de Computadoras\Practicas de Entrenamiento\lcd00\lcd00\lcd00_lcd00.srr"
Running: lcd00 in foreground

Running proj_1|lcd00

Running: compile (Compile) on proj_1|lcd00
# Wed Nov 15 11:10:43 2017

Running: compile_flow (Compile Process) on proj_1|lcd00
# Wed Nov 15 11:10:43 2017

Running: compiler (Compile Input) on proj_1|lcd00
# Wed Nov 15 11:10:43 2017
Copied C:\Users\mike_\Desktop\5to semestre\Arquitectura de Computadoras\Practicas de Entrenamiento\lcd00\lcd00\synwork\lcd00_lcd00_comp.srs to C:\Users\mike_\Desktop\5to semestre\Arquitectura de Computadoras\Practicas de Entrenamiento\lcd00\lcd00\lcd00_lcd00.srs

compiler completed
# Wed Nov 15 11:10:48 2017

Return Code: 0
Run Time:00h:00m:05s

Running: multi_srs_gen (Multi-srs Generator) on proj_1|lcd00
# Wed Nov 15 11:10:48 2017

multi_srs_gen completed
# Wed Nov 15 11:10:49 2017

Return Code: 0
Run Time:00h:00m:01s
Copied C:\Users\mike_\Desktop\5to semestre\Arquitectura de Computadoras\Practicas de Entrenamiento\lcd00\lcd00\synwork\lcd00_lcd00_mult.srs to C:\Users\mike_\Desktop\5to semestre\Arquitectura de Computadoras\Practicas de Entrenamiento\lcd00\lcd00\lcd00_lcd00.srs
Copied C:\Users\mike_\Desktop\5to semestre\Arquitectura de Computadoras\Practicas de Entrenamiento\lcd00\lcd00\lcd00_lcd00.srr to C:\Users\mike_\Desktop\5to semestre\Arquitectura de Computadoras\Practicas de Entrenamiento\lcd00\lcd00\lcd00_lcd00.srf
Complete: Compile Process on proj_1|lcd00

Running: premap (Pre-mapping) on proj_1|lcd00
# Wed Nov 15 11:10:49 2017

premap completed with warnings
# Wed Nov 15 11:10:55 2017

Return Code: 1
Run Time:00h:00m:06s
Complete: Compile on proj_1|lcd00

Running: map (Map) on proj_1|lcd00
# Wed Nov 15 11:10:55 2017
License granted for 4 parallel jobs

Running: fpga_mapper (Map & Optimize) on proj_1|lcd00
# Wed Nov 15 11:10:55 2017
Copied C:\Users\mike_\Desktop\5to semestre\Arquitectura de Computadoras\Practicas de Entrenamiento\lcd00\lcd00\synwork\lcd00_lcd00_m.srm to C:\Users\mike_\Desktop\5to semestre\Arquitectura de Computadoras\Practicas de Entrenamiento\lcd00\lcd00\lcd00_lcd00.srm

fpga_mapper completed with warnings
# Wed Nov 15 11:10:58 2017

Return Code: 1
Run Time:00h:00m:03s
Complete: Map on proj_1|lcd00
Copied C:\Users\mike_\Desktop\5to semestre\Arquitectura de Computadoras\Practicas de Entrenamiento\lcd00\lcd00\lcd00_lcd00.srr to C:\Users\mike_\Desktop\5to semestre\Arquitectura de Computadoras\Practicas de Entrenamiento\lcd00\lcd00\lcd00_lcd00.srf
Complete: Logic Synthesis on proj_1|lcd00
TCL script complete: "lcd00_lcd00_synplify.tcl"
exit status=0
exit status=0
Save changes for project:
C:\Users\mike_\Desktop\5to semestre\Arquitectura de Computadoras\Practicas de Entrenamiento\lcd00\lcd00\proj_1.prj
batch mode default:no
