Running in Lattice mode


Starting:    C:\lscc\diamond\3.9_x64\synpbase\bin64\mbin\synbatch.exe
Install:     C:\lscc\diamond\3.9_x64\synpbase
Hostname:    ALEJANDROBE
Date:        Tue Oct 10 15:24:24 2017
Version:     L-2016.09L

Arguments:   -product synplify_pro -batch key01_key01_synplify.tcl
ProductType: synplify_pro





Technology initialized from device list to: LATTICE-XP

log file: "C:\Users\Alejandro\Desktop\5to semestre\Arquitectura de Computadoras\Practicas de Entrenamiento\key01\key01\key01_key01.srr"

Running: hdl_info_gen in foreground



Generating HDL info...


hdl_info_gen completed
# Tue Oct 10 15:24:24 2017

Return Code: 0
Run Time:00h:00m:00s

log file: "C:\Users\Alejandro\Desktop\5to semestre\Arquitectura de Computadoras\Practicas de Entrenamiento\key01\key01\key01_key01.srr"

Running: key01 in foreground



Running proj_1|key01


Running: compile (Compile) on proj_1|key01
# Tue Oct 10 15:24:24 2017


Running: compile_flow (Compile Process) on proj_1|key01
# Tue Oct 10 15:24:24 2017


Running: compiler (Compile Input) on proj_1|key01
# Tue Oct 10 15:24:24 2017

Copied C:\Users\Alejandro\Desktop\5to semestre\Arquitectura de Computadoras\Practicas de Entrenamiento\key01\key01\synwork\key01_key01_comp.srs to C:\Users\Alejandro\Desktop\5to semestre\Arquitectura de Computadoras\Practicas de Entrenamiento\key01\key01\key01_key01.srs


compiler completed
# Tue Oct 10 15:24:26 2017

Return Code: 0
Run Time:00h:00m:02s


Running: multi_srs_gen (Multi-srs Generator) on proj_1|key01
# Tue Oct 10 15:24:26 2017


multi_srs_gen completed
# Tue Oct 10 15:24:26 2017

Return Code: 0
Run Time:00h:00m:00s

Copied C:\Users\Alejandro\Desktop\5to semestre\Arquitectura de Computadoras\Practicas de Entrenamiento\key01\key01\synwork\key01_key01_mult.srs to C:\Users\Alejandro\Desktop\5to semestre\Arquitectura de Computadoras\Practicas de Entrenamiento\key01\key01\key01_key01.srs

Copied C:\Users\Alejandro\Desktop\5to semestre\Arquitectura de Computadoras\Practicas de Entrenamiento\key01\key01\key01_key01.srr to C:\Users\Alejandro\Desktop\5to semestre\Arquitectura de Computadoras\Practicas de Entrenamiento\key01\key01\key01_key01.srf

Complete: Compile Process on proj_1|key01


Running: premap (Pre-mapping) on proj_1|key01
# Tue Oct 10 15:24:26 2017


premap completed with warnings
# Tue Oct 10 15:24:27 2017

Return Code: 1
Run Time:00h:00m:01s

Complete: Compile on proj_1|key01


Running: map (Map) on proj_1|key01
# Tue Oct 10 15:24:27 2017

License granted for 4 parallel jobs


Running: fpga_mapper (Map & Optimize) on proj_1|key01
# Tue Oct 10 15:24:27 2017

Copied C:\Users\Alejandro\Desktop\5to semestre\Arquitectura de Computadoras\Practicas de Entrenamiento\key01\key01\synwork\key01_key01_m.srm to C:\Users\Alejandro\Desktop\5to semestre\Arquitectura de Computadoras\Practicas de Entrenamiento\key01\key01\key01_key01.srm


fpga_mapper completed with warnings
# Tue Oct 10 15:24:29 2017

Return Code: 1
Run Time:00h:00m:02s

Complete: Map on proj_1|key01

Copied C:\Users\Alejandro\Desktop\5to semestre\Arquitectura de Computadoras\Practicas de Entrenamiento\key01\key01\key01_key01.srr to C:\Users\Alejandro\Desktop\5to semestre\Arquitectura de Computadoras\Practicas de Entrenamiento\key01\key01\key01_key01.srf

Complete: Logic Synthesis on proj_1|key01

TCL script complete: "key01_key01_synplify.tcl"

exit status=0

exit status=0

Save changes for project:
C:\Users\Alejandro\Desktop\5to semestre\Arquitectura de Computadoras\Practicas de Entrenamiento\key01\key01\proj_1.prj

batch mode default:no

