Running in Lattice mode


Starting:    C:\lscc\diamond\3.9_x64\synpbase\bin64\mbin\synbatch.exe
Install:     C:\lscc\diamond\3.9_x64\synpbase
Hostname:    STEFAN_MACH
Date:        Thu Sep 14 21:56:23 2017
Version:     L-2016.09L

Arguments:   -product synplify_pro -batch Mult4bit00_Mult4bit00_synplify.tcl
ProductType: synplify_pro





Technology initialized from device list to: LATTICE-XP

log file: "C:\Users\Fernando\Documents\Escuela\5to\Arqui3CM2\projectMachXO2\Mult4bit00\Mult4bit00\Mult4bit00_Mult4bit00.srr"

Running: hdl_info_gen in foreground



Generating HDL info...


hdl_info_gen completed
# Thu Sep 14 21:56:23 2017

Return Code: 0
Run Time:00h:00m:00s

log file: "C:\Users\Fernando\Documents\Escuela\5to\Arqui3CM2\projectMachXO2\Mult4bit00\Mult4bit00\Mult4bit00_Mult4bit00.srr"

Running: Mult4bit00 in foreground



Running proj_1|Mult4bit00


Running: compile (Compile) on proj_1|Mult4bit00
# Thu Sep 14 21:56:23 2017


Running: compile_flow (Compile Process) on proj_1|Mult4bit00
# Thu Sep 14 21:56:23 2017


Running: compiler (Compile Input) on proj_1|Mult4bit00
# Thu Sep 14 21:56:23 2017

Copied C:\Users\Fernando\Documents\Escuela\5to\Arqui3CM2\projectMachXO2\Mult4bit00\Mult4bit00\synwork\Mult4bit00_Mult4bit00_comp.srs to C:\Users\Fernando\Documents\Escuela\5to\Arqui3CM2\projectMachXO2\Mult4bit00\Mult4bit00\Mult4bit00_Mult4bit00.srs


compiler completed
# Thu Sep 14 21:56:25 2017

Return Code: 0
Run Time:00h:00m:02s


Running: multi_srs_gen (Multi-srs Generator) on proj_1|Mult4bit00
# Thu Sep 14 21:56:25 2017


multi_srs_gen completed
# Thu Sep 14 21:56:25 2017

Return Code: 0
Run Time:00h:00m:00s

Copied C:\Users\Fernando\Documents\Escuela\5to\Arqui3CM2\projectMachXO2\Mult4bit00\Mult4bit00\synwork\Mult4bit00_Mult4bit00_mult.srs to C:\Users\Fernando\Documents\Escuela\5to\Arqui3CM2\projectMachXO2\Mult4bit00\Mult4bit00\Mult4bit00_Mult4bit00.srs

Copied C:\Users\Fernando\Documents\Escuela\5to\Arqui3CM2\projectMachXO2\Mult4bit00\Mult4bit00\Mult4bit00_Mult4bit00.srr to C:\Users\Fernando\Documents\Escuela\5to\Arqui3CM2\projectMachXO2\Mult4bit00\Mult4bit00\Mult4bit00_Mult4bit00.srf

Complete: Compile Process on proj_1|Mult4bit00


Running: premap (Pre-mapping) on proj_1|Mult4bit00
# Thu Sep 14 21:56:25 2017


premap completed
# Thu Sep 14 21:56:26 2017

Return Code: 0
Run Time:00h:00m:01s

Complete: Compile on proj_1|Mult4bit00


Running: map (Map) on proj_1|Mult4bit00
# Thu Sep 14 21:56:26 2017

License granted for 4 parallel jobs


Running: fpga_mapper (Map & Optimize) on proj_1|Mult4bit00
# Thu Sep 14 21:56:26 2017

Copied C:\Users\Fernando\Documents\Escuela\5to\Arqui3CM2\projectMachXO2\Mult4bit00\Mult4bit00\synwork\Mult4bit00_Mult4bit00_m.srm to C:\Users\Fernando\Documents\Escuela\5to\Arqui3CM2\projectMachXO2\Mult4bit00\Mult4bit00\Mult4bit00_Mult4bit00.srm


fpga_mapper completed
# Thu Sep 14 21:56:28 2017

Return Code: 0
Run Time:00h:00m:02s

Complete: Map on proj_1|Mult4bit00

Copied C:\Users\Fernando\Documents\Escuela\5to\Arqui3CM2\projectMachXO2\Mult4bit00\Mult4bit00\Mult4bit00_Mult4bit00.srr to C:\Users\Fernando\Documents\Escuela\5to\Arqui3CM2\projectMachXO2\Mult4bit00\Mult4bit00\Mult4bit00_Mult4bit00.srf

Complete: Logic Synthesis on proj_1|Mult4bit00

TCL script complete: "Mult4bit00_Mult4bit00_synplify.tcl"

exit status=0

exit status=0

Save changes for project:
C:\Users\Fernando\Documents\Escuela\5to\Arqui3CM2\projectMachXO2\Mult4bit00\Mult4bit00\proj_1.prj

batch mode default:no

