Running in Lattice mode

Starting:    C:\lscc\diamond\3.10_x64\synpbase\bin64\mbin\synbatch.exe
Install:     C:\lscc\diamond\3.10_x64\synpbase
Hostname:    LALO-PC
Date:        Wed Jun 13 11:28:57 2018
Version:     M-2017.03L-SP1-1

Arguments:   -product synplify_pro -batch lcd00_lcd_synplify.tcl
ProductType: synplify_pro




Copied F:\lcd00\lcd\lcd00_lcd.srr to F:\lcd00\lcd\backup\lcd00_lcd.srr
log file: "F:\lcd00\lcd\lcd00_lcd.srr"
Running: hdl_info_gen in foreground

Generating HDL info...

hdl_info_gen completed
# Wed Jun 13 11:29:07 2018

Return Code: 0
Run Time:00h:00m:03s
Copied F:\lcd00\lcd\lcd00_lcd.srr to F:\lcd00\lcd\lcd00_lcd.srf
log file: "F:\lcd00\lcd\lcd00_lcd.srr"
Running: lcd in foreground

Running proj_1|lcd

Running: compile (Compile) on proj_1|lcd
# Wed Jun 13 11:29:08 2018

Running: compile_flow (Compile Process) on proj_1|lcd
# Wed Jun 13 11:29:08 2018

Running: compiler (Compile Input) on proj_1|lcd
# Wed Jun 13 11:29:08 2018
Copied F:\lcd00\lcd\synwork\lcd00_lcd_comp.srs to F:\lcd00\lcd\lcd00_lcd.srs

compiler completed
# Wed Jun 13 11:29:24 2018

Return Code: 0
Run Time:00h:00m:16s

Running: multi_srs_gen (Multi-srs Generator) on proj_1|lcd
# Wed Jun 13 11:29:24 2018

multi_srs_gen completed
# Wed Jun 13 11:29:25 2018

Return Code: 0
Run Time:00h:00m:01s
Copied F:\lcd00\lcd\synwork\lcd00_lcd_mult.srs to F:\lcd00\lcd\lcd00_lcd.srs
Copied F:\lcd00\lcd\lcd00_lcd.srr to F:\lcd00\lcd\lcd00_lcd.srf
Complete: Compile Process on proj_1|lcd

Running: premap (Pre-mapping) on proj_1|lcd
# Wed Jun 13 11:29:25 2018

premap completed with warnings
# Wed Jun 13 11:29:37 2018

Return Code: 1
Run Time:00h:00m:12s
Complete: Compile on proj_1|lcd

Running: map (Map) on proj_1|lcd
# Wed Jun 13 11:29:37 2018
License granted for 4 parallel jobs

Running: fpga_mapper (Map & Optimize) on proj_1|lcd
# Wed Jun 13 11:29:37 2018
Copied F:\lcd00\lcd\synwork\lcd00_lcd_m.srm to F:\lcd00\lcd\lcd00_lcd.srm

fpga_mapper completed with warnings
# Wed Jun 13 11:29:54 2018

Return Code: 1
Run Time:00h:00m:17s
Complete: Map on proj_1|lcd
Copied F:\lcd00\lcd\lcd00_lcd.srr to F:\lcd00\lcd\lcd00_lcd.srf
Complete: Logic Synthesis on proj_1|lcd
TCL script complete: "lcd00_lcd_synplify.tcl"
exit status=0
exit status=0
Save changes for project:
F:\lcd00\lcd\proj_1.prj
batch mode default:no
