Running in Lattice mode

Starting:    C:\lscc\diamond\3.10_x64\synpbase\bin64\mbin\synbatch.exe
Install:     C:\lscc\diamond\3.10_x64\synpbase
Hostname:    ALLECTO
Date:        Wed Jun 13 23:40:17 2018
Version:     M-2017.03L-SP1-1

Arguments:   -product synplify_pro -batch lcd0200_lcd0200_synplify.tcl
ProductType: synplify_pro




log file: "C:\Users\jmaci\Desktop\lcd02\lcd0200\lcd0200_lcd0200.srr"
Running: hdl_info_gen in foreground

Generating HDL info...

hdl_info_gen completed
# Wed Jun 13 23:40:18 2018

Return Code: 0
Run Time:00h:00m:00s
Copied C:\Users\jmaci\Desktop\lcd02\lcd0200\lcd0200_lcd0200.srr to C:\Users\jmaci\Desktop\lcd02\lcd0200\lcd0200_lcd0200.srf
log file: "C:\Users\jmaci\Desktop\lcd02\lcd0200\lcd0200_lcd0200.srr"
Running: lcd0200 in foreground

Running proj_1|lcd0200

Running: compile (Compile) on proj_1|lcd0200
# Wed Jun 13 23:40:19 2018

Running: compile_flow (Compile Process) on proj_1|lcd0200
# Wed Jun 13 23:40:19 2018

Running: compiler (Compile Input) on proj_1|lcd0200
# Wed Jun 13 23:40:19 2018
Copied C:\Users\jmaci\Desktop\lcd02\lcd0200\synwork\lcd0200_lcd0200_comp.srs to C:\Users\jmaci\Desktop\lcd02\lcd0200\lcd0200_lcd0200.srs

compiler completed
# Wed Jun 13 23:40:23 2018

Return Code: 0
Run Time:00h:00m:04s

Running: multi_srs_gen (Multi-srs Generator) on proj_1|lcd0200
# Wed Jun 13 23:40:23 2018

multi_srs_gen completed
# Wed Jun 13 23:40:23 2018

Return Code: 0
Run Time:00h:00m:00s
Copied C:\Users\jmaci\Desktop\lcd02\lcd0200\synwork\lcd0200_lcd0200_mult.srs to C:\Users\jmaci\Desktop\lcd02\lcd0200\lcd0200_lcd0200.srs
Copied C:\Users\jmaci\Desktop\lcd02\lcd0200\lcd0200_lcd0200.srr to C:\Users\jmaci\Desktop\lcd02\lcd0200\lcd0200_lcd0200.srf
Complete: Compile Process on proj_1|lcd0200

Running: premap (Pre-mapping) on proj_1|lcd0200
# Wed Jun 13 23:40:23 2018

premap completed with warnings
# Wed Jun 13 23:40:25 2018

Return Code: 1
Run Time:00h:00m:02s
Complete: Compile on proj_1|lcd0200

Running: map (Map) on proj_1|lcd0200
# Wed Jun 13 23:40:25 2018
License granted for 4 parallel jobs

Running: fpga_mapper (Map & Optimize) on proj_1|lcd0200
# Wed Jun 13 23:40:25 2018
Copied C:\Users\jmaci\Desktop\lcd02\lcd0200\synwork\lcd0200_lcd0200_m.srm to C:\Users\jmaci\Desktop\lcd02\lcd0200\lcd0200_lcd0200.srm

fpga_mapper completed with warnings
# Wed Jun 13 23:40:30 2018

Return Code: 1
Run Time:00h:00m:05s
Complete: Map on proj_1|lcd0200
Copied C:\Users\jmaci\Desktop\lcd02\lcd0200\lcd0200_lcd0200.srr to C:\Users\jmaci\Desktop\lcd02\lcd0200\lcd0200_lcd0200.srf
Complete: Logic Synthesis on proj_1|lcd0200
TCL script complete: "lcd0200_lcd0200_synplify.tcl"
exit status=0
exit status=0
Save changes for project:
C:\Users\jmaci\Desktop\lcd02\lcd0200\proj_1.prj
batch mode default:no
