
           Lattice Mapping Report File for Design Module 'topkey00'


Design Information
------------------

Command line:   map -a MachXO2 -p LCMXO2-7000HE -t TQFP144 -s 5 -oc Commercial
     ke00_key00.ngd -o ke00_key00_map.ncd -pr ke00_key00.prf -mp ke00_key00.mrp
     -lpf C:/Users/Alejandro/Desktop/5to semestre/Arquitectura de
     Computadoras/Practicas de Entrenamiento/key00/key00/ke00_key00_synplify.lpf
     -lpf C:/Users/Alejandro/Desktop/5to semestre/Arquitectura de
     Computadoras/Practicas de Entrenamiento/key00/ke00.lpf -c 0 -gui -msgset
     C:/Users/Alejandro/Desktop/5to semestre/Arquitectura de
     Computadoras/Practicas de Entrenamiento/key00/promote.xml 
Target Vendor:  LATTICE
Target Device:  LCMXO2-7000HETQFP144
Target Performance:   5
Mapper:  xo2c00,  version:  Diamond (64-bit) 3.9.0.99.2
Mapped on:  10/10/17  14:49:08

Design Summary
--------------

   Number of registers:     38 out of  7209 (1%)
      PFU registers:           30 out of  6864 (0%)
      PIO registers:            8 out of   345 (2%)
   Number of SLICEs:        52 out of  3432 (2%)
      SLICEs as Logic/ROM:     52 out of  3432 (2%)
      SLICEs as RAM:            0 out of  2574 (0%)
      SLICEs as Carry:         12 out of  3432 (0%)
   Number of LUT4s:        103 out of  6864 (2%)
      Number used as logic LUTs:         79
      Number used as distributed RAM:     0
      Number used as ripple logic:       24
      Number used as shift registers:     0
   Number of PIO sites used: 26 + 4(JTAG) out of 115 (26%)
   Number of block RAMs:  0 out of 26 (0%)
   Number of GSRs:  0 out of 1 (0%)
   EFB used :       No
   JTAG used :      No
   Readback used :  No
   Oscillator used :  Yes
   Startup used :   No
   POR :            On
   Bandgap :        On
   Number of Power Controller:  0 out of 1 (0%)
   Number of Dynamic Bank Controller (BCINRD):  0 out of 6 (0%)
   Number of Dynamic Bank Controller (BCLVDSO):  0 out of 1 (0%)
   Number of DCCA:  0 out of 8 (0%)
   Number of DCMA:  0 out of 2 (0%)
   Number of PLLs:  0 out of 2 (0%)
   Number of DQSDLLs:  0 out of 2 (0%)
   Number of CLKDIVC:  0 out of 4 (0%)
   Number of ECLKSYNCA:  0 out of 4 (0%)
   Number of ECLKBRIDGECS:  0 out of 2 (0%)
   Notes:-
      1. Total number of LUT4s = (Number of logic LUT4s) + 2*(Number of
     distributed RAMs) + 2*(Number of ripple logic)
      2. Number of logic LUT4s does not include count of distributed RAM and
     ripple logic.
   Number of clocks:  1

                                    Page 1




Design:  topkey00                                      Date:  10/10/17  14:49:08

Design Summary (cont)
---------------------
     Net k00.sclk_0: 27 loads, 27 rising, 0 falling (Driver: k00/D00/OSCInst0 )
   Number of Clock Enables:  5
     Net aux0_1_sqmuxa_i_o2_0_RNIG8IB4: 7 loads, 0 LSLICEs
     Net G_2: 4 loads, 3 LSLICEs
     Net k02/aux3_RNO: 1 loads, 1 LSLICEs
     Net k02/aux2_RNO: 1 loads, 1 LSLICEs
     Net k02/aux1_RNO: 1 loads, 1 LSLICEs
   Number of LSRs:  1
     Net k00/D01/N_5_i: 12 loads, 12 LSLICEs
   Number of nets driven by tri-state buffers:  0
   Top 10 highest fanout non-clock nets:
     Net outr0_c[3]: 15 loads
     Net inkey0_c[1]: 14 loads
     Net inkey0_c[2]: 14 loads
     Net outr0_c[2]: 14 loads
     Net outr0_c[1]: 13 loads
     Net inkey0_c[3]: 12 loads
     Net k00/D01/N_5_i: 12 loads
     Net cdiv0_c[1]: 10 loads
     Net outr0_c[0]: 10 loads
     Net inkey0_c[0]: 9 loads




   Number of warnings:  0
   Number of errors:    0
     

Design Errors/Warnings
----------------------

   No errors or warnings present.

IO (PIO) Attributes
-------------------

+---------------------+-----------+-----------+------------+
| IO Name             | Direction | Levelmode | IO         |
|                     |           |  IO_TYPE  | Register   |
+---------------------+-----------+-----------+------------+
| clk0                | OUTPUT    | LVCMOS25  |            |
+---------------------+-----------+-----------+------------+
| cdiv0[0]            | INPUT     | LVCMOS25  |            |
+---------------------+-----------+-----------+------------+
| outcoder0[6]        | OUTPUT    | LVCMOS25  | OUT        |
+---------------------+-----------+-----------+------------+
| outcoder0[5]        | OUTPUT    | LVCMOS25  | OUT        |
+---------------------+-----------+-----------+------------+
| outcoder0[4]        | OUTPUT    | LVCMOS25  | OUT        |
+---------------------+-----------+-----------+------------+
| outcoder0[3]        | OUTPUT    | LVCMOS25  | OUT        |
+---------------------+-----------+-----------+------------+
| outcoder0[2]        | OUTPUT    | LVCMOS25  | OUT        |
+---------------------+-----------+-----------+------------+
| outcoder0[1]        | OUTPUT    | LVCMOS25  | OUT        |

                                    Page 2




Design:  topkey00                                      Date:  10/10/17  14:49:08

IO (PIO) Attributes (cont)
--------------------------
+---------------------+-----------+-----------+------------+
| outcoder0[0]        | OUTPUT    | LVCMOS25  | OUT        |
+---------------------+-----------+-----------+------------+
| outtransist0[3]     | OUTPUT    | LVCMOS25  |            |
+---------------------+-----------+-----------+------------+
| outtransist0[2]     | OUTPUT    | LVCMOS25  |            |
+---------------------+-----------+-----------+------------+
| outtransist0[1]     | OUTPUT    | LVCMOS25  |            |
+---------------------+-----------+-----------+------------+
| outtransist0[0]     | OUTPUT    | LVCMOS25  |            |
+---------------------+-----------+-----------+------------+
| outr0[3]            | OUTPUT    | LVCMOS25  |            |
+---------------------+-----------+-----------+------------+
| outr0[2]            | OUTPUT    | LVCMOS25  |            |
+---------------------+-----------+-----------+------------+
| outr0[1]            | OUTPUT    | LVCMOS25  |            |
+---------------------+-----------+-----------+------------+
| outr0[0]            | OUTPUT    | LVCMOS25  |            |
+---------------------+-----------+-----------+------------+
| inkey0[3]           | INPUT     | LVCMOS25  |            |
+---------------------+-----------+-----------+------------+
| inkey0[2]           | INPUT     | LVCMOS25  |            |
+---------------------+-----------+-----------+------------+
| inkey0[1]           | INPUT     | LVCMOS25  |            |
+---------------------+-----------+-----------+------------+
| inkey0[0]           | INPUT     | LVCMOS25  |            |
+---------------------+-----------+-----------+------------+
| en0                 | INPUT     | LVCMOS25  | IN         |
+---------------------+-----------+-----------+------------+
| cdiv0[4]            | INPUT     | LVCMOS25  |            |
+---------------------+-----------+-----------+------------+
| cdiv0[3]            | INPUT     | LVCMOS25  |            |
+---------------------+-----------+-----------+------------+
| cdiv0[2]            | INPUT     | LVCMOS25  |            |
+---------------------+-----------+-----------+------------+
| cdiv0[1]            | INPUT     | LVCMOS25  |            |
+---------------------+-----------+-----------+------------+

Removed logic
-------------

Block GSR_INST undriven or does not drive anything - clipped.
Block k00/D01/VCC undriven or does not drive anything - clipped.
Block k01/GND undriven or does not drive anything - clipped.
Block k01/VCC undriven or does not drive anything - clipped.
Block k02/GND undriven or does not drive anything - clipped.
Block k02/VCC undriven or does not drive anything - clipped.
Signal k00/D00/GND undriven or does not drive anything - clipped.
Signal k00/D01/GND undriven or does not drive anything - clipped.
Signal k00/D00/OSCInst0_SEDSTDBY undriven or does not drive anything - clipped.
Signal k00/D01/un2_sdiv_s_21_0_S1 undriven or does not drive anything - clipped.
     
Signal k00/D01/un2_sdiv_s_21_0_COUT undriven or does not drive anything -
     clipped.
Signal k00/D01/un2_sdiv_cry_0_0_S0 undriven or does not drive anything -
     clipped.

                                    Page 3




Design:  topkey00                                      Date:  10/10/17  14:49:08

Removed logic (cont)
--------------------
Signal k00/D01/N_1 undriven or does not drive anything - clipped.
Block k00/D00/GND was optimized away.
Block k00/D01/GND was optimized away.

Memory Usage
------------


     

OSC Summary
-----------

OSC 1:                                     Pin/Node Value
  OSC Instance Name:                                k00/D00/OSCInst0
  OSC Type:                                         OSCH
  STDBY Input:                                      NONE
  OSC Output:                              NODE     k00.sclk_0
  OSC Nominal Frequency (MHz):                      2.08

ASIC Components
---------------

Instance Name: k00/D00/OSCInst0
         Type: OSCH

Run Time and Memory Usage
-------------------------

   Total CPU Time: 0 secs  
   Total REAL Time: 0 secs  
   Peak Memory Usage: 58 MB
        
























                                    Page 4


Copyright (c) 1991-1994 by NeoCAD Inc. All rights reserved.
     Copyright (c) 1995 AT&T Corp.   All rights reserved.
     Copyright (c) 1995-2001 Lucent Technologies Inc.  All rights reserved.
     Copyright (c) 2001 Agere Systems   All rights reserved.
     Copyright (c) 2002-2017 Lattice Semiconductor Corporation,  All rights
     reserved.
