Running in Lattice mode


Starting:    C:\lscc\diamond\3.9_x64\synpbase\bin64\mbin\synbatch.exe
Install:     C:\lscc\diamond\3.9_x64\synpbase
Hostname:    ALEJANDROBE
Date:        Tue Sep 26 10:49:27 2017
Version:     L-2016.09L

Arguments:   -product synplify_pro -batch shiftrotate00_shiftrotate00_synplify.tcl
ProductType: synplify_pro





Technology initialized from device list to: LATTICE-XP

Copied C:\Users\Alejandro\Desktop\5to semestre\Arquitectura de Computadoras\Practicas de Entrenamiento\ShiftRotate00\shiftrotate00\shiftrotate00_shiftrotate00.srr to C:\Users\Alejandro\Desktop\5to semestre\Arquitectura de Computadoras\Practicas de Entrenamiento\ShiftRotate00\shiftrotate00\backup\shiftrotate00_shiftrotate00.srr

log file: "C:\Users\Alejandro\Desktop\5to semestre\Arquitectura de Computadoras\Practicas de Entrenamiento\ShiftRotate00\shiftrotate00\shiftrotate00_shiftrotate00.srr"

Running: hdl_info_gen in foreground



Generating HDL info...


hdl_info_gen completed
# Tue Sep 26 10:49:28 2017

Return Code: 0
Run Time:00h:00m:01s

Copied C:\Users\Alejandro\Desktop\5to semestre\Arquitectura de Computadoras\Practicas de Entrenamiento\ShiftRotate00\shiftrotate00\shiftrotate00_shiftrotate00.srr to C:\Users\Alejandro\Desktop\5to semestre\Arquitectura de Computadoras\Practicas de Entrenamiento\ShiftRotate00\shiftrotate00\shiftrotate00_shiftrotate00.srf

log file: "C:\Users\Alejandro\Desktop\5to semestre\Arquitectura de Computadoras\Practicas de Entrenamiento\ShiftRotate00\shiftrotate00\shiftrotate00_shiftrotate00.srr"

Running: shiftrotate00 in foreground



Running proj_1|shiftrotate00


Running: compile (Compile) on proj_1|shiftrotate00
# Tue Sep 26 10:49:28 2017


Running: compile_flow (Compile Process) on proj_1|shiftrotate00
# Tue Sep 26 10:49:28 2017


Running: compiler (Compile Input) on proj_1|shiftrotate00
# Tue Sep 26 10:49:28 2017

Copied C:\Users\Alejandro\Desktop\5to semestre\Arquitectura de Computadoras\Practicas de Entrenamiento\ShiftRotate00\shiftrotate00\synwork\shiftrotate00_shiftrotate00_comp.srs to C:\Users\Alejandro\Desktop\5to semestre\Arquitectura de Computadoras\Practicas de Entrenamiento\ShiftRotate00\shiftrotate00\shiftrotate00_shiftrotate00.srs


compiler completed
# Tue Sep 26 10:49:31 2017

Return Code: 0
Run Time:00h:00m:03s


Running: multi_srs_gen (Multi-srs Generator) on proj_1|shiftrotate00
# Tue Sep 26 10:49:31 2017


multi_srs_gen completed
# Tue Sep 26 10:49:31 2017

Return Code: 0
Run Time:00h:00m:00s

Copied C:\Users\Alejandro\Desktop\5to semestre\Arquitectura de Computadoras\Practicas de Entrenamiento\ShiftRotate00\shiftrotate00\synwork\shiftrotate00_shiftrotate00_mult.srs to C:\Users\Alejandro\Desktop\5to semestre\Arquitectura de Computadoras\Practicas de Entrenamiento\ShiftRotate00\shiftrotate00\shiftrotate00_shiftrotate00.srs

Copied C:\Users\Alejandro\Desktop\5to semestre\Arquitectura de Computadoras\Practicas de Entrenamiento\ShiftRotate00\shiftrotate00\shiftrotate00_shiftrotate00.srr to C:\Users\Alejandro\Desktop\5to semestre\Arquitectura de Computadoras\Practicas de Entrenamiento\ShiftRotate00\shiftrotate00\shiftrotate00_shiftrotate00.srf

Complete: Compile Process on proj_1|shiftrotate00


Running: premap (Pre-mapping) on proj_1|shiftrotate00
# Tue Sep 26 10:49:31 2017


premap completed with warnings
# Tue Sep 26 10:49:33 2017

Return Code: 1
Run Time:00h:00m:02s

Complete: Compile on proj_1|shiftrotate00


Running: map (Map) on proj_1|shiftrotate00
# Tue Sep 26 10:49:33 2017

License granted for 4 parallel jobs


Running: fpga_mapper (Map & Optimize) on proj_1|shiftrotate00
# Tue Sep 26 10:49:33 2017

Copied C:\Users\Alejandro\Desktop\5to semestre\Arquitectura de Computadoras\Practicas de Entrenamiento\ShiftRotate00\shiftrotate00\synwork\shiftrotate00_shiftrotate00_m.srm to C:\Users\Alejandro\Desktop\5to semestre\Arquitectura de Computadoras\Practicas de Entrenamiento\ShiftRotate00\shiftrotate00\shiftrotate00_shiftrotate00.srm


fpga_mapper completed with warnings
# Tue Sep 26 10:49:35 2017

Return Code: 1
Run Time:00h:00m:02s

Complete: Map on proj_1|shiftrotate00

Copied C:\Users\Alejandro\Desktop\5to semestre\Arquitectura de Computadoras\Practicas de Entrenamiento\ShiftRotate00\shiftrotate00\shiftrotate00_shiftrotate00.srr to C:\Users\Alejandro\Desktop\5to semestre\Arquitectura de Computadoras\Practicas de Entrenamiento\ShiftRotate00\shiftrotate00\shiftrotate00_shiftrotate00.srf

Complete: Logic Synthesis on proj_1|shiftrotate00

TCL script complete: "shiftrotate00_shiftrotate00_synplify.tcl"

exit status=0

exit status=0

Save changes for project:
C:\Users\Alejandro\Desktop\5to semestre\Arquitectura de Computadoras\Practicas de Entrenamiento\ShiftRotate00\shiftrotate00\proj_1.prj

batch mode default:no

