
           Lattice Mapping Report File for Design Module 'prueba00'


Design Information
------------------

Command line:   map -a MachXO2 -p LCMXO2-7000HE -t TQFP144 -s 5 -oc Commercial
     prueba_prueba.ngd -o prueba_prueba_map.ncd -pr prueba_prueba.prf -mp
     prueba_prueba.mrp -lpf C:/Users/Alejandro/Desktop/5to semestre/Arquitectura
     de Computadoras/prueba/prueba/prueba_prueba_synplify.lpf -lpf
     C:/Users/Alejandro/Desktop/5to semestre/Arquitectura de
     Computadoras/prueba/prueba.lpf -c 0 -gui 
Target Vendor:  LATTICE
Target Device:  LCMXO2-7000HETQFP144
Target Performance:   5
Mapper:  xo2c00,  version:  Diamond (64-bit) 3.9.0.99.2
Mapped on:  08/20/17  18:47:59

Design Summary
--------------

   Number of registers:      0 out of  7209 (0%)
      PFU registers:            0 out of  6864 (0%)
      PIO registers:            0 out of   345 (0%)
   Number of SLICEs:         0 out of  3432 (0%)
      SLICEs as Logic/ROM:      0 out of  3432 (0%)
      SLICEs as RAM:            0 out of  2574 (0%)
      SLICEs as Carry:          0 out of  3432 (0%)
   Number of LUT4s:          0 out of  6864 (0%)
      Number used as logic LUTs:          0
      Number used as distributed RAM:     0
      Number used as ripple logic:        0
      Number used as shift registers:     0
   Number of PIO sites used: 16 + 4(JTAG) out of 115 (17%)
   Number of block RAMs:  0 out of 26 (0%)
   Number of GSRs:  0 out of 1 (0%)
   EFB used :       No
   JTAG used :      No
   Readback used :  No
   Oscillator used :  No
   Startup used :   No
   POR :            On
   Bandgap :        On
   Number of Power Controller:  0 out of 1 (0%)
   Number of Dynamic Bank Controller (BCINRD):  0 out of 6 (0%)
   Number of Dynamic Bank Controller (BCLVDSO):  0 out of 1 (0%)
   Number of DCCA:  0 out of 8 (0%)
   Number of DCMA:  0 out of 2 (0%)
   Number of PLLs:  0 out of 2 (0%)
   Number of DQSDLLs:  0 out of 2 (0%)
   Number of CLKDIVC:  0 out of 4 (0%)
   Number of ECLKSYNCA:  0 out of 4 (0%)
   Number of ECLKBRIDGECS:  0 out of 2 (0%)
   Notes:-
      1. Total number of LUT4s = (Number of logic LUT4s) + 2*(Number of
     distributed RAMs) + 2*(Number of ripple logic)
      2. Number of logic LUT4s does not include count of distributed RAM and
     ripple logic.
   Number of clocks:  0
   Number of Clock Enables:  0
   Number of LSRs:  0

                                    Page 1




Design:  prueba00                                      Date:  08/20/17  18:47:59

Design Summary (cont)
---------------------
   Number of nets driven by tri-state buffers:  0
   Top 10 highest fanout non-clock nets:
     Net Aa_c[0]: 1 loads
     Net Aa_c[1]: 1 loads
     Net Aa_c[2]: 1 loads
     Net Aa_c[3]: 1 loads
     Net Aa_c[4]: 1 loads
     Net Aa_c[5]: 1 loads
     Net Aa_c[6]: 1 loads
     Net Aa_c[7]: 1 loads




   Number of warnings:  3
   Number of errors:    0
     

Design Errors/Warnings
----------------------

WARNING - map: C:/Users/Alejandro/Desktop/5to semestre/Arquitectura de
     Computadoras/prueba/prueba.lpf(3): Semantic error in "LOCATE COMP "Aa" SITE
     "47" ;": COMP "Aa" cannot be found in design. This preference has been
     disabled.
WARNING - map: C:/Users/Alejandro/Desktop/5to semestre/Arquitectura de
     Computadoras/prueba/prueba.lpf(4): Semantic error in "LOCATE COMP "Bb" SITE
     "48" ;": COMP "Bb" cannot be found in design. This preference has been
     disabled.
WARNING - map: C:/Users/Alejandro/Desktop/5to semestre/Arquitectura de
     Computadoras/prueba/prueba.lpf(5): Semantic error in "LOCATE COMP "Yy" SITE
     "121" ;": COMP "Yy" cannot be found in design. This preference has been
     disabled.

IO (PIO) Attributes
-------------------

+---------------------+-----------+-----------+------------+
| IO Name             | Direction | Levelmode | IO         |
|                     |           |  IO_TYPE  | Register   |
+---------------------+-----------+-----------+------------+
| Yy[0]               | OUTPUT    | LVCMOS25  |            |
+---------------------+-----------+-----------+------------+
| Aa[0]               | INPUT     | LVCMOS25  |            |
+---------------------+-----------+-----------+------------+
| Yy[7]               | OUTPUT    | LVCMOS25  |            |
+---------------------+-----------+-----------+------------+
| Yy[6]               | OUTPUT    | LVCMOS25  |            |
+---------------------+-----------+-----------+------------+
| Yy[5]               | OUTPUT    | LVCMOS25  |            |
+---------------------+-----------+-----------+------------+
| Yy[4]               | OUTPUT    | LVCMOS25  |            |
+---------------------+-----------+-----------+------------+
| Yy[3]               | OUTPUT    | LVCMOS25  |            |
+---------------------+-----------+-----------+------------+
| Yy[2]               | OUTPUT    | LVCMOS25  |            |

                                    Page 2




Design:  prueba00                                      Date:  08/20/17  18:47:59

IO (PIO) Attributes (cont)
--------------------------
+---------------------+-----------+-----------+------------+
| Yy[1]               | OUTPUT    | LVCMOS25  |            |
+---------------------+-----------+-----------+------------+
| Aa[7]               | INPUT     | LVCMOS25  |            |
+---------------------+-----------+-----------+------------+
| Aa[6]               | INPUT     | LVCMOS25  |            |
+---------------------+-----------+-----------+------------+
| Aa[5]               | INPUT     | LVCMOS25  |            |
+---------------------+-----------+-----------+------------+
| Aa[4]               | INPUT     | LVCMOS25  |            |
+---------------------+-----------+-----------+------------+
| Aa[3]               | INPUT     | LVCMOS25  |            |
+---------------------+-----------+-----------+------------+
| Aa[2]               | INPUT     | LVCMOS25  |            |
+---------------------+-----------+-----------+------------+
| Aa[1]               | INPUT     | LVCMOS25  |            |
+---------------------+-----------+-----------+------------+

Removed logic
-------------

Block VCC undriven or does not drive anything - clipped.
Block GSR_INST undriven or does not drive anything - clipped.
Block GND undriven or does not drive anything - clipped.
Signal VCC undriven or does not drive anything - clipped.

Memory Usage
------------


     

Run Time and Memory Usage
-------------------------

   Total CPU Time: 0 secs  
   Total REAL Time: 0 secs  
   Peak Memory Usage: 34 MB
        


















                                    Page 3


Copyright (c) 1991-1994 by NeoCAD Inc. All rights reserved.
     Copyright (c) 1995 AT&T Corp.   All rights reserved.
     Copyright (c) 1995-2001 Lucent Technologies Inc.  All rights reserved.
     Copyright (c) 2001 Agere Systems   All rights reserved.
     Copyright (c) 2002-2017 Lattice Semiconductor Corporation,  All rights
     reserved.
