Running in Lattice mode


Starting:    C:\lscc\diamond\3.9_x64\synpbase\bin64\mbin\synbatch.exe
Install:     C:\lscc\diamond\3.9_x64\synpbase
Hostname:    ALEJANDROBE
Date:        Sun Aug 20 18:47:49 2017
Version:     L-2016.09L

Arguments:   -product synplify_pro -batch prueba_prueba_synplify.tcl
ProductType: synplify_pro





Technology initialized from device list to: LATTICE-XP

Copied C:\Users\Alejandro\Desktop\5to semestre\Arquitectura de Computadoras\prueba\prueba\prueba_prueba.srr to C:\Users\Alejandro\Desktop\5to semestre\Arquitectura de Computadoras\prueba\prueba\backup\prueba_prueba.srr

log file: "C:\Users\Alejandro\Desktop\5to semestre\Arquitectura de Computadoras\prueba\prueba\prueba_prueba.srr"

Running: hdl_info_gen in foreground



Generating HDL info...


hdl_info_gen completed
# Sun Aug 20 18:47:51 2017

Return Code: 0
Run Time:00h:00m:02s

Copied C:\Users\Alejandro\Desktop\5to semestre\Arquitectura de Computadoras\prueba\prueba\prueba_prueba.srr to C:\Users\Alejandro\Desktop\5to semestre\Arquitectura de Computadoras\prueba\prueba\prueba_prueba.srf

log file: "C:\Users\Alejandro\Desktop\5to semestre\Arquitectura de Computadoras\prueba\prueba\prueba_prueba.srr"

Running: prueba in foreground



Running proj_1|prueba


Running: compile (Compile) on proj_1|prueba
# Sun Aug 20 18:47:51 2017


Running: compile_flow (Compile Process) on proj_1|prueba
# Sun Aug 20 18:47:51 2017


Running: compiler (Compile Input) on proj_1|prueba
# Sun Aug 20 18:47:51 2017

Copied C:\Users\Alejandro\Desktop\5to semestre\Arquitectura de Computadoras\prueba\prueba\synwork\prueba_prueba_comp.srs to C:\Users\Alejandro\Desktop\5to semestre\Arquitectura de Computadoras\prueba\prueba\prueba_prueba.srs


compiler completed
# Sun Aug 20 18:47:53 2017

Return Code: 0
Run Time:00h:00m:02s


Running: multi_srs_gen (Multi-srs Generator) on proj_1|prueba
# Sun Aug 20 18:47:53 2017


multi_srs_gen completed
# Sun Aug 20 18:47:54 2017

Return Code: 0
Run Time:00h:00m:01s

Copied C:\Users\Alejandro\Desktop\5to semestre\Arquitectura de Computadoras\prueba\prueba\synwork\prueba_prueba_mult.srs to C:\Users\Alejandro\Desktop\5to semestre\Arquitectura de Computadoras\prueba\prueba\prueba_prueba.srs

Copied C:\Users\Alejandro\Desktop\5to semestre\Arquitectura de Computadoras\prueba\prueba\prueba_prueba.srr to C:\Users\Alejandro\Desktop\5to semestre\Arquitectura de Computadoras\prueba\prueba\prueba_prueba.srf

Complete: Compile Process on proj_1|prueba


Running: premap (Pre-mapping) on proj_1|prueba
# Sun Aug 20 18:47:54 2017


premap completed
# Sun Aug 20 18:47:55 2017

Return Code: 0
Run Time:00h:00m:01s

Complete: Compile on proj_1|prueba


Running: map (Map) on proj_1|prueba
# Sun Aug 20 18:47:55 2017

License granted for 4 parallel jobs


Running: fpga_mapper (Map & Optimize) on proj_1|prueba
# Sun Aug 20 18:47:55 2017

Copied C:\Users\Alejandro\Desktop\5to semestre\Arquitectura de Computadoras\prueba\prueba\synwork\prueba_prueba_m.srm to C:\Users\Alejandro\Desktop\5to semestre\Arquitectura de Computadoras\prueba\prueba\prueba_prueba.srm


fpga_mapper completed
# Sun Aug 20 18:47:56 2017

Return Code: 0
Run Time:00h:00m:01s

Complete: Map on proj_1|prueba

Copied C:\Users\Alejandro\Desktop\5to semestre\Arquitectura de Computadoras\prueba\prueba\prueba_prueba.srr to C:\Users\Alejandro\Desktop\5to semestre\Arquitectura de Computadoras\prueba\prueba\prueba_prueba.srf

Complete: Logic Synthesis on proj_1|prueba

TCL script complete: "prueba_prueba_synplify.tcl"

exit status=0

exit status=0

Save changes for project:
C:\Users\Alejandro\Desktop\5to semestre\Arquitectura de Computadoras\prueba\prueba\proj_1.prj

batch mode default:no

