
         Lattice Mapping Report File for Design Module 'compuertas00'


Design Information
------------------

Command line:   map -a MachXO2 -p LCMXO2-7000HE -t TQFP144 -s 5 -oc Commercial
     compuertas00_compuertas00.ngd -o compuertas00_compuertas00_map.ncd -pr
     compuertas00_compuertas00.prf -mp compuertas00_compuertas00.mrp -lpf
     C:/Users/Alejandro/Desktop/5to semestre/Arquitectura de
     Computadoras/Practicas de Entrenamiento/compuertas00/compuertas00/compuerta
     s00_compuertas00_synplify.lpf -lpf C:/Users/Alejandro/Desktop/5to
     semestre/Arquitectura de Computadoras/Practicas de
     Entrenamiento/compuertas00/compuertas00.lpf -c 0 -gui -msgset
     C:/Users/Alejandro/Desktop/5to semestre/Arquitectura de
     Computadoras/Practicas de Entrenamiento/compuertas00/promote.xml 
Target Vendor:  LATTICE
Target Device:  LCMXO2-7000HETQFP144
Target Performance:   5
Mapper:  xo2c00,  version:  Diamond (64-bit) 3.9.0.99.2
Mapped on:  09/14/17  11:21:43

Design Summary
--------------

   Number of registers:      0 out of  7209 (0%)
      PFU registers:            0 out of  6864 (0%)
      PIO registers:            0 out of   345 (0%)
   Number of SLICEs:         8 out of  3432 (0%)
      SLICEs as Logic/ROM:      8 out of  3432 (0%)
      SLICEs as RAM:            0 out of  2574 (0%)
      SLICEs as Carry:          0 out of  3432 (0%)
   Number of LUT4s:         16 out of  6864 (0%)
      Number used as logic LUTs:         16
      Number used as distributed RAM:     0
      Number used as ripple logic:        0
      Number used as shift registers:     0
   Number of PIO sites used: 27 + 4(JTAG) out of 115 (27%)
   Number of block RAMs:  0 out of 26 (0%)
   Number of GSRs:  0 out of 1 (0%)
   EFB used :       No
   JTAG used :      No
   Readback used :  No
   Oscillator used :  No
   Startup used :   No
   POR :            On
   Bandgap :        On
   Number of Power Controller:  0 out of 1 (0%)
   Number of Dynamic Bank Controller (BCINRD):  0 out of 6 (0%)
   Number of Dynamic Bank Controller (BCLVDSO):  0 out of 1 (0%)
   Number of DCCA:  0 out of 8 (0%)
   Number of DCMA:  0 out of 2 (0%)
   Number of PLLs:  0 out of 2 (0%)
   Number of DQSDLLs:  0 out of 2 (0%)
   Number of CLKDIVC:  0 out of 4 (0%)
   Number of ECLKSYNCA:  0 out of 4 (0%)
   Number of ECLKBRIDGECS:  0 out of 2 (0%)
   Notes:-
      1. Total number of LUT4s = (Number of logic LUT4s) + 2*(Number of
     distributed RAMs) + 2*(Number of ripple logic)
      2. Number of logic LUT4s does not include count of distributed RAM and

                                    Page 1




Design:  compuertas00                                  Date:  09/14/17  11:21:43

Design Summary (cont)
---------------------
     ripple logic.
   Number of clocks:  0
   Number of Clock Enables:  0
   Number of LSRs:  0
   Number of nets driven by tri-state buffers:  0
   Top 10 highest fanout non-clock nets:
     Net Selc_c[1]: 16 loads
     Net Selc_c[2]: 16 loads
     Net Selc_c[0]: 8 loads
     Net Ac_c[0]: 2 loads
     Net Ac_c[2]: 2 loads
     Net Bc_c[2]: 2 loads
     Net Bc_c[4]: 2 loads
     Net Bc_c[5]: 2 loads
     Net Bc_c[6]: 2 loads
     Net Bc_c[7]: 2 loads




   Number of warnings:  0
   Number of errors:    0
     

Design Errors/Warnings
----------------------

   No errors or warnings present.

IO (PIO) Attributes
-------------------

+---------------------+-----------+-----------+------------+
| IO Name             | Direction | Levelmode | IO         |
|                     |           |  IO_TYPE  | Register   |
+---------------------+-----------+-----------+------------+
| Sc[0]               | OUTPUT    | LVCMOS25  |            |
+---------------------+-----------+-----------+------------+
| Ac[0]               | INPUT     | LVCMOS25  |            |
+---------------------+-----------+-----------+------------+
| Sc[7]               | OUTPUT    | LVCMOS25  |            |
+---------------------+-----------+-----------+------------+
| Sc[6]               | OUTPUT    | LVCMOS25  |            |
+---------------------+-----------+-----------+------------+
| Sc[5]               | OUTPUT    | LVCMOS25  |            |
+---------------------+-----------+-----------+------------+
| Sc[4]               | OUTPUT    | LVCMOS25  |            |
+---------------------+-----------+-----------+------------+
| Sc[3]               | OUTPUT    | LVCMOS25  |            |
+---------------------+-----------+-----------+------------+
| Sc[2]               | OUTPUT    | LVCMOS25  |            |
+---------------------+-----------+-----------+------------+
| Sc[1]               | OUTPUT    | LVCMOS25  |            |
+---------------------+-----------+-----------+------------+
| Selc[2]             | INPUT     | LVCMOS25  |            |
+---------------------+-----------+-----------+------------+

                                    Page 2




Design:  compuertas00                                  Date:  09/14/17  11:21:43

IO (PIO) Attributes (cont)
--------------------------
| Selc[1]             | INPUT     | LVCMOS25  |            |
+---------------------+-----------+-----------+------------+
| Selc[0]             | INPUT     | LVCMOS25  |            |
+---------------------+-----------+-----------+------------+
| Bc[7]               | INPUT     | LVCMOS25  |            |
+---------------------+-----------+-----------+------------+
| Bc[6]               | INPUT     | LVCMOS25  |            |
+---------------------+-----------+-----------+------------+
| Bc[5]               | INPUT     | LVCMOS25  |            |
+---------------------+-----------+-----------+------------+
| Bc[4]               | INPUT     | LVCMOS25  |            |
+---------------------+-----------+-----------+------------+
| Bc[3]               | INPUT     | LVCMOS25  |            |
+---------------------+-----------+-----------+------------+
| Bc[2]               | INPUT     | LVCMOS25  |            |
+---------------------+-----------+-----------+------------+
| Bc[1]               | INPUT     | LVCMOS25  |            |
+---------------------+-----------+-----------+------------+
| Bc[0]               | INPUT     | LVCMOS25  |            |
+---------------------+-----------+-----------+------------+
| Ac[7]               | INPUT     | LVCMOS25  |            |
+---------------------+-----------+-----------+------------+
| Ac[6]               | INPUT     | LVCMOS25  |            |
+---------------------+-----------+-----------+------------+
| Ac[5]               | INPUT     | LVCMOS25  |            |
+---------------------+-----------+-----------+------------+
| Ac[4]               | INPUT     | LVCMOS25  |            |
+---------------------+-----------+-----------+------------+
| Ac[3]               | INPUT     | LVCMOS25  |            |
+---------------------+-----------+-----------+------------+
| Ac[2]               | INPUT     | LVCMOS25  |            |
+---------------------+-----------+-----------+------------+
| Ac[1]               | INPUT     | LVCMOS25  |            |
+---------------------+-----------+-----------+------------+

Removed logic
-------------

Block VCC undriven or does not drive anything - clipped.
Block GSR_INST undriven or does not drive anything - clipped.
Block GND undriven or does not drive anything - clipped.
Signal VCC undriven or does not drive anything - clipped.

Memory Usage
------------


     

Run Time and Memory Usage
-------------------------

   Total CPU Time: 0 secs  
   Total REAL Time: 0 secs  
   Peak Memory Usage: 57 MB
        

                                    Page 3


Copyright (c) 1991-1994 by NeoCAD Inc. All rights reserved.
     Copyright (c) 1995 AT&T Corp.   All rights reserved.
     Copyright (c) 1995-2001 Lucent Technologies Inc.  All rights reserved.
     Copyright (c) 2001 Agere Systems   All rights reserved.
     Copyright (c) 2002-2017 Lattice Semiconductor Corporation,  All rights
     reserved.
