Running in Lattice mode


Starting:    C:\lscc\diamond\3.9_x64\synpbase\bin64\mbin\synbatch.exe
Install:     C:\lscc\diamond\3.9_x64\synpbase
Hostname:    ALEJANDROBE
Date:        Tue Aug 22 20:00:56 2017
Version:     L-2016.09L

Arguments:   -product synplify_pro -batch compuertas00_compuertas00_synplify.tcl
ProductType: synplify_pro





Technology initialized from device list to: LATTICE-XP

log file: "C:\Users\Alejandro\Desktop\5to semestre\Arquitectura de Computadoras\compuertas00\compuertas00\compuertas00_compuertas00.srr"

Running: hdl_info_gen in foreground



Generating HDL info...


hdl_info_gen completed
# Tue Aug 22 20:00:57 2017

Return Code: 0
Run Time:00h:00m:01s

Copied C:\Users\Alejandro\Desktop\5to semestre\Arquitectura de Computadoras\compuertas00\compuertas00\compuertas00_compuertas00.srr to C:\Users\Alejandro\Desktop\5to semestre\Arquitectura de Computadoras\compuertas00\compuertas00\compuertas00_compuertas00.srf

log file: "C:\Users\Alejandro\Desktop\5to semestre\Arquitectura de Computadoras\compuertas00\compuertas00\compuertas00_compuertas00.srr"

Running: compuertas00 in foreground



Running proj_1|compuertas00


Running: compile (Compile) on proj_1|compuertas00
# Tue Aug 22 20:00:57 2017


Running: compile_flow (Compile Process) on proj_1|compuertas00
# Tue Aug 22 20:00:57 2017


Running: compiler (Compile Input) on proj_1|compuertas00
# Tue Aug 22 20:00:57 2017

Copied C:\Users\Alejandro\Desktop\5to semestre\Arquitectura de Computadoras\compuertas00\compuertas00\synwork\compuertas00_compuertas00_comp.srs to C:\Users\Alejandro\Desktop\5to semestre\Arquitectura de Computadoras\compuertas00\compuertas00\compuertas00_compuertas00.srs


compiler completed
# Tue Aug 22 20:00:58 2017

Return Code: 0
Run Time:00h:00m:01s


Running: multi_srs_gen (Multi-srs Generator) on proj_1|compuertas00
# Tue Aug 22 20:00:58 2017


multi_srs_gen completed
# Tue Aug 22 20:00:59 2017

Return Code: 0
Run Time:00h:00m:01s

Copied C:\Users\Alejandro\Desktop\5to semestre\Arquitectura de Computadoras\compuertas00\compuertas00\synwork\compuertas00_compuertas00_mult.srs to C:\Users\Alejandro\Desktop\5to semestre\Arquitectura de Computadoras\compuertas00\compuertas00\compuertas00_compuertas00.srs

Copied C:\Users\Alejandro\Desktop\5to semestre\Arquitectura de Computadoras\compuertas00\compuertas00\compuertas00_compuertas00.srr to C:\Users\Alejandro\Desktop\5to semestre\Arquitectura de Computadoras\compuertas00\compuertas00\compuertas00_compuertas00.srf

Complete: Compile Process on proj_1|compuertas00


Running: premap (Pre-mapping) on proj_1|compuertas00
# Tue Aug 22 20:00:59 2017


premap completed
# Tue Aug 22 20:01:00 2017

Return Code: 0
Run Time:00h:00m:01s

Complete: Compile on proj_1|compuertas00


Running: map (Map) on proj_1|compuertas00
# Tue Aug 22 20:01:00 2017

License granted for 4 parallel jobs


Running: fpga_mapper (Map & Optimize) on proj_1|compuertas00
# Tue Aug 22 20:01:00 2017

Copied C:\Users\Alejandro\Desktop\5to semestre\Arquitectura de Computadoras\compuertas00\compuertas00\synwork\compuertas00_compuertas00_m.srm to C:\Users\Alejandro\Desktop\5to semestre\Arquitectura de Computadoras\compuertas00\compuertas00\compuertas00_compuertas00.srm


fpga_mapper completed
# Tue Aug 22 20:01:02 2017

Return Code: 0
Run Time:00h:00m:02s

Complete: Map on proj_1|compuertas00

Copied C:\Users\Alejandro\Desktop\5to semestre\Arquitectura de Computadoras\compuertas00\compuertas00\compuertas00_compuertas00.srr to C:\Users\Alejandro\Desktop\5to semestre\Arquitectura de Computadoras\compuertas00\compuertas00\compuertas00_compuertas00.srf

Complete: Logic Synthesis on proj_1|compuertas00

TCL script complete: "compuertas00_compuertas00_synplify.tcl"

exit status=0

exit status=0

Save changes for project:
C:\Users\Alejandro\Desktop\5to semestre\Arquitectura de Computadoras\compuertas00\compuertas00\proj_1.prj

batch mode default:no

